#
# A fatal error has been detected by the Java Runtime Environment:
#
#  EXCEPTION_ACCESS_VIOLATION (0xc0000005) at pc=0x000001cc7411fe97, pid=14392, tid=17392
#
# JRE version: OpenJDK Runtime Environment AdoptOpenJDK (11.0.10+9) (build 11.0.10+9)
# Java VM: OpenJDK 64-Bit Server VM AdoptOpenJDK (11.0.10+9, mixed mode, tiered, compressed oops, g1 gc, windows-amd64)
# Problematic frame:
# J 1165 c2 org.jire.leagueofjire.ObjectReader.read(Lorg/jire/kna/attach/AttachedProcess;J)V (396 bytes) @ 0x000001cc7411fe97 [0x000001cc7411f920+0x0000000000000577]
#
# No core dump will be written. Minidumps are not enabled by default on client versions of Windows
#
# If you would like to submit a bug report, please visit:
#   https://github.com/AdoptOpenJDK/openjdk-support/issues
#

---------------  S U M M A R Y ------------

Command Line: -javaagent:C:\Program Files\JetBrains\IntelliJ IDEA 2021.2\lib\idea_rt.jar=1040:C:\Program Files\JetBrains\IntelliJ IDEA 2021.2\bin -Dfile.encoding=UTF-8 org.jire.leagueofjire.LeagueOfJire

Host: Intel(R) Core(TM) i7-6700K CPU @ 4.00GHz, 8 cores, 31G,  Windows 10 , 64 bit Build 19041 (10.0.19041.1151)
Time: Sat Aug 21 04:47:06 2021 Eastern Daylight Time elapsed time: 59.263100 seconds (0d 0h 0m 59s)

---------------  T H R E A D  ---------------

Current thread (0x000001cc62717000):  JavaThread "main" [_thread_in_Java, id=17392, stack(0x000000285af00000,0x000000285b000000)]

Stack: [0x000000285af00000,0x000000285b000000],  sp=0x000000285afff230,  free space=1020k
Native frames: (J=compiled Java code, j=interpreted, Vv=VM code, C=native code)
C  0x000001cc7411fe97


siginfo: EXCEPTION_ACCESS_VIOLATION (0xc0000005), reading address 0xffffffffffffffff


Register to memory mapping:

RIP=0x000001cc7411fe97 is at entry_point+1399 in (nmethod*)0x000001cc7411f610
RAX=0xffffffffffffffff is an unknown value
RBX=0xffffffffffffffff is an unknown value
RCX=0x000001cc7fb5c2a0 points into unknown readable memory: 0x000000061f40b878 | 78 b8 40 1f 06 00 00 00
RDX=0x000000000000012b is an unknown value
RSP=0x000000285afff230 is pointing into the stack for thread: 0x000001cc62717000
RBP=0x0000000000000201 is an unknown value
RSI=0x0 is NULL
RDI=0x0000000000000030 is an unknown value
R8 =0x000000000000000c is an unknown value
R9 =0xffffffffffffffff is an unknown value
R10=0xffffffffffffffff is an unknown value
R11=0x0000000000000246 is an unknown value
R12=0x0 is NULL
R13=3286910805 is a compressed pointer to object: java.lang.ThreadLocal$SuppliedThreadLocal 
{0x000000061f523aa8} - klass: 'java/lang/ThreadLocal$SuppliedThreadLocal'
R14=0x000000285afff148 is pointing into the stack for thread: 0x000001cc62717000
R15=0x000001cc62717000 is a thread


Registers:
RAX=0xffffffffffffffff, RBX=0xffffffffffffffff, RCX=0x000001cc7fb5c2a0, RDX=0x000000000000012b
RSP=0x000000285afff230, RBP=0x0000000000000201, RSI=0x0000000000000000, RDI=0x0000000000000030
R8 =0x000000000000000c, R9 =0xffffffffffffffff, R10=0xffffffffffffffff, R11=0x0000000000000246
R12=0x0000000000000000, R13=0x00000000c3ea4755, R14=0x000000285afff148, R15=0x000001cc62717000
RIP=0x000001cc7411fe97, EFLAGS=0x0000000000010206

Top of Stack: (sp=0x000000285afff230)
0x000000285afff230:   000001cc7fef3010 000000285aff0100
0x000000285afff240:   0000000000000000 000001cc62717000
0x000000285afff250:   000000cb00000200 000000061f4011c8
0x000000285afff260:   ffffffd400000000 00000006185970e8
0x000000285afff270:   00000010000000a3 00000006185999c8
0x000000285afff280:   000000061859ad00 000000006f72506c
0x000000285afff290:   0000000a000000cf 000000061859ad00
0x000000285afff2a0:   000000061859ad00 00000020000001ff
0x000000285afff2b0:   c30b333900000180 00000001000000d0
0x000000285afff2c0:   c30b35a000000010 000000d00000000b
0x000000285afff2d0:   000001cd79a8d5f0 000001cc00000000
0x000000285afff2e0:   ffffffffffffffff 000001cc6cd2da34
0x000000285afff2f0:   ffffffffffffffff 000001cc11fdad50
0x000000285afff300:   000000285afff380 000001cc6c5da127
0x000000285afff310:   000001cc6c5da127 00000000006b0000
0x000000285afff320:   0000000000000000 000000061f4011c8 

Instructions: (pc=0x000001cc7411fe97)
0x000001cc7411fd97:   44 89 84 24 80 00 00 00 44 8b 54 24 50 44 89 54
0x000001cc7411fda7:   24 20 44 8b 5c 24 54 44 89 5c 24 78 e9 9b 00 00
0x000001cc7411fdb7:   00 4d 8b 97 08 01 00 00 41 85 02 44 8b 94 24 8c
0x000001cc7411fdc7:   00 00 00 44 8b 44 24 60 44 89 84 24 88 00 00 00
0x000001cc7411fdd7:   8b 74 24 40 44 8b 9c 24 9c 00 00 00 41 81 fb f4
0x000001cc7411fde7:   01 00 00 0f 8d c4 18 00 00 44 8b 9c 24 88 00 00
0x000001cc7411fdf7:   00 44 2b 9c 24 9c 00 00 00 44 89 5c 24 30 2b b4
0x000001cc7411fe07:   24 9c 00 00 00 89 74 24 34 e9 40 02 00 00 45 8b
0x000001cc7411fe17:   d3 44 3b d5 0f 83 bb 18 00 00 4c 8b 5c 24 48 4c
0x000001cc7411fe27:   8b 44 24 58 4f 89 44 d3 10 44 8b 5c 24 60 41 ff
0x000001cc7411fe37:   c3 44 89 9c 24 88 00 00 00 44 8b 54 24 60 44 3b
0x000001cc7411fe47:   94 24 80 00 00 00 0f 8d c5 06 00 00 48 8b 54 24
0x000001cc7411fe57:   28 4c 8b 44 24 58 41 b9 30 00 00 00 90 c5 f8 77
0x000001cc7411fe67:   e8 14 b9 fe ff 44 8b 84 24 98 00 00 00 41 ff c0
0x000001cc7411fe77:   44 8b 94 24 94 00 00 00 47 8b 54 d4 0c 44 89 54
0x000001cc7411fe87:   24 44 48 89 84 24 b0 00 00 00 48 8b d8 4c 8b d0
0x000001cc7411fe97:   4d 63 0a 4c 8b d0 4d 63 52 04 4c 89 54 24 50 4c
0x000001cc7411fea7:   8b d0 4d 63 52 08 4c 89 54 24 58 44 8b 9c 24 98
0x000001cc7411feb7:   00 00 00 44 3b 5c 24 44 0f 83 4f 18 00 00 44 3b
0x000001cc7411fec7:   84 24 90 00 00 00 0f 84 37 09 00 00 4c 8b 5c 24
0x000001cc7411fed7:   68 44 8b 94 24 98 00 00 00 4f 89 4c d3 10 44 3b
0x000001cc7411fee7:   84 24 8c 00 00 00 0f 84 1f 09 00 00 45 8b d8 41
0x000001cc7411fef7:   ff c3 44 89 9c 24 98 00 00 00 44 3b 44 24 44 0f
0x000001cc7411ff07:   83 60 18 00 00 44 3b 9c 24 90 00 00 00 0f 84 17
0x000001cc7411ff17:   0e 00 00 4c 8b 54 24 68 4c 8b 5c 24 50 4f 89 5c
0x000001cc7411ff27:   c2 10 44 8b 9c 24 94 00 00 00 4f 8d 14 dc 4c 89
0x000001cc7411ff37:   54 24 70 44 8b 94 24 98 00 00 00 44 3b 94 24 8c
0x000001cc7411ff47:   00 00 00 0f 84 49 0b 00 00 4c 8b 54 24 70 45 8b
0x000001cc7411ff57:   52 0c 44 89 54 24 44 44 8b 94 24 98 00 00 00 41
0x000001cc7411ff67:   ff c2 44 8b 84 24 98 00 00 00 44 3b 44 24 44 0f
0x000001cc7411ff77:   83 40 18 00 00 44 3b 94 24 90 00 00 00 0f 84 35
0x000001cc7411ff87:   10 00 00 45 8b ca 4c 8b 54 24 70 44 8b 9c 24 98 


Stack slot to memory mapping:
stack at sp + 0 slots: 0x000001cc7fef3010 points into unknown readable memory: 0x76616a5f0000000b | 0b 00 00 00 5f 6a 61 76
stack at sp + 1 slots: 0x000000285aff0100 is pointing into the stack for thread: 0x000001cc62717000
stack at sp + 2 slots: 0x0 is NULL
stack at sp + 3 slots: 0x000001cc62717000 is a thread
stack at sp + 4 slots: 0x000000cb00000200 is an unknown value
stack at sp + 5 slots: 0x000000061f4011c8 is an oop: org.jire.kna.attach.windows.WindowsAttachedProcess 
{0x000000061f4011c8} - klass: 'org/jire/kna/attach/windows/WindowsAttachedProcess'
stack at sp + 6 slots: 0xffffffd400000000 is an unknown value
stack at sp + 7 slots: 0x00000006185970e8 is an oop: [J 
{0x00000006185970e8} - klass: {type array long}
 - length: 203



---------------  P R O C E S S  ---------------

Threads class SMR info:
_java_thread_list=0x000001cc7fef3010, length=11, elements={
0x000001cc62717000, 0x000001cc7fceb800, 0x000001cc7fd15800, 0x000001cc7fd65800,
0x000001cc7fd66800, 0x000001cc7fd69000, 0x000001cc7fd74000, 0x000001cc7fd7a800,
0x000001cc7fd83800, 0x000001cc7fef5000, 0x000001cc12a34800
}

Java Threads: ( => current thread )
=>0x000001cc62717000 JavaThread "main" [_thread_in_Java, id=17392, stack(0x000000285af00000,0x000000285b000000)]
  0x000001cc7fceb800 JavaThread "Reference Handler" daemon [_thread_blocked, id=16704, stack(0x000000285b600000,0x000000285b700000)]
  0x000001cc7fd15800 JavaThread "Finalizer" daemon [_thread_blocked, id=13980, stack(0x000000285b700000,0x000000285b800000)]
  0x000001cc7fd65800 JavaThread "Signal Dispatcher" daemon [_thread_blocked, id=4548, stack(0x000000285b800000,0x000000285b900000)]
  0x000001cc7fd66800 JavaThread "Attach Listener" daemon [_thread_blocked, id=16708, stack(0x000000285b900000,0x000000285ba00000)]
  0x000001cc7fd69000 JavaThread "Service Thread" daemon [_thread_blocked, id=5380, stack(0x000000285ba00000,0x000000285bb00000)]
  0x000001cc7fd74000 JavaThread "C2 CompilerThread0" daemon [_thread_blocked, id=14752, stack(0x000000285bb00000,0x000000285bc00000)]
  0x000001cc7fd7a800 JavaThread "C1 CompilerThread0" daemon [_thread_blocked, id=10920, stack(0x000000285bc00000,0x000000285bd00000)]
  0x000001cc7fd83800 JavaThread "Sweeper thread" daemon [_thread_blocked, id=7656, stack(0x000000285bd00000,0x000000285be00000)]
  0x000001cc7fef5000 JavaThread "Common-Cleaner" daemon [_thread_blocked, id=11284, stack(0x000000285be00000,0x000000285bf00000)]
  0x000001cc12a34800 JavaThread "Monitor Ctrl-Break" daemon [_thread_in_native, id=13132, stack(0x000000285c000000,0x000000285c100000)]

Other Threads:
  0x000001cc7fceb000 VMThread "VM Thread" [stack: 0x000000285b500000,0x000000285b600000] [id=10208]
  0x000001cc12a36000 WatcherThread [stack: 0x000000285c100000,0x000000285c200000] [id=15176]
  0x000001cc62730000 GCTaskThread "GC Thread#0" [stack: 0x000000285b000000,0x000000285b100000] [id=16880]
  0x000001cc1597c000 GCTaskThread "GC Thread#1" [stack: 0x000000285bf00000,0x000000285c000000] [id=9124]
  0x000001cc1597d000 GCTaskThread "GC Thread#2" [stack: 0x000000285c200000,0x000000285c300000] [id=15936]
  0x000001cc16860800 GCTaskThread "GC Thread#3" [stack: 0x000000285c300000,0x000000285c400000] [id=8532]
  0x000001cc16861000 GCTaskThread "GC Thread#4" [stack: 0x000000285c400000,0x000000285c500000] [id=10244]
  0x000001cc16861800 GCTaskThread "GC Thread#5" [stack: 0x000000285c500000,0x000000285c600000] [id=8804]
  0x000001cc16862800 GCTaskThread "GC Thread#6" [stack: 0x000000285c600000,0x000000285c700000] [id=17040]
  0x000001cc16863000 GCTaskThread "GC Thread#7" [stack: 0x000000285c700000,0x000000285c800000] [id=11900]
  0x000001cc627b3000 ConcurrentGCThread "G1 Main Marker" [stack: 0x000000285b100000,0x000000285b200000] [id=16736]
  0x000001cc627b5000 ConcurrentGCThread "G1 Conc#0" [stack: 0x000000285b200000,0x000000285b300000] [id=16996]
  0x000001cc7fb50000 ConcurrentGCThread "G1 Refine#0" [stack: 0x000000285b300000,0x000000285b400000] [id=3656]
  0x000001cc7fb52000 ConcurrentGCThread "G1 Young RemSet Sampling" [stack: 0x000000285b400000,0x000000285b500000] [id=4084]

Threads with active compile tasks:

VM state:not at safepoint (normal execution)

VM Mutex/Monitor currently owned by a thread: None

Heap address: 0x0000000600e00000, size: 8178 MB, Compressed Oops mode: Zero based, Oop shift amount: 3
Narrow klass base: 0x0000000800000000, Narrow klass shift: 0
Compressed class space size: 1073741824 Address: 0x0000000800000000

Heap:
 garbage-first heap   total 524288K, used 139571K [0x0000000600e00000, 0x0000000800000000)
  region size 2048K, 69 young (141312K), 2 survivors (4096K)
 Metaspace       used 13053K, capacity 13277K, committed 13440K, reserved 1060864K
  class space    used 1305K, capacity 1364K, committed 1408K, reserved 1048576K
Heap Regions: E=young(eden), S=young(survivor), O=old, HS=humongous(starts), HC=humongous(continues), CS=collection set, F=free, A=archive, TAMS=top-at-mark-start (previous, next)
|   0|0x0000000600e00000, 0x0000000600e4cc00, 0x0000000601000000| 14%| O|  |TAMS 0x0000000600e00000, 0x0000000600e00000| Untracked 
|   1|0x0000000601000000, 0x0000000601000000, 0x0000000601200000|  0%| F|  |TAMS 0x0000000601000000, 0x0000000601000000| Untracked 
|   2|0x0000000601200000, 0x0000000601200000, 0x0000000601400000|  0%| F|  |TAMS 0x0000000601200000, 0x0000000601200000| Untracked 
|   3|0x0000000601400000, 0x0000000601400000, 0x0000000601600000|  0%| F|  |TAMS 0x0000000601400000, 0x0000000601400000| Untracked 
|   4|0x0000000601600000, 0x0000000601600000, 0x0000000601800000|  0%| F|  |TAMS 0x0000000601600000, 0x0000000601600000| Untracked 
|   5|0x0000000601800000, 0x0000000601800000, 0x0000000601a00000|  0%| F|  |TAMS 0x0000000601800000, 0x0000000601800000| Untracked 
|   6|0x0000000601a00000, 0x0000000601a00000, 0x0000000601c00000|  0%| F|  |TAMS 0x0000000601a00000, 0x0000000601a00000| Untracked 
|   7|0x0000000601c00000, 0x0000000601c00000, 0x0000000601e00000|  0%| F|  |TAMS 0x0000000601c00000, 0x0000000601c00000| Untracked 
|   8|0x0000000601e00000, 0x0000000601e00000, 0x0000000602000000|  0%| F|  |TAMS 0x0000000601e00000, 0x0000000601e00000| Untracked 
|   9|0x0000000602000000, 0x0000000602000000, 0x0000000602200000|  0%| F|  |TAMS 0x0000000602000000, 0x0000000602000000| Untracked 
|  10|0x0000000602200000, 0x0000000602200000, 0x0000000602400000|  0%| F|  |TAMS 0x0000000602200000, 0x0000000602200000| Untracked 
|  11|0x0000000602400000, 0x0000000602400000, 0x0000000602600000|  0%| F|  |TAMS 0x0000000602400000, 0x0000000602400000| Untracked 
|  12|0x0000000602600000, 0x0000000602600000, 0x0000000602800000|  0%| F|  |TAMS 0x0000000602600000, 0x0000000602600000| Untracked 
|  13|0x0000000602800000, 0x0000000602800000, 0x0000000602a00000|  0%| F|  |TAMS 0x0000000602800000, 0x0000000602800000| Untracked 
|  14|0x0000000602a00000, 0x0000000602a00000, 0x0000000602c00000|  0%| F|  |TAMS 0x0000000602a00000, 0x0000000602a00000| Untracked 
|  15|0x0000000602c00000, 0x0000000602c00000, 0x0000000602e00000|  0%| F|  |TAMS 0x0000000602c00000, 0x0000000602c00000| Untracked 
|  16|0x0000000602e00000, 0x0000000602e00000, 0x0000000603000000|  0%| F|  |TAMS 0x0000000602e00000, 0x0000000602e00000| Untracked 
|  17|0x0000000603000000, 0x0000000603000000, 0x0000000603200000|  0%| F|  |TAMS 0x0000000603000000, 0x0000000603000000| Untracked 
|  18|0x0000000603200000, 0x0000000603200000, 0x0000000603400000|  0%| F|  |TAMS 0x0000000603200000, 0x0000000603200000| Untracked 
|  19|0x0000000603400000, 0x0000000603400000, 0x0000000603600000|  0%| F|  |TAMS 0x0000000603400000, 0x0000000603400000| Untracked 
|  20|0x0000000603600000, 0x0000000603600000, 0x0000000603800000|  0%| F|  |TAMS 0x0000000603600000, 0x0000000603600000| Untracked 
|  21|0x0000000603800000, 0x0000000603800000, 0x0000000603a00000|  0%| F|  |TAMS 0x0000000603800000, 0x0000000603800000| Untracked 
|  22|0x0000000603a00000, 0x0000000603a00000, 0x0000000603c00000|  0%| F|  |TAMS 0x0000000603a00000, 0x0000000603a00000| Untracked 
|  23|0x0000000603c00000, 0x0000000603c00000, 0x0000000603e00000|  0%| F|  |TAMS 0x0000000603c00000, 0x0000000603c00000| Untracked 
|  24|0x0000000603e00000, 0x0000000603e00000, 0x0000000604000000|  0%| F|  |TAMS 0x0000000603e00000, 0x0000000603e00000| Untracked 
|  25|0x0000000604000000, 0x0000000604000000, 0x0000000604200000|  0%| F|  |TAMS 0x0000000604000000, 0x0000000604000000| Untracked 
|  26|0x0000000604200000, 0x0000000604200000, 0x0000000604400000|  0%| F|  |TAMS 0x0000000604200000, 0x0000000604200000| Untracked 
|  27|0x0000000604400000, 0x0000000604400000, 0x0000000604600000|  0%| F|  |TAMS 0x0000000604400000, 0x0000000604400000| Untracked 
|  28|0x0000000604600000, 0x0000000604600000, 0x0000000604800000|  0%| F|  |TAMS 0x0000000604600000, 0x0000000604600000| Untracked 
|  29|0x0000000604800000, 0x0000000604800000, 0x0000000604a00000|  0%| F|  |TAMS 0x0000000604800000, 0x0000000604800000| Untracked 
|  30|0x0000000604a00000, 0x0000000604a00000, 0x0000000604c00000|  0%| F|  |TAMS 0x0000000604a00000, 0x0000000604a00000| Untracked 
|  31|0x0000000604c00000, 0x0000000604c00000, 0x0000000604e00000|  0%| F|  |TAMS 0x0000000604c00000, 0x0000000604c00000| Untracked 
|  32|0x0000000604e00000, 0x0000000604e00000, 0x0000000605000000|  0%| F|  |TAMS 0x0000000604e00000, 0x0000000604e00000| Untracked 
|  33|0x0000000605000000, 0x0000000605000000, 0x0000000605200000|  0%| F|  |TAMS 0x0000000605000000, 0x0000000605000000| Untracked 
|  34|0x0000000605200000, 0x0000000605200000, 0x0000000605400000|  0%| F|  |TAMS 0x0000000605200000, 0x0000000605200000| Untracked 
|  35|0x0000000605400000, 0x0000000605400000, 0x0000000605600000|  0%| F|  |TAMS 0x0000000605400000, 0x0000000605400000| Untracked 
|  36|0x0000000605600000, 0x0000000605600000, 0x0000000605800000|  0%| F|  |TAMS 0x0000000605600000, 0x0000000605600000| Untracked 
|  37|0x0000000605800000, 0x0000000605800000, 0x0000000605a00000|  0%| F|  |TAMS 0x0000000605800000, 0x0000000605800000| Untracked 
|  38|0x0000000605a00000, 0x0000000605a00000, 0x0000000605c00000|  0%| F|  |TAMS 0x0000000605a00000, 0x0000000605a00000| Untracked 
|  39|0x0000000605c00000, 0x0000000605c00000, 0x0000000605e00000|  0%| F|  |TAMS 0x0000000605c00000, 0x0000000605c00000| Untracked 
|  40|0x0000000605e00000, 0x0000000605e00000, 0x0000000606000000|  0%| F|  |TAMS 0x0000000605e00000, 0x0000000605e00000| Untracked 
|  41|0x0000000606000000, 0x0000000606000000, 0x0000000606200000|  0%| F|  |TAMS 0x0000000606000000, 0x0000000606000000| Untracked 
|  42|0x0000000606200000, 0x0000000606200000, 0x0000000606400000|  0%| F|  |TAMS 0x0000000606200000, 0x0000000606200000| Untracked 
|  43|0x0000000606400000, 0x0000000606400000, 0x0000000606600000|  0%| F|  |TAMS 0x0000000606400000, 0x0000000606400000| Untracked 
|  44|0x0000000606600000, 0x0000000606600000, 0x0000000606800000|  0%| F|  |TAMS 0x0000000606600000, 0x0000000606600000| Untracked 
|  45|0x0000000606800000, 0x0000000606800000, 0x0000000606a00000|  0%| F|  |TAMS 0x0000000606800000, 0x0000000606800000| Untracked 
|  46|0x0000000606a00000, 0x0000000606a00000, 0x0000000606c00000|  0%| F|  |TAMS 0x0000000606a00000, 0x0000000606a00000| Untracked 
|  47|0x0000000606c00000, 0x0000000606c00000, 0x0000000606e00000|  0%| F|  |TAMS 0x0000000606c00000, 0x0000000606c00000| Untracked 
|  48|0x0000000606e00000, 0x0000000606e00000, 0x0000000607000000|  0%| F|  |TAMS 0x0000000606e00000, 0x0000000606e00000| Untracked 
|  49|0x0000000607000000, 0x0000000607000000, 0x0000000607200000|  0%| F|  |TAMS 0x0000000607000000, 0x0000000607000000| Untracked 
|  50|0x0000000607200000, 0x0000000607200000, 0x0000000607400000|  0%| F|  |TAMS 0x0000000607200000, 0x0000000607200000| Untracked 
|  51|0x0000000607400000, 0x0000000607400000, 0x0000000607600000|  0%| F|  |TAMS 0x0000000607400000, 0x0000000607400000| Untracked 
|  52|0x0000000607600000, 0x0000000607600000, 0x0000000607800000|  0%| F|  |TAMS 0x0000000607600000, 0x0000000607600000| Untracked 
|  53|0x0000000607800000, 0x0000000607800000, 0x0000000607a00000|  0%| F|  |TAMS 0x0000000607800000, 0x0000000607800000| Untracked 
|  54|0x0000000607a00000, 0x0000000607a00000, 0x0000000607c00000|  0%| F|  |TAMS 0x0000000607a00000, 0x0000000607a00000| Untracked 
|  55|0x0000000607c00000, 0x0000000607c00000, 0x0000000607e00000|  0%| F|  |TAMS 0x0000000607c00000, 0x0000000607c00000| Untracked 
|  56|0x0000000607e00000, 0x0000000607e00000, 0x0000000608000000|  0%| F|  |TAMS 0x0000000607e00000, 0x0000000607e00000| Untracked 
|  57|0x0000000608000000, 0x0000000608000000, 0x0000000608200000|  0%| F|  |TAMS 0x0000000608000000, 0x0000000608000000| Untracked 
|  58|0x0000000608200000, 0x0000000608200000, 0x0000000608400000|  0%| F|  |TAMS 0x0000000608200000, 0x0000000608200000| Untracked 
|  59|0x0000000608400000, 0x0000000608400000, 0x0000000608600000|  0%| F|  |TAMS 0x0000000608400000, 0x0000000608400000| Untracked 
|  60|0x0000000608600000, 0x0000000608600000, 0x0000000608800000|  0%| F|  |TAMS 0x0000000608600000, 0x0000000608600000| Untracked 
|  61|0x0000000608800000, 0x0000000608800000, 0x0000000608a00000|  0%| F|  |TAMS 0x0000000608800000, 0x0000000608800000| Untracked 
|  62|0x0000000608a00000, 0x0000000608a00000, 0x0000000608c00000|  0%| F|  |TAMS 0x0000000608a00000, 0x0000000608a00000| Untracked 
|  63|0x0000000608c00000, 0x0000000608c00000, 0x0000000608e00000|  0%| F|  |TAMS 0x0000000608c00000, 0x0000000608c00000| Untracked 
|  64|0x0000000608e00000, 0x0000000608e00000, 0x0000000609000000|  0%| F|  |TAMS 0x0000000608e00000, 0x0000000608e00000| Untracked 
|  65|0x0000000609000000, 0x0000000609000000, 0x0000000609200000|  0%| F|  |TAMS 0x0000000609000000, 0x0000000609000000| Untracked 
|  66|0x0000000609200000, 0x0000000609200000, 0x0000000609400000|  0%| F|  |TAMS 0x0000000609200000, 0x0000000609200000| Untracked 
|  67|0x0000000609400000, 0x0000000609400000, 0x0000000609600000|  0%| F|  |TAMS 0x0000000609400000, 0x0000000609400000| Untracked 
|  68|0x0000000609600000, 0x0000000609600000, 0x0000000609800000|  0%| F|  |TAMS 0x0000000609600000, 0x0000000609600000| Untracked 
|  69|0x0000000609800000, 0x0000000609800000, 0x0000000609a00000|  0%| F|  |TAMS 0x0000000609800000, 0x0000000609800000| Untracked 
|  70|0x0000000609a00000, 0x0000000609a00000, 0x0000000609c00000|  0%| F|  |TAMS 0x0000000609a00000, 0x0000000609a00000| Untracked 
|  71|0x0000000609c00000, 0x0000000609c00000, 0x0000000609e00000|  0%| F|  |TAMS 0x0000000609c00000, 0x0000000609c00000| Untracked 
|  72|0x0000000609e00000, 0x0000000609e00000, 0x000000060a000000|  0%| F|  |TAMS 0x0000000609e00000, 0x0000000609e00000| Untracked 
|  73|0x000000060a000000, 0x000000060a000000, 0x000000060a200000|  0%| F|  |TAMS 0x000000060a000000, 0x000000060a000000| Untracked 
|  74|0x000000060a200000, 0x000000060a200000, 0x000000060a400000|  0%| F|  |TAMS 0x000000060a200000, 0x000000060a200000| Untracked 
|  75|0x000000060a400000, 0x000000060a400000, 0x000000060a600000|  0%| F|  |TAMS 0x000000060a400000, 0x000000060a400000| Untracked 
|  76|0x000000060a600000, 0x000000060a600000, 0x000000060a800000|  0%| F|  |TAMS 0x000000060a600000, 0x000000060a600000| Untracked 
|  77|0x000000060a800000, 0x000000060a800000, 0x000000060aa00000|  0%| F|  |TAMS 0x000000060a800000, 0x000000060a800000| Untracked 
|  78|0x000000060aa00000, 0x000000060aa00000, 0x000000060ac00000|  0%| F|  |TAMS 0x000000060aa00000, 0x000000060aa00000| Untracked 
|  79|0x000000060ac00000, 0x000000060ac00000, 0x000000060ae00000|  0%| F|  |TAMS 0x000000060ac00000, 0x000000060ac00000| Untracked 
|  80|0x000000060ae00000, 0x000000060ae00000, 0x000000060b000000|  0%| F|  |TAMS 0x000000060ae00000, 0x000000060ae00000| Untracked 
|  81|0x000000060b000000, 0x000000060b000000, 0x000000060b200000|  0%| F|  |TAMS 0x000000060b000000, 0x000000060b000000| Untracked 
|  82|0x000000060b200000, 0x000000060b200000, 0x000000060b400000|  0%| F|  |TAMS 0x000000060b200000, 0x000000060b200000| Untracked 
|  83|0x000000060b400000, 0x000000060b400000, 0x000000060b600000|  0%| F|  |TAMS 0x000000060b400000, 0x000000060b400000| Untracked 
|  84|0x000000060b600000, 0x000000060b600000, 0x000000060b800000|  0%| F|  |TAMS 0x000000060b600000, 0x000000060b600000| Untracked 
|  85|0x000000060b800000, 0x000000060b800000, 0x000000060ba00000|  0%| F|  |TAMS 0x000000060b800000, 0x000000060b800000| Untracked 
|  86|0x000000060ba00000, 0x000000060ba00000, 0x000000060bc00000|  0%| F|  |TAMS 0x000000060ba00000, 0x000000060ba00000| Untracked 
|  87|0x000000060bc00000, 0x000000060bc00000, 0x000000060be00000|  0%| F|  |TAMS 0x000000060bc00000, 0x000000060bc00000| Untracked 
|  88|0x000000060be00000, 0x000000060be00000, 0x000000060c000000|  0%| F|  |TAMS 0x000000060be00000, 0x000000060be00000| Untracked 
|  89|0x000000060c000000, 0x000000060c000000, 0x000000060c200000|  0%| F|  |TAMS 0x000000060c000000, 0x000000060c000000| Untracked 
|  90|0x000000060c200000, 0x000000060c200000, 0x000000060c400000|  0%| F|  |TAMS 0x000000060c200000, 0x000000060c200000| Untracked 
|  91|0x000000060c400000, 0x000000060c400000, 0x000000060c600000|  0%| F|  |TAMS 0x000000060c400000, 0x000000060c400000| Untracked 
|  92|0x000000060c600000, 0x000000060c600000, 0x000000060c800000|  0%| F|  |TAMS 0x000000060c600000, 0x000000060c600000| Untracked 
|  93|0x000000060c800000, 0x000000060c800000, 0x000000060ca00000|  0%| F|  |TAMS 0x000000060c800000, 0x000000060c800000| Untracked 
|  94|0x000000060ca00000, 0x000000060ca00000, 0x000000060cc00000|  0%| F|  |TAMS 0x000000060ca00000, 0x000000060ca00000| Untracked 
|  95|0x000000060cc00000, 0x000000060cc00000, 0x000000060ce00000|  0%| F|  |TAMS 0x000000060cc00000, 0x000000060cc00000| Untracked 
|  96|0x000000060ce00000, 0x000000060ce00000, 0x000000060d000000|  0%| F|  |TAMS 0x000000060ce00000, 0x000000060ce00000| Untracked 
|  97|0x000000060d000000, 0x000000060d000000, 0x000000060d200000|  0%| F|  |TAMS 0x000000060d000000, 0x000000060d000000| Untracked 
|  98|0x000000060d200000, 0x000000060d200000, 0x000000060d400000|  0%| F|  |TAMS 0x000000060d200000, 0x000000060d200000| Untracked 
|  99|0x000000060d400000, 0x000000060d400000, 0x000000060d600000|  0%| F|  |TAMS 0x000000060d400000, 0x000000060d400000| Untracked 
| 100|0x000000060d600000, 0x000000060d600000, 0x000000060d800000|  0%| F|  |TAMS 0x000000060d600000, 0x000000060d600000| Untracked 
| 101|0x000000060d800000, 0x000000060d800000, 0x000000060da00000|  0%| F|  |TAMS 0x000000060d800000, 0x000000060d800000| Untracked 
| 102|0x000000060da00000, 0x000000060da00000, 0x000000060dc00000|  0%| F|  |TAMS 0x000000060da00000, 0x000000060da00000| Untracked 
| 103|0x000000060dc00000, 0x000000060dc00000, 0x000000060de00000|  0%| F|  |TAMS 0x000000060dc00000, 0x000000060dc00000| Untracked 
| 104|0x000000060de00000, 0x000000060de00000, 0x000000060e000000|  0%| F|  |TAMS 0x000000060de00000, 0x000000060de00000| Untracked 
| 105|0x000000060e000000, 0x000000060e000000, 0x000000060e200000|  0%| F|  |TAMS 0x000000060e000000, 0x000000060e000000| Untracked 
| 106|0x000000060e200000, 0x000000060e200000, 0x000000060e400000|  0%| F|  |TAMS 0x000000060e200000, 0x000000060e200000| Untracked 
| 107|0x000000060e400000, 0x000000060e400000, 0x000000060e600000|  0%| F|  |TAMS 0x000000060e400000, 0x000000060e400000| Untracked 
| 108|0x000000060e600000, 0x000000060e600000, 0x000000060e800000|  0%| F|  |TAMS 0x000000060e600000, 0x000000060e600000| Untracked 
| 109|0x000000060e800000, 0x000000060e800000, 0x000000060ea00000|  0%| F|  |TAMS 0x000000060e800000, 0x000000060e800000| Untracked 
| 110|0x000000060ea00000, 0x000000060ea00000, 0x000000060ec00000|  0%| F|  |TAMS 0x000000060ea00000, 0x000000060ea00000| Untracked 
| 111|0x000000060ec00000, 0x000000060ec00000, 0x000000060ee00000|  0%| F|  |TAMS 0x000000060ec00000, 0x000000060ec00000| Untracked 
| 112|0x000000060ee00000, 0x000000060ee00000, 0x000000060f000000|  0%| F|  |TAMS 0x000000060ee00000, 0x000000060ee00000| Untracked 
| 113|0x000000060f000000, 0x000000060f000000, 0x000000060f200000|  0%| F|  |TAMS 0x000000060f000000, 0x000000060f000000| Untracked 
| 114|0x000000060f200000, 0x000000060f200000, 0x000000060f400000|  0%| F|  |TAMS 0x000000060f200000, 0x000000060f200000| Untracked 
| 115|0x000000060f400000, 0x000000060f400000, 0x000000060f600000|  0%| F|  |TAMS 0x000000060f400000, 0x000000060f400000| Untracked 
| 116|0x000000060f600000, 0x000000060f600000, 0x000000060f800000|  0%| F|  |TAMS 0x000000060f600000, 0x000000060f600000| Untracked 
| 117|0x000000060f800000, 0x000000060f800000, 0x000000060fa00000|  0%| F|  |TAMS 0x000000060f800000, 0x000000060f800000| Untracked 
| 118|0x000000060fa00000, 0x000000060fa00000, 0x000000060fc00000|  0%| F|  |TAMS 0x000000060fa00000, 0x000000060fa00000| Untracked 
| 119|0x000000060fc00000, 0x000000060fc00000, 0x000000060fe00000|  0%| F|  |TAMS 0x000000060fc00000, 0x000000060fc00000| Untracked 
| 120|0x000000060fe00000, 0x000000060fe00000, 0x0000000610000000|  0%| F|  |TAMS 0x000000060fe00000, 0x000000060fe00000| Untracked 
| 121|0x0000000610000000, 0x0000000610000000, 0x0000000610200000|  0%| F|  |TAMS 0x0000000610000000, 0x0000000610000000| Untracked 
| 122|0x0000000610200000, 0x0000000610200000, 0x0000000610400000|  0%| F|  |TAMS 0x0000000610200000, 0x0000000610200000| Untracked 
| 123|0x0000000610400000, 0x0000000610400000, 0x0000000610600000|  0%| F|  |TAMS 0x0000000610400000, 0x0000000610400000| Untracked 
| 124|0x0000000610600000, 0x0000000610600000, 0x0000000610800000|  0%| F|  |TAMS 0x0000000610600000, 0x0000000610600000| Untracked 
| 125|0x0000000610800000, 0x0000000610800000, 0x0000000610a00000|  0%| F|  |TAMS 0x0000000610800000, 0x0000000610800000| Untracked 
| 126|0x0000000610a00000, 0x0000000610a00000, 0x0000000610c00000|  0%| F|  |TAMS 0x0000000610a00000, 0x0000000610a00000| Untracked 
| 127|0x0000000610c00000, 0x0000000610c00000, 0x0000000610e00000|  0%| F|  |TAMS 0x0000000610c00000, 0x0000000610c00000| Untracked 
| 128|0x0000000610e00000, 0x0000000610e00000, 0x0000000611000000|  0%| F|  |TAMS 0x0000000610e00000, 0x0000000610e00000| Untracked 
| 129|0x0000000611000000, 0x0000000611000000, 0x0000000611200000|  0%| F|  |TAMS 0x0000000611000000, 0x0000000611000000| Untracked 
| 130|0x0000000611200000, 0x0000000611200000, 0x0000000611400000|  0%| F|  |TAMS 0x0000000611200000, 0x0000000611200000| Untracked 
| 131|0x0000000611400000, 0x0000000611400000, 0x0000000611600000|  0%| F|  |TAMS 0x0000000611400000, 0x0000000611400000| Untracked 
| 132|0x0000000611600000, 0x0000000611600000, 0x0000000611800000|  0%| F|  |TAMS 0x0000000611600000, 0x0000000611600000| Untracked 
| 133|0x0000000611800000, 0x0000000611800000, 0x0000000611a00000|  0%| F|  |TAMS 0x0000000611800000, 0x0000000611800000| Untracked 
| 134|0x0000000611a00000, 0x0000000611a00000, 0x0000000611c00000|  0%| F|  |TAMS 0x0000000611a00000, 0x0000000611a00000| Untracked 
| 135|0x0000000611c00000, 0x0000000611c00000, 0x0000000611e00000|  0%| F|  |TAMS 0x0000000611c00000, 0x0000000611c00000| Untracked 
| 136|0x0000000611e00000, 0x0000000611e00000, 0x0000000612000000|  0%| F|  |TAMS 0x0000000611e00000, 0x0000000611e00000| Untracked 
| 137|0x0000000612000000, 0x0000000612000000, 0x0000000612200000|  0%| F|  |TAMS 0x0000000612000000, 0x0000000612000000| Untracked 
| 138|0x0000000612200000, 0x0000000612200000, 0x0000000612400000|  0%| F|  |TAMS 0x0000000612200000, 0x0000000612200000| Untracked 
| 139|0x0000000612400000, 0x0000000612400000, 0x0000000612600000|  0%| F|  |TAMS 0x0000000612400000, 0x0000000612400000| Untracked 
| 140|0x0000000612600000, 0x0000000612600000, 0x0000000612800000|  0%| F|  |TAMS 0x0000000612600000, 0x0000000612600000| Untracked 
| 141|0x0000000612800000, 0x0000000612800000, 0x0000000612a00000|  0%| F|  |TAMS 0x0000000612800000, 0x0000000612800000| Untracked 
| 142|0x0000000612a00000, 0x0000000612a00000, 0x0000000612c00000|  0%| F|  |TAMS 0x0000000612a00000, 0x0000000612a00000| Untracked 
| 143|0x0000000612c00000, 0x0000000612c00000, 0x0000000612e00000|  0%| F|  |TAMS 0x0000000612c00000, 0x0000000612c00000| Untracked 
| 144|0x0000000612e00000, 0x0000000612e00000, 0x0000000613000000|  0%| F|  |TAMS 0x0000000612e00000, 0x0000000612e00000| Untracked 
| 145|0x0000000613000000, 0x0000000613000000, 0x0000000613200000|  0%| F|  |TAMS 0x0000000613000000, 0x0000000613000000| Untracked 
| 146|0x0000000613200000, 0x0000000613200000, 0x0000000613400000|  0%| F|  |TAMS 0x0000000613200000, 0x0000000613200000| Untracked 
| 147|0x0000000613400000, 0x0000000613400000, 0x0000000613600000|  0%| F|  |TAMS 0x0000000613400000, 0x0000000613400000| Untracked 
| 148|0x0000000613600000, 0x0000000613600000, 0x0000000613800000|  0%| F|  |TAMS 0x0000000613600000, 0x0000000613600000| Untracked 
| 149|0x0000000613800000, 0x0000000613800000, 0x0000000613a00000|  0%| F|  |TAMS 0x0000000613800000, 0x0000000613800000| Untracked 
| 150|0x0000000613a00000, 0x0000000613a00000, 0x0000000613c00000|  0%| F|  |TAMS 0x0000000613a00000, 0x0000000613a00000| Untracked 
| 151|0x0000000613c00000, 0x0000000613c00000, 0x0000000613e00000|  0%| F|  |TAMS 0x0000000613c00000, 0x0000000613c00000| Untracked 
| 152|0x0000000613e00000, 0x0000000613e00000, 0x0000000614000000|  0%| F|  |TAMS 0x0000000613e00000, 0x0000000613e00000| Untracked 
| 153|0x0000000614000000, 0x0000000614000000, 0x0000000614200000|  0%| F|  |TAMS 0x0000000614000000, 0x0000000614000000| Untracked 
| 154|0x0000000614200000, 0x0000000614200000, 0x0000000614400000|  0%| F|  |TAMS 0x0000000614200000, 0x0000000614200000| Untracked 
| 155|0x0000000614400000, 0x0000000614400000, 0x0000000614600000|  0%| F|  |TAMS 0x0000000614400000, 0x0000000614400000| Untracked 
| 156|0x0000000614600000, 0x0000000614600000, 0x0000000614800000|  0%| F|  |TAMS 0x0000000614600000, 0x0000000614600000| Untracked 
| 157|0x0000000614800000, 0x0000000614800000, 0x0000000614a00000|  0%| F|  |TAMS 0x0000000614800000, 0x0000000614800000| Untracked 
| 158|0x0000000614a00000, 0x0000000614a00000, 0x0000000614c00000|  0%| F|  |TAMS 0x0000000614a00000, 0x0000000614a00000| Untracked 
| 159|0x0000000614c00000, 0x0000000614c00000, 0x0000000614e00000|  0%| F|  |TAMS 0x0000000614c00000, 0x0000000614c00000| Untracked 
| 160|0x0000000614e00000, 0x0000000614e00000, 0x0000000615000000|  0%| F|  |TAMS 0x0000000614e00000, 0x0000000614e00000| Untracked 
| 161|0x0000000615000000, 0x0000000615000000, 0x0000000615200000|  0%| F|  |TAMS 0x0000000615000000, 0x0000000615000000| Untracked 
| 162|0x0000000615200000, 0x0000000615200000, 0x0000000615400000|  0%| F|  |TAMS 0x0000000615200000, 0x0000000615200000| Untracked 
| 163|0x0000000615400000, 0x0000000615400000, 0x0000000615600000|  0%| F|  |TAMS 0x0000000615400000, 0x0000000615400000| Untracked 
| 164|0x0000000615600000, 0x0000000615600000, 0x0000000615800000|  0%| F|  |TAMS 0x0000000615600000, 0x0000000615600000| Untracked 
| 165|0x0000000615800000, 0x0000000615800000, 0x0000000615a00000|  0%| F|  |TAMS 0x0000000615800000, 0x0000000615800000| Untracked 
| 166|0x0000000615a00000, 0x0000000615a00000, 0x0000000615c00000|  0%| F|  |TAMS 0x0000000615a00000, 0x0000000615a00000| Untracked 
| 167|0x0000000615c00000, 0x0000000615c00000, 0x0000000615e00000|  0%| F|  |TAMS 0x0000000615c00000, 0x0000000615c00000| Untracked 
| 168|0x0000000615e00000, 0x0000000615e00000, 0x0000000616000000|  0%| F|  |TAMS 0x0000000615e00000, 0x0000000615e00000| Untracked 
| 169|0x0000000616000000, 0x0000000616000000, 0x0000000616200000|  0%| F|  |TAMS 0x0000000616000000, 0x0000000616000000| Untracked 
| 170|0x0000000616200000, 0x0000000616200000, 0x0000000616400000|  0%| F|  |TAMS 0x0000000616200000, 0x0000000616200000| Untracked 
| 171|0x0000000616400000, 0x0000000616400000, 0x0000000616600000|  0%| F|  |TAMS 0x0000000616400000, 0x0000000616400000| Untracked 
| 172|0x0000000616600000, 0x0000000616600000, 0x0000000616800000|  0%| F|  |TAMS 0x0000000616600000, 0x0000000616600000| Untracked 
| 173|0x0000000616800000, 0x0000000616800000, 0x0000000616a00000|  0%| F|  |TAMS 0x0000000616800000, 0x0000000616800000| Untracked 
| 174|0x0000000616a00000, 0x0000000616a00000, 0x0000000616c00000|  0%| F|  |TAMS 0x0000000616a00000, 0x0000000616a00000| Untracked 
| 175|0x0000000616c00000, 0x0000000616c00000, 0x0000000616e00000|  0%| F|  |TAMS 0x0000000616c00000, 0x0000000616c00000| Untracked 
| 176|0x0000000616e00000, 0x0000000616e00000, 0x0000000617000000|  0%| F|  |TAMS 0x0000000616e00000, 0x0000000616e00000| Untracked 
| 177|0x0000000617000000, 0x0000000617000000, 0x0000000617200000|  0%| F|  |TAMS 0x0000000617000000, 0x0000000617000000| Untracked 
| 178|0x0000000617200000, 0x0000000617200000, 0x0000000617400000|  0%| F|  |TAMS 0x0000000617200000, 0x0000000617200000| Untracked 
| 179|0x0000000617400000, 0x0000000617400000, 0x0000000617600000|  0%| F|  |TAMS 0x0000000617400000, 0x0000000617400000| Untracked 
| 180|0x0000000617600000, 0x0000000617600000, 0x0000000617800000|  0%| F|  |TAMS 0x0000000617600000, 0x0000000617600000| Untracked 
| 181|0x0000000617800000, 0x0000000617800000, 0x0000000617a00000|  0%| F|  |TAMS 0x0000000617800000, 0x0000000617800000| Untracked 
| 182|0x0000000617a00000, 0x0000000617a00000, 0x0000000617c00000|  0%| F|  |TAMS 0x0000000617a00000, 0x0000000617a00000| Untracked 
| 183|0x0000000617c00000, 0x0000000617c00000, 0x0000000617e00000|  0%| F|  |TAMS 0x0000000617c00000, 0x0000000617c00000| Untracked 
| 184|0x0000000617e00000, 0x0000000617e00000, 0x0000000618000000|  0%| F|  |TAMS 0x0000000617e00000, 0x0000000617e00000| Untracked 
| 185|0x0000000618000000, 0x0000000618000000, 0x0000000618200000|  0%| F|  |TAMS 0x0000000618000000, 0x0000000618000000| Untracked 
| 186|0x0000000618200000, 0x0000000618200000, 0x0000000618400000|  0%| F|  |TAMS 0x0000000618200000, 0x0000000618200000| Untracked 
| 187|0x0000000618400000, 0x0000000618600000, 0x0000000618600000|100%| E|  |TAMS 0x0000000618400000, 0x0000000618400000| Complete 
| 188|0x0000000618600000, 0x0000000618800000, 0x0000000618800000|100%| E|CS|TAMS 0x0000000618600000, 0x0000000618600000| Complete 
| 189|0x0000000618800000, 0x0000000618a00000, 0x0000000618a00000|100%| E|CS|TAMS 0x0000000618800000, 0x0000000618800000| Complete 
| 190|0x0000000618a00000, 0x0000000618c00000, 0x0000000618c00000|100%| E|CS|TAMS 0x0000000618a00000, 0x0000000618a00000| Complete 
| 191|0x0000000618c00000, 0x0000000618e00000, 0x0000000618e00000|100%| E|CS|TAMS 0x0000000618c00000, 0x0000000618c00000| Complete 
| 192|0x0000000618e00000, 0x0000000619000000, 0x0000000619000000|100%| E|CS|TAMS 0x0000000618e00000, 0x0000000618e00000| Complete 
| 193|0x0000000619000000, 0x0000000619200000, 0x0000000619200000|100%| E|CS|TAMS 0x0000000619000000, 0x0000000619000000| Complete 
| 194|0x0000000619200000, 0x0000000619400000, 0x0000000619400000|100%| E|CS|TAMS 0x0000000619200000, 0x0000000619200000| Complete 
| 195|0x0000000619400000, 0x0000000619600000, 0x0000000619600000|100%| E|CS|TAMS 0x0000000619400000, 0x0000000619400000| Complete 
| 196|0x0000000619600000, 0x0000000619800000, 0x0000000619800000|100%| E|CS|TAMS 0x0000000619600000, 0x0000000619600000| Complete 
| 197|0x0000000619800000, 0x0000000619a00000, 0x0000000619a00000|100%| E|CS|TAMS 0x0000000619800000, 0x0000000619800000| Complete 
| 198|0x0000000619a00000, 0x0000000619c00000, 0x0000000619c00000|100%| E|CS|TAMS 0x0000000619a00000, 0x0000000619a00000| Complete 
| 199|0x0000000619c00000, 0x0000000619e00000, 0x0000000619e00000|100%| E|CS|TAMS 0x0000000619c00000, 0x0000000619c00000| Complete 
| 200|0x0000000619e00000, 0x000000061a000000, 0x000000061a000000|100%| E|CS|TAMS 0x0000000619e00000, 0x0000000619e00000| Complete 
| 201|0x000000061a000000, 0x000000061a200000, 0x000000061a200000|100%| E|CS|TAMS 0x000000061a000000, 0x000000061a000000| Complete 
| 202|0x000000061a200000, 0x000000061a400000, 0x000000061a400000|100%| E|CS|TAMS 0x000000061a200000, 0x000000061a200000| Complete 
| 203|0x000000061a400000, 0x000000061a600000, 0x000000061a600000|100%| E|CS|TAMS 0x000000061a400000, 0x000000061a400000| Complete 
| 204|0x000000061a600000, 0x000000061a800000, 0x000000061a800000|100%| E|CS|TAMS 0x000000061a600000, 0x000000061a600000| Complete 
| 205|0x000000061a800000, 0x000000061aa00000, 0x000000061aa00000|100%| E|CS|TAMS 0x000000061a800000, 0x000000061a800000| Complete 
| 206|0x000000061aa00000, 0x000000061ac00000, 0x000000061ac00000|100%| E|CS|TAMS 0x000000061aa00000, 0x000000061aa00000| Complete 
| 207|0x000000061ac00000, 0x000000061ae00000, 0x000000061ae00000|100%| E|CS|TAMS 0x000000061ac00000, 0x000000061ac00000| Complete 
| 208|0x000000061ae00000, 0x000000061b000000, 0x000000061b000000|100%| E|CS|TAMS 0x000000061ae00000, 0x000000061ae00000| Complete 
| 209|0x000000061b000000, 0x000000061b200000, 0x000000061b200000|100%| E|CS|TAMS 0x000000061b000000, 0x000000061b000000| Complete 
| 210|0x000000061b200000, 0x000000061b400000, 0x000000061b400000|100%| E|CS|TAMS 0x000000061b200000, 0x000000061b200000| Complete 
| 211|0x000000061b400000, 0x000000061b600000, 0x000000061b600000|100%| E|CS|TAMS 0x000000061b400000, 0x000000061b400000| Complete 
| 212|0x000000061b600000, 0x000000061b800000, 0x000000061b800000|100%| E|CS|TAMS 0x000000061b600000, 0x000000061b600000| Complete 
| 213|0x000000061b800000, 0x000000061ba00000, 0x000000061ba00000|100%| E|CS|TAMS 0x000000061b800000, 0x000000061b800000| Complete 
| 214|0x000000061ba00000, 0x000000061bc00000, 0x000000061bc00000|100%| E|CS|TAMS 0x000000061ba00000, 0x000000061ba00000| Complete 
| 215|0x000000061bc00000, 0x000000061be00000, 0x000000061be00000|100%| E|CS|TAMS 0x000000061bc00000, 0x000000061bc00000| Complete 
| 216|0x000000061be00000, 0x000000061c000000, 0x000000061c000000|100%| E|CS|TAMS 0x000000061be00000, 0x000000061be00000| Complete 
| 217|0x000000061c000000, 0x000000061c200000, 0x000000061c200000|100%| E|CS|TAMS 0x000000061c000000, 0x000000061c000000| Complete 
| 218|0x000000061c200000, 0x000000061c400000, 0x000000061c400000|100%| E|CS|TAMS 0x000000061c200000, 0x000000061c200000| Complete 
| 219|0x000000061c400000, 0x000000061c600000, 0x000000061c600000|100%| E|CS|TAMS 0x000000061c400000, 0x000000061c400000| Complete 
| 220|0x000000061c600000, 0x000000061c800000, 0x000000061c800000|100%| E|CS|TAMS 0x000000061c600000, 0x000000061c600000| Complete 
| 221|0x000000061c800000, 0x000000061ca00000, 0x000000061ca00000|100%| E|CS|TAMS 0x000000061c800000, 0x000000061c800000| Complete 
| 222|0x000000061ca00000, 0x000000061cc00000, 0x000000061cc00000|100%| E|CS|TAMS 0x000000061ca00000, 0x000000061ca00000| Complete 
| 223|0x000000061cc00000, 0x000000061ce00000, 0x000000061ce00000|100%| E|CS|TAMS 0x000000061cc00000, 0x000000061cc00000| Complete 
| 224|0x000000061ce00000, 0x000000061d000000, 0x000000061d000000|100%| E|CS|TAMS 0x000000061ce00000, 0x000000061ce00000| Complete 
| 225|0x000000061d000000, 0x000000061d200000, 0x000000061d200000|100%| E|CS|TAMS 0x000000061d000000, 0x000000061d000000| Complete 
| 226|0x000000061d200000, 0x000000061d400000, 0x000000061d400000|100%| E|CS|TAMS 0x000000061d200000, 0x000000061d200000| Complete 
| 227|0x000000061d400000, 0x000000061d600000, 0x000000061d600000|100%| E|CS|TAMS 0x000000061d400000, 0x000000061d400000| Complete 
| 228|0x000000061d600000, 0x000000061d800000, 0x000000061d800000|100%| E|CS|TAMS 0x000000061d600000, 0x000000061d600000| Complete 
| 229|0x000000061d800000, 0x000000061da00000, 0x000000061da00000|100%| E|CS|TAMS 0x000000061d800000, 0x000000061d800000| Complete 
| 230|0x000000061da00000, 0x000000061dc00000, 0x000000061dc00000|100%| E|CS|TAMS 0x000000061da00000, 0x000000061da00000| Complete 
| 231|0x000000061dc00000, 0x000000061de00000, 0x000000061de00000|100%| E|CS|TAMS 0x000000061dc00000, 0x000000061dc00000| Complete 
| 232|0x000000061de00000, 0x000000061e000000, 0x000000061e000000|100%| E|CS|TAMS 0x000000061de00000, 0x000000061de00000| Complete 
| 233|0x000000061e000000, 0x000000061e200000, 0x000000061e200000|100%| E|CS|TAMS 0x000000061e000000, 0x000000061e000000| Complete 
| 234|0x000000061e200000, 0x000000061e400000, 0x000000061e400000|100%| E|CS|TAMS 0x000000061e200000, 0x000000061e200000| Complete 
| 235|0x000000061e400000, 0x000000061e600000, 0x000000061e600000|100%| E|CS|TAMS 0x000000061e400000, 0x000000061e400000| Complete 
| 236|0x000000061e600000, 0x000000061e800000, 0x000000061e800000|100%| E|CS|TAMS 0x000000061e600000, 0x000000061e600000| Complete 
| 237|0x000000061e800000, 0x000000061ea00000, 0x000000061ea00000|100%| E|CS|TAMS 0x000000061e800000, 0x000000061e800000| Complete 
| 238|0x000000061ea00000, 0x000000061ec00000, 0x000000061ec00000|100%| E|CS|TAMS 0x000000061ea00000, 0x000000061ea00000| Complete 
| 239|0x000000061ec00000, 0x000000061ee00000, 0x000000061ee00000|100%| E|CS|TAMS 0x000000061ec00000, 0x000000061ec00000| Complete 
| 240|0x000000061ee00000, 0x000000061f000000, 0x000000061f000000|100%| E|CS|TAMS 0x000000061ee00000, 0x000000061ee00000| Complete 
| 241|0x000000061f000000, 0x000000061f200000, 0x000000061f200000|100%| E|CS|TAMS 0x000000061f000000, 0x000000061f000000| Complete 
| 242|0x000000061f200000, 0x000000061f400000, 0x000000061f400000|100%| S|CS|TAMS 0x000000061f200000, 0x000000061f200000| Complete 
| 243|0x000000061f400000, 0x000000061f600000, 0x000000061f600000|100%| S|CS|TAMS 0x000000061f400000, 0x000000061f400000| Complete 
| 244|0x000000061f600000, 0x000000061f800000, 0x000000061f800000|100%| E|CS|TAMS 0x000000061f600000, 0x000000061f600000| Complete 
| 245|0x000000061f800000, 0x000000061fa00000, 0x000000061fa00000|100%| E|CS|TAMS 0x000000061f800000, 0x000000061f800000| Complete 
| 246|0x000000061fa00000, 0x000000061fc00000, 0x000000061fc00000|100%| E|CS|TAMS 0x000000061fa00000, 0x000000061fa00000| Complete 
| 247|0x000000061fc00000, 0x000000061fe00000, 0x000000061fe00000|100%| E|CS|TAMS 0x000000061fc00000, 0x000000061fc00000| Complete 
| 248|0x000000061fe00000, 0x0000000620000000, 0x0000000620000000|100%| E|CS|TAMS 0x000000061fe00000, 0x000000061fe00000| Complete 
| 249|0x0000000620000000, 0x0000000620200000, 0x0000000620200000|100%| E|CS|TAMS 0x0000000620000000, 0x0000000620000000| Complete 
| 250|0x0000000620200000, 0x0000000620400000, 0x0000000620400000|100%| E|CS|TAMS 0x0000000620200000, 0x0000000620200000| Complete 
| 251|0x0000000620400000, 0x0000000620600000, 0x0000000620600000|100%| E|CS|TAMS 0x0000000620400000, 0x0000000620400000| Complete 
| 252|0x0000000620600000, 0x0000000620800000, 0x0000000620800000|100%| E|CS|TAMS 0x0000000620600000, 0x0000000620600000| Complete 
| 253|0x0000000620800000, 0x0000000620a00000, 0x0000000620a00000|100%| E|CS|TAMS 0x0000000620800000, 0x0000000620800000| Complete 
| 254|0x0000000620a00000, 0x0000000620c00000, 0x0000000620c00000|100%| E|CS|TAMS 0x0000000620a00000, 0x0000000620a00000| Complete 
| 255|0x0000000620c00000, 0x0000000620e00000, 0x0000000620e00000|100%| E|CS|TAMS 0x0000000620c00000, 0x0000000620c00000| Complete 

Card table byte_map: [0x000001cc7d040000,0x000001cc7e040000] _byte_map_base: 0x000001cc7a039000

Marking Bits (Prev, Next): (CMBitMap*) 0x000001cc627a1048, (CMBitMap*) 0x000001cc627a1080
 Prev Bits: [0x000001cc00000000, 0x000001cc07fc8000)
 Next Bits: [0x000001cc07fd0000, 0x000001cc0ff98000)

Polling page: 0x000001cc6c5b0000

Metaspace:

Usage:
  Non-class:     11.63 MB capacity,    11.47 MB ( 99%) used,   145.64 KB (  1%) free+waste,    18.50 KB ( <1%) overhead. 
      Class:      1.33 MB capacity,     1.27 MB ( 96%) used,    50.55 KB (  4%) free+waste,     8.44 KB ( <1%) overhead. 
       Both:     12.97 MB capacity,    12.75 MB ( 98%) used,   196.20 KB (  1%) free+waste,    26.94 KB ( <1%) overhead. 

Virtual space:
  Non-class space:       12.00 MB reserved,      11.75 MB ( 98%) committed 
      Class space:        1.00 GB reserved,       1.38 MB ( <1%) committed 
             Both:        1.01 GB reserved,      13.13 MB (  1%) committed 

Chunk freelists:
   Non-Class:  55.00 KB
       Class:  12.00 KB
        Both:  67.00 KB

MaxMetaspaceSize: 17179869184.00 GB
CompressedClassSpaceSize: 1.00 GB

CodeHeap 'non-profiled nmethods': size=120000Kb used=536Kb max_used=536Kb free=119463Kb
 bounds [0x000001cc740a0000, 0x000001cc74310000, 0x000001cc7b5d0000]
CodeHeap 'profiled nmethods': size=120000Kb used=2176Kb max_used=2176Kb free=117823Kb
 bounds [0x000001cc6cb70000, 0x000001cc6cde0000, 0x000001cc740a0000]
CodeHeap 'non-nmethods': size=5760Kb used=1120Kb max_used=1139Kb free=4639Kb
 bounds [0x000001cc6c5d0000, 0x000001cc6c840000, 0x000001cc6cb70000]
 total_blobs=1604 nmethods=1166 adapters=350
 compilation: enabled
              stopped_count=0, restarted_count=0
 full_count=0

Compilation events (20 events):
Event: 24.783 Thread 0x000001cc7fd7a800 1157       3       org.jire.leagueofjire.ObjectReader::read (396 bytes)
Event: 24.785 Thread 0x000001cc7fd7a800 nmethod 1157 0x000001cc6cd89510 code [0x000001cc6cd899e0, 0x000001cc6cd8c1f8]
Event: 24.817 Thread 0x000001cc7fd7a800 1158       3       it.unimi.dsi.fastutil.longs.LongArrayFIFOQueue::dequeueLong (58 bytes)
Event: 24.817 Thread 0x000001cc7fd7a800 nmethod 1158 0x000001cc6cd8d510 code [0x000001cc6cd8d700, 0x000001cc6cd8dbd8]
Event: 24.986 Thread 0x000001cc7fd74000 1159       4       it.unimi.dsi.fastutil.longs.LongArrayFIFOQueue::dequeueLong (58 bytes)
Event: 24.989 Thread 0x000001cc7fd74000 nmethod 1159 0x000001cc7411e390 code [0x000001cc7411e540, 0x000001cc7411ea98]
Event: 25.391 Thread 0x000001cc7fd7a800 1160       3       it.unimi.dsi.fastutil.longs.LongArrayFIFOQueue::<init> (61 bytes)
Event: 25.391 Thread 0x000001cc7fd7a800 nmethod 1160 0x000001cc6cd8de10 code [0x000001cc6cd8e040, 0x000001cc6cd8e5d8]
Event: 25.866 Thread 0x000001cc7fd7a800 1161       3       it.unimi.dsi.fastutil.longs.AbstractLongSet::<init> (5 bytes)
Event: 25.866 Thread 0x000001cc7fd7a800 nmethod 1161 0x000001cc6cd8e810 code [0x000001cc6cd8e9e0, 0x000001cc6cd8ebf8]
Event: 25.866 Thread 0x000001cc7fd7a800 1162       3       it.unimi.dsi.fastutil.longs.AbstractLongCollection::<init> (5 bytes)
Event: 25.866 Thread 0x000001cc7fd7a800 nmethod 1162 0x000001cc6cd8ed10 code [0x000001cc6cd8eec0, 0x000001cc6cd8f078]
Event: 25.984 Thread 0x000001cc7fd7a800 1163       3       org.jire.kna.ReadableSourceExtensions::int (35 bytes)
Event: 25.984 Thread 0x000001cc7fd7a800 nmethod 1163 0x000001cc6cd8f190 code [0x000001cc6cd8f400, 0x000001cc6cd8fd28]
Event: 26.075 Thread 0x000001cc7fd74000 1164 %     4       org.jire.leagueofjire.ObjectReader::read @ 345 (396 bytes)
Event: 26.079 Thread 0x000001cc7fd74000 nmethod 1164% 0x000001cc7411ed10 code [0x000001cc7411eec0, 0x000001cc7411f328]
Event: 26.294 Thread 0x000001cc7fd74000 1165       4       org.jire.leagueofjire.ObjectReader::read (396 bytes)
Event: 26.345 Thread 0x000001cc7fd74000 nmethod 1165 0x000001cc7411f610 code [0x000001cc7411f920, 0x000001cc741228c0]
Event: 57.637 Thread 0x000001cc7fd74000 1166       4       java.lang.StrictMath::floorOrCeil (128 bytes)
Event: 57.638 Thread 0x000001cc7fd74000 nmethod 1166 0x000001cc74126010 code [0x000001cc741261c0, 0x000001cc741262b8]

GC Heap History (2 events):
Event: 1.892 GC heap before
{Heap before GC invocations=0 (full 0):
 garbage-first heap   total 524288K, used 22528K [0x0000000600e00000, 0x0000000800000000)
  region size 2048K, 12 young (24576K), 0 survivors (0K)
 Metaspace       used 13048K, capacity 13277K, committed 13440K, reserved 1060864K
  class space    used 1305K, capacity 1364K, committed 1408K, reserved 1048576K
}
Event: 1.895 GC heap after
{Heap after GC invocations=1 (full 0):
 garbage-first heap   total 524288K, used 4403K [0x0000000600e00000, 0x0000000800000000)
  region size 2048K, 2 young (4096K), 2 survivors (4096K)
 Metaspace       used 13048K, capacity 13277K, committed 13440K, reserved 1060864K
  class space    used 1305K, capacity 1364K, committed 1408K, reserved 1048576K
}

Deoptimization events (20 events):
Event: 1.452 Thread 0x000001cc62717000 Uncommon trap: trap_request=0xffffff4d fr.pc=0x000001cc74103650 relative=0x00000000000003d0
Event: 1.452 Thread 0x000001cc62717000 Uncommon trap: reason=unstable_if action=reinterpret pc=0x000001cc74103650 method=it.unimi.dsi.fastutil.longs.Long2ObjectOpenHashMap.get(J)Ljava/lang/Object; @ 97 c2
Event: 1.452 Thread 0x000001cc62717000 DEOPT PACKING pc=0x000001cc74103650 sp=0x000000285affef40
Event: 1.452 Thread 0x000001cc62717000 DEOPT UNPACKING pc=0x000001cc6c5f7b2f sp=0x000000285affee78 mode 2
Event: 3.651 Thread 0x000001cc62717000 DEOPT PACKING pc=0x000001cc6cd86f92 sp=0x000000285afff180
Event: 3.651 Thread 0x000001cc62717000 DEOPT UNPACKING pc=0x000001cc6c5f794e sp=0x000000285affe6a0 mode 0
Event: 24.766 Thread 0x000001cc62717000 Uncommon trap: trap_request=0xffffff4d fr.pc=0x000001cc7411a04c relative=0x0000000000001eec
Event: 24.766 Thread 0x000001cc62717000 Uncommon trap: reason=unstable_if action=reinterpret pc=0x000001cc7411a04c method=it.unimi.dsi.fastutil.longs.LongArrayFIFOQueue.dequeueLong()J @ 44 c2
Event: 24.766 Thread 0x000001cc62717000 DEOPT PACKING pc=0x000001cc7411a04c sp=0x000000285afff230
Event: 24.766 Thread 0x000001cc62717000 DEOPT UNPACKING pc=0x000001cc6c5f7b2f sp=0x000000285afff130 mode 2
Event: 24.783 Thread 0x000001cc62717000 Uncommon trap: trap_request=0xffffff4d fr.pc=0x000001cc74114fcc relative=0x0000000000001bec
Event: 24.783 Thread 0x000001cc62717000 Uncommon trap: reason=unstable_if action=reinterpret pc=0x000001cc74114fcc method=it.unimi.dsi.fastutil.longs.LongArrayFIFOQueue.dequeueLong()J @ 44 c2
Event: 24.783 Thread 0x000001cc62717000 DEOPT PACKING pc=0x000001cc74114fcc sp=0x000000285afff240
Event: 24.783 Thread 0x000001cc62717000 DEOPT UNPACKING pc=0x000001cc6c5f7b2f sp=0x000000285afff130 mode 2
Event: 24.800 Thread 0x000001cc62717000 Uncommon trap: trap_request=0xffffff4d fr.pc=0x000001cc740fee54 relative=0x0000000000000114
Event: 24.800 Thread 0x000001cc62717000 Uncommon trap: reason=unstable_if action=reinterpret pc=0x000001cc740fee54 method=it.unimi.dsi.fastutil.longs.LongArrayFIFOQueue.dequeueLong()J @ 44 c2
Event: 24.800 Thread 0x000001cc62717000 DEOPT PACKING pc=0x000001cc740fee54 sp=0x000000285afff140
Event: 24.800 Thread 0x000001cc62717000 DEOPT UNPACKING pc=0x000001cc6c5f7b2f sp=0x000000285afff0d0 mode 2
Event: 26.294 Thread 0x000001cc62717000 DEOPT PACKING pc=0x000001cc6cd8bfc9 sp=0x000000285afff180
Event: 26.294 Thread 0x000001cc62717000 DEOPT UNPACKING pc=0x000001cc6c5f794e sp=0x000000285affe690 mode 0

Classes redefined (0 events):
No events

Internal exceptions (13 events):
Event: 0.176 Thread 0x000001cc62717000 Exception <a 'java/lang/NoSuchMethodError'{0x000000062069b598}: 'java.lang.Object java.lang.invoke.DirectMethodHandle$Holder.invokeStaticInit(java.lang.Object, int, int, int, int)'> (0x000000062069b598) thrown at [./src/hotspot/share/interpreter/linkResolver.cpp, line 773]
Event: 0.232 Thread 0x000001cc62717000 Exception <a 'java/lang/NoSuchMethodError'{0x00000006206e0b10}: 'java.lang.Object java.lang.invoke.DirectMethodHandle$Holder.invokeStaticInit(java.lang.Object, java.lang.Object, int, int, int, int)'> (0x00000006206e0b10) thrown at [./src/hotspot/share/interpreter/linkResolver.cpp, line 773]
Event: 0.331 Thread 0x000001cc62717000 Exception <a 'java/lang/UnsatisfiedLinkError'{0x0000000620026e98}: The specified procedure could not be found.
> (0x0000000620026e98) thrown at [./src/hotspot/share/prims/jni.cpp, line 636]
Event: 0.333 Thread 0x000001cc62717000 Exception <a 'java/lang/UnsatisfiedLinkError'{0x0000000620034b70}: The specified procedure could not be found.
> (0x0000000620034b70) thrown at [./src/hotspot/share/prims/jni.cpp, line 636]
Event: 0.352 Thread 0x000001cc62717000 Exception <a 'java/lang/UnsatisfiedLinkError'{0x00000006200f2fe0}: The specified procedure could not be found.
> (0x00000006200f2fe0) thrown at [./src/hotspot/share/prims/jni.cpp, line 636]
Event: 0.352 Thread 0x000001cc62717000 Exception <a 'java/lang/UnsatisfiedLinkError'{0x00000006200f53c8}: The specified procedure could not be found.
> (0x00000006200f53c8) thrown at [./src/hotspot/share/prims/jni.cpp, line 636]
Event: 0.369 Thread 0x000001cc62717000 Exception <a 'java/lang/UnsatisfiedLinkError'{0x000000061fe77250}: The specified procedure could not be found.
> (0x000000061fe77250) thrown at [./src/hotspot/share/prims/jni.cpp, line 636]
Event: 0.386 Thread 0x000001cc62717000 Exception <a 'java/lang/UnsatisfiedLinkError'{0x000000061ff67808}: The specified procedure could not be found.
> (0x000000061ff67808) thrown at [./src/hotspot/share/prims/jni.cpp, line 636]
Event: 0.392 Thread 0x000001cc62717000 Exception <a 'java/lang/UnsatisfiedLinkError'{0x000000061ffe18c8}: The specified procedure could not be found.
> (0x000000061ffe18c8) thrown at [./src/hotspot/share/prims/jni.cpp, line 636]
Event: 0.416 Thread 0x000001cc62717000 Exception <a 'java/lang/NoSuchMethodError'{0x000000061fc80938}: 'java.lang.Object java.lang.invoke.DirectMethodHandle$Holder.invokeStaticInit(java.lang.Object, java.lang.Object, java.lang.Object)'> (0x000000061fc80938) thrown at [./src/hotspot/share/interpreter/linkResolver.cpp, line 773]
Event: 0.438 Thread 0x000001cc62717000 Exception <a 'java/lang/NoSuchMethodError'{0x000000061fd97be8}: 'long java.lang.invoke.DirectMethodHandle$Holder.invokeSpecial(java.lang.Object, java.lang.Object)'> (0x000000061fd97be8) thrown at [./src/hotspot/share/interpreter/linkResolver.cpp, line 773]
Event: 0.444 Thread 0x000001cc62717000 Exception <a 'java/lang/NoClassDefFoundError'{0x000000061fdef8e0}: org/slf4j/impl/StaticLoggerBinder> (0x000000061fdef8e0) thrown at [./src/hotspot/share/classfile/systemDictionary.cpp, line 220]
Event: 0.447 Thread 0x000001cc62717000 Exception <a 'java/lang/NoSuchMethodError'{0x000000061fa0a5b0}: 'int java.lang.invoke.DirectMethodHandle$Holder.invokeStaticInit(java.lang.Object, long, long)'> (0x000000061fa0a5b0) thrown at [./src/hotspot/share/interpreter/linkResolver.cpp, line 773]

Events (20 events):
Event: 1.051 loading class sun/util/resources/TimeZoneNamesBundle
Event: 1.051 loading class sun/util/resources/OpenListResourceBundle
Event: 1.051 loading class sun/util/resources/OpenListResourceBundle done
Event: 1.051 loading class sun/util/resources/TimeZoneNamesBundle done
Event: 1.051 loading class sun/util/resources/cldr/TimeZoneNames done
Event: 1.051 loading class java/util/ResourceBundle$ResourceBundleProviderHelper
Event: 1.051 loading class java/util/ResourceBundle$ResourceBundleProviderHelper done
Event: 1.051 loading class sun/util/resources/Bundles$BundleReference
Event: 1.051 loading class sun/util/resources/Bundles$CacheKeyReference
Event: 1.051 loading class sun/util/resources/Bundles$CacheKeyReference done
Event: 1.051 loading class sun/util/resources/Bundles$BundleReference done
Event: 1.051 loading class sun/util/resources/cldr/TimeZoneNames_en
Event: 1.052 loading class sun/util/resources/cldr/TimeZoneNames_en done
Event: 1.052 loading class sun/util/resources/cldr/TimeZoneNames_en_US
Event: 1.052 loading class sun/util/resources/cldr/TimeZoneNames_en_US done
Event: 1.052 loading class sun/util/locale/provider/LocaleResources$ResourceReference
Event: 1.052 loading class sun/util/locale/provider/LocaleResources$ResourceReference done
Event: 1.892 Executing VM operation: G1CollectForAllocation
Event: 1.895 Executing VM operation: G1CollectForAllocation done
Event: 4.802 Loaded shared library C:\Program Files\AdoptOpenJDK\jdk-11.0.10.9-hotspot\bin\java.dll


Dynamic libraries:
0x00007ff6a2e30000 - 0x00007ff6a2e3d000 	C:\Program Files\AdoptOpenJDK\jdk-11.0.10.9-hotspot\bin\java.exe
0x00007fff269f0000 - 0x00007fff26be5000 	C:\WINDOWS\SYSTEM32\ntdll.dll
0x00007fff265a0000 - 0x00007fff2665d000 	C:\WINDOWS\System32\KERNEL32.DLL
0x00007fff244a0000 - 0x00007fff24769000 	C:\WINDOWS\System32\KERNELBASE.dll
0x00007fff21990000 - 0x00007fff21a20000 	C:\WINDOWS\SYSTEM32\apphelp.dll
0x00007fff241b0000 - 0x00007fff242b0000 	C:\WINDOWS\System32\ucrtbase.dll
0x00007fff14640000 - 0x00007fff14657000 	C:\Program Files\AdoptOpenJDK\jdk-11.0.10.9-hotspot\bin\jli.dll
0x00007fff13cb0000 - 0x00007fff13cc5000 	C:\Program Files\AdoptOpenJDK\jdk-11.0.10.9-hotspot\bin\VCRUNTIME140.dll
0x00007fff24cd0000 - 0x00007fff24e70000 	C:\WINDOWS\System32\USER32.dll
0x00007fff24470000 - 0x00007fff24492000 	C:\WINDOWS\System32\win32u.dll
0x00007fff18bc0000 - 0x00007fff18e5a000 	C:\WINDOWS\WinSxS\amd64_microsoft.windows.common-controls_6595b64144ccf1df_6.0.19041.1110_none_60b5254171f9507e\COMCTL32.dll
0x00007fff25b60000 - 0x00007fff25b8a000 	C:\WINDOWS\System32\GDI32.dll
0x00007fff24e70000 - 0x00007fff24f0e000 	C:\WINDOWS\System32\msvcrt.dll
0x00007fff24310000 - 0x00007fff2441b000 	C:\WINDOWS\System32\gdi32full.dll
0x00007fff24770000 - 0x00007fff2480d000 	C:\WINDOWS\System32\msvcp_win.dll
0x00007fff25c30000 - 0x00007fff25c60000 	C:\WINDOWS\System32\IMM32.DLL
0x00007fff06470000 - 0x00007fff0650b000 	C:\Program Files\AdoptOpenJDK\jdk-11.0.10.9-hotspot\bin\msvcp140.dll
0x00007ffed2060000 - 0x00007ffed2ba3000 	C:\Program Files\AdoptOpenJDK\jdk-11.0.10.9-hotspot\bin\server\jvm.dll
0x00007fff24c20000 - 0x00007fff24ccc000 	C:\WINDOWS\System32\ADVAPI32.dll
0x00007fff266c0000 - 0x00007fff2675b000 	C:\WINDOWS\System32\sechost.dll
0x00007fff25c60000 - 0x00007fff25d8a000 	C:\WINDOWS\System32\RPCRT4.dll
0x00007fff24a50000 - 0x00007fff24a58000 	C:\WINDOWS\System32\PSAPI.DLL
0x00007fff1a660000 - 0x00007fff1a687000 	C:\WINDOWS\SYSTEM32\WINMM.dll
0x00007fff1f010000 - 0x00007fff1f019000 	C:\WINDOWS\SYSTEM32\WSOCK32.dll
0x00007fff1dc00000 - 0x00007fff1dc0a000 	C:\WINDOWS\SYSTEM32\VERSION.dll
0x00007fff24bb0000 - 0x00007fff24c1b000 	C:\WINDOWS\System32\WS2_32.dll
0x00007fff22040000 - 0x00007fff22052000 	C:\WINDOWS\SYSTEM32\kernel.appcore.dll
0x00007fff20f90000 - 0x00007fff20fa0000 	C:\Program Files\AdoptOpenJDK\jdk-11.0.10.9-hotspot\bin\verify.dll
0x00007fff11310000 - 0x00007fff114f4000 	C:\WINDOWS\SYSTEM32\DBGHELP.DLL
0x00007fff112b0000 - 0x00007fff112dc000 	C:\WINDOWS\SYSTEM32\dbgcore.DLL
0x00007fff24120000 - 0x00007fff241a3000 	C:\WINDOWS\System32\bcryptPrimitives.dll
0x00007fff11180000 - 0x00007fff111a8000 	C:\Program Files\AdoptOpenJDK\jdk-11.0.10.9-hotspot\bin\java.dll
0x00007fff11170000 - 0x00007fff1117a000 	C:\Program Files\AdoptOpenJDK\jdk-11.0.10.9-hotspot\bin\jimage.dll
0x00007fff05b70000 - 0x00007fff05b7e000 	C:\Program Files\AdoptOpenJDK\jdk-11.0.10.9-hotspot\bin\instrument.dll
0x00007fff0ff90000 - 0x00007fff0ffa7000 	C:\Program Files\AdoptOpenJDK\jdk-11.0.10.9-hotspot\bin\zip.dll
0x00007fff25420000 - 0x00007fff25b5f000 	C:\WINDOWS\System32\SHELL32.dll
0x00007fff22240000 - 0x00007fff229d0000 	C:\WINDOWS\SYSTEM32\windows.storage.dll
0x00007fff24fe0000 - 0x00007fff25335000 	C:\WINDOWS\System32\combase.dll
0x00007fff23b80000 - 0x00007fff23bac000 	C:\WINDOWS\SYSTEM32\Wldp.dll
0x00007fff25e00000 - 0x00007fff25eae000 	C:\WINDOWS\System32\SHCORE.dll
0x00007fff26540000 - 0x00007fff26595000 	C:\WINDOWS\System32\shlwapi.dll
0x00007fff24060000 - 0x00007fff2407f000 	C:\WINDOWS\SYSTEM32\profapi.dll
0x00007fff0ff70000 - 0x00007fff0ff89000 	C:\Program Files\AdoptOpenJDK\jdk-11.0.10.9-hotspot\bin\net.dll
0x00007fff1e1a0000 - 0x00007fff1e2a8000 	C:\WINDOWS\SYSTEM32\WINHTTP.dll
0x00007fff238e0000 - 0x00007fff2394a000 	C:\WINDOWS\system32\mswsock.dll
0x00007fff0ff20000 - 0x00007fff0ff32000 	C:\Program Files\AdoptOpenJDK\jdk-11.0.10.9-hotspot\bin\nio.dll
0x00007ffefcbe0000 - 0x00007ffefcbfa000 	C:\Program Files\JetBrains\IntelliJ IDEA 2021.2\bin\breakgen64.dll
0x00007fff23ad0000 - 0x00007fff23ae8000 	C:\WINDOWS\SYSTEM32\CRYPTSP.dll
0x00007fff231f0000 - 0x00007fff23224000 	C:\WINDOWS\system32\rsaenh.dll
0x00007fff24810000 - 0x00007fff24837000 	C:\WINDOWS\System32\bcrypt.dll
0x00007fff24020000 - 0x00007fff2404e000 	C:\WINDOWS\SYSTEM32\USERENV.dll
0x00007fff23af0000 - 0x00007fff23afc000 	C:\WINDOWS\SYSTEM32\CRYPTBASE.dll
0x00007fff23580000 - 0x00007fff235bb000 	C:\WINDOWS\SYSTEM32\IPHLPAPI.DLL
0x00007fff25d90000 - 0x00007fff25d98000 	C:\WINDOWS\System32\NSI.dll
0x00007fff1d690000 - 0x00007fff1d6a7000 	C:\WINDOWS\SYSTEM32\dhcpcsvc6.DLL
0x00007fff1da20000 - 0x00007fff1da3d000 	C:\WINDOWS\SYSTEM32\dhcpcsvc.DLL
0x00007fff235d0000 - 0x00007fff2369c000 	C:\WINDOWS\SYSTEM32\DNSAPI.dll
0x00007ffef7070000 - 0x00007ffef70b4000 	C:\Users\Jire\AppData\Local\Temp\jna-2309074\jna4508031484579947136.dll
0x00007fff063d0000 - 0x00007fff063e7000 	C:\WINDOWS\system32\napinsp.dll
0x00007fff07ea0000 - 0x00007fff07ebb000 	C:\WINDOWS\system32\pnrpnsp.dll
0x00007fff0ac20000 - 0x00007fff0ac35000 	C:\WINDOWS\system32\wshbth.dll
0x00007fff20b20000 - 0x00007fff20b3d000 	C:\WINDOWS\system32\NLAapi.dll
0x00007fff087a0000 - 0x00007fff087b2000 	C:\WINDOWS\System32\winrnr.dll
0x00007fff17f20000 - 0x00007fff17f2a000 	C:\Windows\System32\rasadhlp.dll
0x00007fff17fe0000 - 0x00007fff1805f000 	C:\WINDOWS\System32\fwpuclnt.dll
0x00007fff0ff10000 - 0x00007fff0ff19000 	C:\Program Files\AdoptOpenJDK\jdk-11.0.10.9-hotspot\bin\management.dll
0x00007fff0f4b0000 - 0x00007fff0f4bb000 	C:\Program Files\AdoptOpenJDK\jdk-11.0.10.9-hotspot\bin\management_ext.dll

dbghelp: loaded successfully - version: 4.0.5 - missing functions: none
symbol engine: initialized successfully - sym options: 0x614 - pdb path: .;C:\Program Files\AdoptOpenJDK\jdk-11.0.10.9-hotspot\bin;C:\WINDOWS\SYSTEM32;C:\WINDOWS\WinSxS\amd64_microsoft.windows.common-controls_6595b64144ccf1df_6.0.19041.1110_none_60b5254171f9507e;C:\Program Files\AdoptOpenJDK\jdk-11.0.10.9-hotspot\bin\server;C:\Program Files\JetBrains\IntelliJ IDEA 2021.2\bin;C:\Users\Jire\AppData\Local\Temp\jna-2309074

VM Arguments:
jvm_args: -javaagent:C:\Program Files\JetBrains\IntelliJ IDEA 2021.2\lib\idea_rt.jar=1040:C:\Program Files\JetBrains\IntelliJ IDEA 2021.2\bin -Dfile.encoding=UTF-8 
java_command: org.jire.leagueofjire.LeagueOfJire
java_class_path (initial): C:\Users\Jire\IdeaProjects\leagueofjire\build\classes\kotlin\main;C:\Users\Jire\IdeaProjects\leagueofjire\build\resources\main;C:\Users\Jire\.gradle\caches\modules-2\files-2.1\org.jire\kna\0.4.2\63abd356577fed4a15d66c9d0f1c48bfe3de9b01\kna-0.4.2.jar;C:\Users\Jire\.gradle\caches\modules-2\files-2.1\org.jetbrains.kotlin\kotlin-stdlib\1.5.10\da6a904b132f0402fa4d79169a3c1770598d4702\kotlin-stdlib-1.5.10.jar;C:\Users\Jire\.gradle\caches\modules-2\files-2.1\net.java.dev.jna\jna-platform\5.8.0\2f12f6d7f7652270d13624cef1b82d8cd9a5398e\jna-platform-5.8.0.jar;C:\Users\Jire\.gradle\caches\modules-2\files-2.1\net.java.dev.jna\jna\5.8.0\3551d8d827e54858214107541d3aff9c615cb615\jna-5.8.0.jar;C:\Users\Jire\.gradle\caches\modules-2\files-2.1\it.unimi.dsi\fastutil\8.5.4\799748e42a644db85394db066af658809f89c523\fastutil-8.5.4.jar;C:\Users\Jire\.gradle\caches\modules-2\files-2.1\org.jetbrains.kotlin\kotlin-stdlib-jdk8\1.4.21\3ad7f99fb330947a12451ea16767d192d763600a\kotlin-stdlib-jdk8-1.4.21.jar;C:\Users\Jire\.gradle\caches\modules-2\files-2.1\org.jetbrains.kotlin\kotlin-stdlib-common\1.5.10\6b84d926e28493be69daf673e40076f89492ef7\kotlin-stdlib-common-1.5.10.jar;C:\Users\Jire\.gradle\caches\modules-2\files-2.1\it.unimi.dsi\fastutil-extra\8.5.4\912b86862ad070dd3d21f51e05e361eba1f515da\fastutil-extra-8.5.4.jar;C:\Users\Jire\.gradle\caches\modules-2\files-2.1\org.jetbrains.kotlin\kotlin-stdlib-jdk7\1.4.21\26b6082f9296911bdcb8e72a7cc68692c7025a03\kotlin-stdlib-jdk7-1.4.21.jar;C:\Users\Jire\.gradle\caches\modules-2\files-2.1\it.unimi.dsi\fastutil-core\8.5.4\c693557ee87e311340eb0f8a811b8bca027af421\fastutil-core-8.5.4.jar;C:\Users\Jire\.gradle\caches\modules-2\files-2.1\net.openhft\chronicle-core\2.20.125\8b2d34ec1d9cc15ade6ada2a8e79c058d937177f\chronicle-core-2.20.125.jar;C:\Users\Jire\.gradle\caches\modules-2\files-2.1\org.openjdk.jmh\jmh-core\1.25\4f0e5e7c894cbc3e34da69db45ed41bc4d29d21e\jmh-core-1.25.jar;C:\Users\Jire\.gradle\caches\modules-2\files-2.1\org.je
Launcher Type: SUN_STANDARD

[Global flags]
     intx CICompilerCount                          = 4                                         {product} {ergonomic}
     uint ConcGCThreads                            = 2                                         {product} {ergonomic}
     uint G1ConcRefinementThreads                  = 8                                         {product} {ergonomic}
   size_t G1HeapRegionSize                         = 2097152                                   {product} {ergonomic}
    uintx GCDrainStackTargetSize                   = 64                                        {product} {ergonomic}
   size_t InitialHeapSize                          = 536870912                                 {product} {ergonomic}
   size_t MarkStackSize                            = 4194304                                   {product} {ergonomic}
   size_t MaxHeapSize                              = 8575254528                                {product} {ergonomic}
   size_t MaxNewSize                               = 5144313856                                {product} {ergonomic}
   size_t MinHeapDeltaBytes                        = 2097152                                   {product} {ergonomic}
    uintx NonNMethodCodeHeapSize                   = 5836300                                {pd product} {ergonomic}
    uintx NonProfiledCodeHeapSize                  = 122910970                              {pd product} {ergonomic}
    uintx ProfiledCodeHeapSize                     = 122910970                              {pd product} {ergonomic}
    uintx ReservedCodeCacheSize                    = 251658240                              {pd product} {ergonomic}
     bool SegmentedCodeCache                       = true                                      {product} {ergonomic}
     bool UseCompressedClassPointers               = true                                 {lp64_product} {ergonomic}
     bool UseCompressedOops                        = true                                 {lp64_product} {ergonomic}
     bool UseG1GC                                  = true                                      {product} {ergonomic}
     bool UseLargePagesIndividualAllocation        = false                                  {pd product} {ergonomic}

Logging:
Log output configuration:
 #0: stdout all=warning uptime,level,tags
 #1: stderr all=off uptime,level,tags

Environment Variables:
JAVA_HOME=C:\Program Files\AdoptOpenJDK\jdk-11.0.10.9-hotspot\
PATH=C:\Program Files\AdoptOpenJDK\jdk-11.0.10.9-hotspot\bin;C:\WINDOWS\system32;C:\WINDOWS;C:\WINDOWS\System32\Wbem;C:\WINDOWS\System32\WindowsPowerShell\v1.0\;C:\WINDOWS\System32\OpenSSH\;C:\Program Files\Git\cmd;C:\Program Files (x86)\Gpg4win\..\GnuPG\bin;C:\Users\Jire\Documents\SysinternalsSuite;C:\Program Files\PuTTY\;C:\Program Files\dotnet\;C:\Users\Jire\AppData\Local\Microsoft\WindowsApps;C:\Program Files\JetBrains\IntelliJ IDEA 2021.2\bin;C:\Users\Jire\AppData\Local\Programs\Microsoft VS Code\bin;C:\Program Files\JetBrains\PhpStorm 2021.1\bin;C:\Users\Jire\.dotnet\tools
USERNAME=Jire
OS=Windows_NT
PROCESSOR_IDENTIFIER=Intel64 Family 6 Model 94 Stepping 3, GenuineIntel



---------------  S Y S T E M  ---------------

OS: Windows 10 , 64 bit Build 19041 (10.0.19041.1151)
OS uptime: 0 days 4:42 hours

CPU:total 8 (initial active 8) (4 cores per cpu, 2 threads per core) family 6 model 94 stepping 3 microcode 0xd6, cmov, cx8, fxsr, mmx, sse, sse2, sse3, ssse3, sse4.1, sse4.2, popcnt, avx, avx2, aes, clmul, erms, rtm, 3dnowpref, lzcnt, ht, tsc, tscinvbit, bmi1, bmi2, adx, fma

Memory: 4k page, system-wide physical 32707M (12898M free)
TotalPageFile size 37571M (AvailPageFile size 13439M)
current process WorkingSet (physical memory assigned to process): 6945M, peak: 6945M
current process commit charge ("private bytes"): 7608M, peak: 7608M

vm_info: OpenJDK 64-Bit Server VM (11.0.10+9) for windows-amd64 JRE (11.0.10+9), built on Jan 20 2021 06:07:07 by "" with MS VC++ 15.9 (VS2017)

END.
