#
# A fatal error has been detected by the Java Runtime Environment:
#
#  EXCEPTION_ACCESS_VIOLATION (0xc0000005) at pc=0x0000015807b2e932, pid=8640, tid=12268
#
# JRE version: OpenJDK Runtime Environment AdoptOpenJDK (11.0.10+9) (build 11.0.10+9)
# Java VM: OpenJDK 64-Bit Server VM AdoptOpenJDK (11.0.10+9, mixed mode, tiered, compressed oops, g1 gc, windows-amd64)
# Problematic frame:
# J 1071 c2 org.jire.kna.Pointer.getInt-impl(JJ)I (12 bytes) @ 0x0000015807b2e932 [0x0000015807b2e920+0x0000000000000012]
#
# No core dump will be written. Minidumps are not enabled by default on client versions of Windows
#
# If you would like to submit a bug report, please visit:
#   https://github.com/AdoptOpenJDK/openjdk-support/issues
#

---------------  S U M M A R Y ------------

Command Line: -javaagent:C:\Program Files\JetBrains\IntelliJ IDEA 2021.2\lib\idea_rt.jar=1063:C:\Program Files\JetBrains\IntelliJ IDEA 2021.2\bin -Dfile.encoding=UTF-8 org.jire.leagueofjire.LeagueOfJire

Host: Intel(R) Core(TM) i7-6700K CPU @ 4.00GHz, 8 cores, 31G,  Windows 10 , 64 bit Build 19041 (10.0.19041.1151)
Time: Sat Aug 21 04:40:42 2021 Eastern Daylight Time elapsed time: 4.278417 seconds (0d 0h 0m 4s)

---------------  T H R E A D  ---------------

Current thread (0x000001586eb9c000):  JavaThread "main" [_thread_in_Java, id=12268, stack(0x0000003bd4b00000,0x0000003bd4c00000)]

Stack: [0x0000003bd4b00000,0x0000003bd4c00000],  sp=0x0000003bd4bff400,  free space=1021k
Native frames: (J=compiled Java code, j=interpreted, Vv=VM code, C=native code)
C  0x0000015807b2e932


siginfo: EXCEPTION_ACCESS_VIOLATION (0xc0000005), reading address 0xffffffffffffffff


Register to memory mapping:

RIP=0x0000015807b2e932 is at entry_point+18 in (nmethod*)0x0000015807b2e790
RAX={method} {0x000001587fcf4a08} 'getInt-impl' '(JJ)I' in 'org/jire/kna/Pointer'
RBX={method} {0x000001587fcf4a08} 'getInt-impl' '(JJ)I' in 'org/jire/kna/Pointer'
RCX=0x000001587fcfda80 is pointing into metadata
RDX=0xffffffffffffffff is an unknown value
RSP=0x0000003bd4bff400 is pointing into the stack for thread: 0x000001586eb9c000
RBP=0x0000003bd4bff498 is pointing into the stack for thread: 0x000001586eb9c000
RSI=0x0 is NULL
RDI=0x0000000000000030 is an unknown value
R8 =0x0 is NULL
R9 =0x000000000000002d is an unknown value
R10=0xffffffffffffffff is an unknown value
R11=0x0000015807b2e920 is at entry_point+0 in (nmethod*)0x0000015807b2e790
R12=0x0 is NULL
R13=0x0000003bd4bff430 is pointing into the stack for thread: 0x000001586eb9c000
R14=0x0000003bd4bff598 is pointing into the stack for thread: 0x000001586eb9c000
R15=0x000001586eb9c000 is a thread


Registers:
RAX=0x000001587fcf4a00, RBX=0x000001587fcf4a00, RCX=0x000001587fcfda80, RDX=0xffffffffffffffff
RSP=0x0000003bd4bff400, RBP=0x0000003bd4bff498, RSI=0x0000000000000000, RDI=0x0000000000000030
R8 =0x0000000000000000, R9 =0x000000000000002d, R10=0xffffffffffffffff, R11=0x0000015807b2e920
R12=0x0000000000000000, R13=0x0000003bd4bff430, R14=0x0000003bd4bff598, R15=0x000001586eb9c000
RIP=0x0000015807b2e932, EFLAGS=0x0000000000010286

Top of Stack: (sp=0x0000003bd4bff400)
0x0000003bd4bff400:   0000003bd4bff498 0000015800009915
0x0000003bd4bff410:   0000003bd4bff498 0000015800009b40
0x0000003bd4bff420:   0000015800009c55 0000015800009b40
0x0000003bd4bff430:   0000000000000000 0000000000000000
0x0000003bd4bff440:   ffffffffffffffff 0000000000000000
0x0000003bd4bff450:   0000003bd4bff450 000001587fcfd654
0x0000003bd4bff460:   0000003bd4bff598 000001587fcfda80
0x0000003bd4bff470:   000001587fd6e4f0 000000061f4061f0
0x0000003bd4bff480:   000001587fcfd890 0000003bd4bff430
0x0000003bd4bff490:   0000003bd4bff580 0000003bd4bff5f0
0x0000003bd4bff4a0:   000001580000a127 0000000000000000
0x0000003bd4bff4b0:   0000000000000000 0000000000000000
0x0000003bd4bff4c0:   0000000000000000 0000000000000000
0x0000003bd4bff4d0:   0000000000000000 0000000000000000
0x0000003bd4bff4e0:   0000000000000000 0000000000000000
0x0000003bd4bff4f0:   0000000000000000 0000000000000000 

Instructions: (pc=0x0000015807b2e932)
0x0000015807b2e832:   b2 07 58 01 00 00 90 e9 b2 07 58 01 00 00 90 e9
0x0000015807b2e842:   b2 07 58 01 00 00 00 00 00 00 00 00 00 00 00 00
0x0000015807b2e852:   00 00 00 00 00 00 00 00 00 00 00 00 00 00 ff ff
0x0000015807b2e862:   ff ff 00 00 00 00 00 00 00 00 00 00 00 00 00 00
0x0000015807b2e872:   00 00 00 00 00 00 00 00 00 00 00 00 00 00 00 00
0x0000015807b2e882:   00 00 00 00 00 00 00 00 00 00 00 00 00 00 20 e9
0x0000015807b2e892:   b2 07 58 01 00 00 20 e9 b2 07 58 01 00 00 20 e9
0x0000015807b2e8a2:   b2 07 58 01 00 00 d0 01 00 00 ff ff ff ff 90 01
0x0000015807b2e8b2:   00 00 d0 01 00 00 e8 01 00 00 f0 01 00 00 00 00
0x0000015807b2e8c2:   00 00 00 02 00 00 20 02 00 00 28 02 00 00 28 02
0x0000015807b2e8d2:   00 00 28 02 00 00 00 00 00 00 2f 04 00 00 04 00
0x0000015807b2e8e2:   00 00 00 00 00 00 00 00 00 00 02 00 00 00 00 00
0x0000015807b2e8f2:   00 00 00 00 00 00 e0 01 00 00 ff ff ff ff ff ff
0x0000015807b2e902:   ff ff 00 00 00 00 21 b0 1f 00 00 64 0f 64 00 00
0x0000015807b2e912:   00 00 00 00 00 00 00 00 00 00 00 00 00 00 48 81
0x0000015807b2e922:   ec 18 00 00 00 48 89 6c 24 10 49 03 d0 4c 8b d2
0x0000015807b2e932:   41 8b 02 48 83 c4 10 5d 4d 8b 97 08 01 00 00 41
0x0000015807b2e942:   85 02 c3 f4 f4 f4 f4 f4 f4 f4 f4 f4 f4 f4 f4 f4
0x0000015807b2e952:   f4 f4 f4 f4 f4 f4 f4 f4 f4 f4 f4 f4 f4 f4 e9 9b
0x0000015807b2e962:   c5 5b f8 e8 00 00 00 00 48 83 2c 24 05 e9 2c 8d
0x0000015807b2e972:   4f f8 f4 f4 f4 f4 c0 05 40 1f 06 00 00 00 48 a0
0x0000015807b2e982:   ac 7f 58 01 00 00 ff 00 00 00 00 00 00 00 ff ff
0x0000015807b2e992:   ff ff 00 00 00 00 00 00 00 00 00 00 00 00 59 00
0x0000015807b2e9a2:   00 00 00 00 00 00 00 00 00 00 00 00 00 00 16 01
0x0000015807b2e9b2:   00 00 00 00 00 00 00 00 00 00 00 00 00 00 00 00
0x0000015807b2e9c2:   00 00 00 00 00 00 00 00 00 00 00 00 00 00 00 00
0x0000015807b2e9d2:   00 00 00 00 00 00 00 00 00 00 00 00 00 00 00 00
0x0000015807b2e9e2:   00 00 00 00 00 00 00 00 00 00 00 00 00 00 00 00
0x0000015807b2e9f2:   00 00 00 00 00 00 00 00 00 00 00 00 00 00 09 00
0x0000015807b2ea02:   00 00 00 00 00 00 01 00 00 00 00 00 00 00 f8 2b
0x0000015807b2ea12:   92 d2 fe 7f 00 00 00 00 00 00 28 04 00 00 78 01
0x0000015807b2ea22:   00 00 3a 00 00 00 20 04 00 00 12 00 00 00 c0 eb 


Stack slot to memory mapping:
stack at sp + 0 slots: 0x0000003bd4bff498 is pointing into the stack for thread: 0x000001586eb9c000
stack at sp + 1 slots: 0x0000015800009915 is at code_begin+277 in an Interpreter codelet
invoke return entry points  [0x0000015800009800, 0x000001580000a200]  2560 bytes
stack at sp + 2 slots: 0x0000003bd4bff498 is pointing into the stack for thread: 0x000001586eb9c000
stack at sp + 3 slots: 0x0000015800009b40 is at code_begin+832 in an Interpreter codelet
invoke return entry points  [0x0000015800009800, 0x000001580000a200]  2560 bytes
stack at sp + 4 slots: 0x0000015800009c55 is at code_begin+1109 in an Interpreter codelet
invoke return entry points  [0x0000015800009800, 0x000001580000a200]  2560 bytes
stack at sp + 5 slots: 0x0000015800009b40 is at code_begin+832 in an Interpreter codelet
invoke return entry points  [0x0000015800009800, 0x000001580000a200]  2560 bytes
stack at sp + 6 slots: 0x0 is NULL
stack at sp + 7 slots: 0x0 is NULL



---------------  P R O C E S S  ---------------

Threads class SMR info:
_java_thread_list=0x000001587dd339e0, length=11, elements={
0x000001586eb9c000, 0x000001587da60000, 0x000001587da89800, 0x000001587dadb800,
0x000001587dadd000, 0x000001587dadf000, 0x000001587dae2800, 0x000001587dae8000,
0x000001587daf4800, 0x000001587dc59800, 0x000001587dfb8800
}

Java Threads: ( => current thread )
=>0x000001586eb9c000 JavaThread "main" [_thread_in_Java, id=12268, stack(0x0000003bd4b00000,0x0000003bd4c00000)]
  0x000001587da60000 JavaThread "Reference Handler" daemon [_thread_blocked, id=8120, stack(0x0000003bd5200000,0x0000003bd5300000)]
  0x000001587da89800 JavaThread "Finalizer" daemon [_thread_blocked, id=14656, stack(0x0000003bd5300000,0x0000003bd5400000)]
  0x000001587dadb800 JavaThread "Signal Dispatcher" daemon [_thread_blocked, id=14872, stack(0x0000003bd5400000,0x0000003bd5500000)]
  0x000001587dadd000 JavaThread "Attach Listener" daemon [_thread_blocked, id=16724, stack(0x0000003bd5500000,0x0000003bd5600000)]
  0x000001587dadf000 JavaThread "Service Thread" daemon [_thread_blocked, id=14812, stack(0x0000003bd5600000,0x0000003bd5700000)]
  0x000001587dae2800 JavaThread "C2 CompilerThread0" daemon [_thread_blocked, id=7656, stack(0x0000003bd5700000,0x0000003bd5800000)]
  0x000001587dae8000 JavaThread "C1 CompilerThread0" daemon [_thread_blocked, id=12308, stack(0x0000003bd5800000,0x0000003bd5900000)]
  0x000001587daf4800 JavaThread "Sweeper thread" daemon [_thread_blocked, id=3728, stack(0x0000003bd5900000,0x0000003bd5a00000)]
  0x000001587dc59800 JavaThread "Common-Cleaner" daemon [_thread_blocked, id=17060, stack(0x0000003bd5a00000,0x0000003bd5b00000)]
  0x000001587dfb8800 JavaThread "Monitor Ctrl-Break" daemon [_thread_in_native, id=14892, stack(0x0000003bd5c00000,0x0000003bd5d00000)]

Other Threads:
  0x000001587da5f000 VMThread "VM Thread" [stack: 0x0000003bd5100000,0x0000003bd5200000] [id=1436]
  0x000001587dfd7000 WatcherThread [stack: 0x0000003bd5d00000,0x0000003bd5e00000] [id=15132]
  0x000001586ebb3800 GCTaskThread "GC Thread#0" [stack: 0x0000003bd4c00000,0x0000003bd4d00000] [id=7952]
  0x000001581ff50800 GCTaskThread "GC Thread#1" [stack: 0x0000003bd5b00000,0x0000003bd5c00000] [id=13132]
  0x000001581ff51000 GCTaskThread "GC Thread#2" [stack: 0x0000003bd5e00000,0x0000003bd5f00000] [id=15664]
  0x000001581ff51800 GCTaskThread "GC Thread#3" [stack: 0x0000003bd5f00000,0x0000003bd6000000] [id=15024]
  0x000001581ff52800 GCTaskThread "GC Thread#4" [stack: 0x0000003bd6000000,0x0000003bd6100000] [id=15276]
  0x000001581ff53000 GCTaskThread "GC Thread#5" [stack: 0x0000003bd6100000,0x0000003bd6200000] [id=15588]
  0x000001581ff54000 GCTaskThread "GC Thread#6" [stack: 0x0000003bd6200000,0x0000003bd6300000] [id=17108]
  0x0000015827f7c800 GCTaskThread "GC Thread#7" [stack: 0x0000003bd6300000,0x0000003bd6400000] [id=16252]
  0x000001586ec33000 ConcurrentGCThread "G1 Main Marker" [stack: 0x0000003bd4d00000,0x0000003bd4e00000] [id=14728]
  0x000001586ec35000 ConcurrentGCThread "G1 Conc#0" [stack: 0x0000003bd4e00000,0x0000003bd4f00000] [id=6828]
  0x000001587d0bf000 ConcurrentGCThread "G1 Refine#0" [stack: 0x0000003bd4f00000,0x0000003bd5000000] [id=16088]
  0x000001587d0c0000 ConcurrentGCThread "G1 Young RemSet Sampling" [stack: 0x0000003bd5000000,0x0000003bd5100000] [id=580]

Threads with active compile tasks:

VM state:not at safepoint (normal execution)

VM Mutex/Monitor currently owned by a thread: None

Heap address: 0x0000000600e00000, size: 8178 MB, Compressed Oops mode: Zero based, Oop shift amount: 3
Narrow klass base: 0x0000000800000000, Narrow klass shift: 0
Compressed class space size: 1073741824 Address: 0x0000000800000000

Heap:
 garbage-first heap   total 524288K, used 16719K [0x0000000600e00000, 0x0000000800000000)
  region size 2048K, 9 young (18432K), 2 survivors (4096K)
 Metaspace       used 12898K, capacity 13037K, committed 13184K, reserved 1060864K
  class space    used 1303K, capacity 1364K, committed 1408K, reserved 1048576K
Heap Regions: E=young(eden), S=young(survivor), O=old, HS=humongous(starts), HC=humongous(continues), CS=collection set, F=free, A=archive, TAMS=top-at-mark-start (previous, next)
|   0|0x0000000600e00000, 0x0000000600e53c00, 0x0000000601000000| 16%| O|  |TAMS 0x0000000600e00000, 0x0000000600e00000| Untracked 
|   1|0x0000000601000000, 0x0000000601000000, 0x0000000601200000|  0%| F|  |TAMS 0x0000000601000000, 0x0000000601000000| Untracked 
|   2|0x0000000601200000, 0x0000000601200000, 0x0000000601400000|  0%| F|  |TAMS 0x0000000601200000, 0x0000000601200000| Untracked 
|   3|0x0000000601400000, 0x0000000601400000, 0x0000000601600000|  0%| F|  |TAMS 0x0000000601400000, 0x0000000601400000| Untracked 
|   4|0x0000000601600000, 0x0000000601600000, 0x0000000601800000|  0%| F|  |TAMS 0x0000000601600000, 0x0000000601600000| Untracked 
|   5|0x0000000601800000, 0x0000000601800000, 0x0000000601a00000|  0%| F|  |TAMS 0x0000000601800000, 0x0000000601800000| Untracked 
|   6|0x0000000601a00000, 0x0000000601a00000, 0x0000000601c00000|  0%| F|  |TAMS 0x0000000601a00000, 0x0000000601a00000| Untracked 
|   7|0x0000000601c00000, 0x0000000601c00000, 0x0000000601e00000|  0%| F|  |TAMS 0x0000000601c00000, 0x0000000601c00000| Untracked 
|   8|0x0000000601e00000, 0x0000000601e00000, 0x0000000602000000|  0%| F|  |TAMS 0x0000000601e00000, 0x0000000601e00000| Untracked 
|   9|0x0000000602000000, 0x0000000602000000, 0x0000000602200000|  0%| F|  |TAMS 0x0000000602000000, 0x0000000602000000| Untracked 
|  10|0x0000000602200000, 0x0000000602200000, 0x0000000602400000|  0%| F|  |TAMS 0x0000000602200000, 0x0000000602200000| Untracked 
|  11|0x0000000602400000, 0x0000000602400000, 0x0000000602600000|  0%| F|  |TAMS 0x0000000602400000, 0x0000000602400000| Untracked 
|  12|0x0000000602600000, 0x0000000602600000, 0x0000000602800000|  0%| F|  |TAMS 0x0000000602600000, 0x0000000602600000| Untracked 
|  13|0x0000000602800000, 0x0000000602800000, 0x0000000602a00000|  0%| F|  |TAMS 0x0000000602800000, 0x0000000602800000| Untracked 
|  14|0x0000000602a00000, 0x0000000602a00000, 0x0000000602c00000|  0%| F|  |TAMS 0x0000000602a00000, 0x0000000602a00000| Untracked 
|  15|0x0000000602c00000, 0x0000000602c00000, 0x0000000602e00000|  0%| F|  |TAMS 0x0000000602c00000, 0x0000000602c00000| Untracked 
|  16|0x0000000602e00000, 0x0000000602e00000, 0x0000000603000000|  0%| F|  |TAMS 0x0000000602e00000, 0x0000000602e00000| Untracked 
|  17|0x0000000603000000, 0x0000000603000000, 0x0000000603200000|  0%| F|  |TAMS 0x0000000603000000, 0x0000000603000000| Untracked 
|  18|0x0000000603200000, 0x0000000603200000, 0x0000000603400000|  0%| F|  |TAMS 0x0000000603200000, 0x0000000603200000| Untracked 
|  19|0x0000000603400000, 0x0000000603400000, 0x0000000603600000|  0%| F|  |TAMS 0x0000000603400000, 0x0000000603400000| Untracked 
|  20|0x0000000603600000, 0x0000000603600000, 0x0000000603800000|  0%| F|  |TAMS 0x0000000603600000, 0x0000000603600000| Untracked 
|  21|0x0000000603800000, 0x0000000603800000, 0x0000000603a00000|  0%| F|  |TAMS 0x0000000603800000, 0x0000000603800000| Untracked 
|  22|0x0000000603a00000, 0x0000000603a00000, 0x0000000603c00000|  0%| F|  |TAMS 0x0000000603a00000, 0x0000000603a00000| Untracked 
|  23|0x0000000603c00000, 0x0000000603c00000, 0x0000000603e00000|  0%| F|  |TAMS 0x0000000603c00000, 0x0000000603c00000| Untracked 
|  24|0x0000000603e00000, 0x0000000603e00000, 0x0000000604000000|  0%| F|  |TAMS 0x0000000603e00000, 0x0000000603e00000| Untracked 
|  25|0x0000000604000000, 0x0000000604000000, 0x0000000604200000|  0%| F|  |TAMS 0x0000000604000000, 0x0000000604000000| Untracked 
|  26|0x0000000604200000, 0x0000000604200000, 0x0000000604400000|  0%| F|  |TAMS 0x0000000604200000, 0x0000000604200000| Untracked 
|  27|0x0000000604400000, 0x0000000604400000, 0x0000000604600000|  0%| F|  |TAMS 0x0000000604400000, 0x0000000604400000| Untracked 
|  28|0x0000000604600000, 0x0000000604600000, 0x0000000604800000|  0%| F|  |TAMS 0x0000000604600000, 0x0000000604600000| Untracked 
|  29|0x0000000604800000, 0x0000000604800000, 0x0000000604a00000|  0%| F|  |TAMS 0x0000000604800000, 0x0000000604800000| Untracked 
|  30|0x0000000604a00000, 0x0000000604a00000, 0x0000000604c00000|  0%| F|  |TAMS 0x0000000604a00000, 0x0000000604a00000| Untracked 
|  31|0x0000000604c00000, 0x0000000604c00000, 0x0000000604e00000|  0%| F|  |TAMS 0x0000000604c00000, 0x0000000604c00000| Untracked 
|  32|0x0000000604e00000, 0x0000000604e00000, 0x0000000605000000|  0%| F|  |TAMS 0x0000000604e00000, 0x0000000604e00000| Untracked 
|  33|0x0000000605000000, 0x0000000605000000, 0x0000000605200000|  0%| F|  |TAMS 0x0000000605000000, 0x0000000605000000| Untracked 
|  34|0x0000000605200000, 0x0000000605200000, 0x0000000605400000|  0%| F|  |TAMS 0x0000000605200000, 0x0000000605200000| Untracked 
|  35|0x0000000605400000, 0x0000000605400000, 0x0000000605600000|  0%| F|  |TAMS 0x0000000605400000, 0x0000000605400000| Untracked 
|  36|0x0000000605600000, 0x0000000605600000, 0x0000000605800000|  0%| F|  |TAMS 0x0000000605600000, 0x0000000605600000| Untracked 
|  37|0x0000000605800000, 0x0000000605800000, 0x0000000605a00000|  0%| F|  |TAMS 0x0000000605800000, 0x0000000605800000| Untracked 
|  38|0x0000000605a00000, 0x0000000605a00000, 0x0000000605c00000|  0%| F|  |TAMS 0x0000000605a00000, 0x0000000605a00000| Untracked 
|  39|0x0000000605c00000, 0x0000000605c00000, 0x0000000605e00000|  0%| F|  |TAMS 0x0000000605c00000, 0x0000000605c00000| Untracked 
|  40|0x0000000605e00000, 0x0000000605e00000, 0x0000000606000000|  0%| F|  |TAMS 0x0000000605e00000, 0x0000000605e00000| Untracked 
|  41|0x0000000606000000, 0x0000000606000000, 0x0000000606200000|  0%| F|  |TAMS 0x0000000606000000, 0x0000000606000000| Untracked 
|  42|0x0000000606200000, 0x0000000606200000, 0x0000000606400000|  0%| F|  |TAMS 0x0000000606200000, 0x0000000606200000| Untracked 
|  43|0x0000000606400000, 0x0000000606400000, 0x0000000606600000|  0%| F|  |TAMS 0x0000000606400000, 0x0000000606400000| Untracked 
|  44|0x0000000606600000, 0x0000000606600000, 0x0000000606800000|  0%| F|  |TAMS 0x0000000606600000, 0x0000000606600000| Untracked 
|  45|0x0000000606800000, 0x0000000606800000, 0x0000000606a00000|  0%| F|  |TAMS 0x0000000606800000, 0x0000000606800000| Untracked 
|  46|0x0000000606a00000, 0x0000000606a00000, 0x0000000606c00000|  0%| F|  |TAMS 0x0000000606a00000, 0x0000000606a00000| Untracked 
|  47|0x0000000606c00000, 0x0000000606c00000, 0x0000000606e00000|  0%| F|  |TAMS 0x0000000606c00000, 0x0000000606c00000| Untracked 
|  48|0x0000000606e00000, 0x0000000606e00000, 0x0000000607000000|  0%| F|  |TAMS 0x0000000606e00000, 0x0000000606e00000| Untracked 
|  49|0x0000000607000000, 0x0000000607000000, 0x0000000607200000|  0%| F|  |TAMS 0x0000000607000000, 0x0000000607000000| Untracked 
|  50|0x0000000607200000, 0x0000000607200000, 0x0000000607400000|  0%| F|  |TAMS 0x0000000607200000, 0x0000000607200000| Untracked 
|  51|0x0000000607400000, 0x0000000607400000, 0x0000000607600000|  0%| F|  |TAMS 0x0000000607400000, 0x0000000607400000| Untracked 
|  52|0x0000000607600000, 0x0000000607600000, 0x0000000607800000|  0%| F|  |TAMS 0x0000000607600000, 0x0000000607600000| Untracked 
|  53|0x0000000607800000, 0x0000000607800000, 0x0000000607a00000|  0%| F|  |TAMS 0x0000000607800000, 0x0000000607800000| Untracked 
|  54|0x0000000607a00000, 0x0000000607a00000, 0x0000000607c00000|  0%| F|  |TAMS 0x0000000607a00000, 0x0000000607a00000| Untracked 
|  55|0x0000000607c00000, 0x0000000607c00000, 0x0000000607e00000|  0%| F|  |TAMS 0x0000000607c00000, 0x0000000607c00000| Untracked 
|  56|0x0000000607e00000, 0x0000000607e00000, 0x0000000608000000|  0%| F|  |TAMS 0x0000000607e00000, 0x0000000607e00000| Untracked 
|  57|0x0000000608000000, 0x0000000608000000, 0x0000000608200000|  0%| F|  |TAMS 0x0000000608000000, 0x0000000608000000| Untracked 
|  58|0x0000000608200000, 0x0000000608200000, 0x0000000608400000|  0%| F|  |TAMS 0x0000000608200000, 0x0000000608200000| Untracked 
|  59|0x0000000608400000, 0x0000000608400000, 0x0000000608600000|  0%| F|  |TAMS 0x0000000608400000, 0x0000000608400000| Untracked 
|  60|0x0000000608600000, 0x0000000608600000, 0x0000000608800000|  0%| F|  |TAMS 0x0000000608600000, 0x0000000608600000| Untracked 
|  61|0x0000000608800000, 0x0000000608800000, 0x0000000608a00000|  0%| F|  |TAMS 0x0000000608800000, 0x0000000608800000| Untracked 
|  62|0x0000000608a00000, 0x0000000608a00000, 0x0000000608c00000|  0%| F|  |TAMS 0x0000000608a00000, 0x0000000608a00000| Untracked 
|  63|0x0000000608c00000, 0x0000000608c00000, 0x0000000608e00000|  0%| F|  |TAMS 0x0000000608c00000, 0x0000000608c00000| Untracked 
|  64|0x0000000608e00000, 0x0000000608e00000, 0x0000000609000000|  0%| F|  |TAMS 0x0000000608e00000, 0x0000000608e00000| Untracked 
|  65|0x0000000609000000, 0x0000000609000000, 0x0000000609200000|  0%| F|  |TAMS 0x0000000609000000, 0x0000000609000000| Untracked 
|  66|0x0000000609200000, 0x0000000609200000, 0x0000000609400000|  0%| F|  |TAMS 0x0000000609200000, 0x0000000609200000| Untracked 
|  67|0x0000000609400000, 0x0000000609400000, 0x0000000609600000|  0%| F|  |TAMS 0x0000000609400000, 0x0000000609400000| Untracked 
|  68|0x0000000609600000, 0x0000000609600000, 0x0000000609800000|  0%| F|  |TAMS 0x0000000609600000, 0x0000000609600000| Untracked 
|  69|0x0000000609800000, 0x0000000609800000, 0x0000000609a00000|  0%| F|  |TAMS 0x0000000609800000, 0x0000000609800000| Untracked 
|  70|0x0000000609a00000, 0x0000000609a00000, 0x0000000609c00000|  0%| F|  |TAMS 0x0000000609a00000, 0x0000000609a00000| Untracked 
|  71|0x0000000609c00000, 0x0000000609c00000, 0x0000000609e00000|  0%| F|  |TAMS 0x0000000609c00000, 0x0000000609c00000| Untracked 
|  72|0x0000000609e00000, 0x0000000609e00000, 0x000000060a000000|  0%| F|  |TAMS 0x0000000609e00000, 0x0000000609e00000| Untracked 
|  73|0x000000060a000000, 0x000000060a000000, 0x000000060a200000|  0%| F|  |TAMS 0x000000060a000000, 0x000000060a000000| Untracked 
|  74|0x000000060a200000, 0x000000060a200000, 0x000000060a400000|  0%| F|  |TAMS 0x000000060a200000, 0x000000060a200000| Untracked 
|  75|0x000000060a400000, 0x000000060a400000, 0x000000060a600000|  0%| F|  |TAMS 0x000000060a400000, 0x000000060a400000| Untracked 
|  76|0x000000060a600000, 0x000000060a600000, 0x000000060a800000|  0%| F|  |TAMS 0x000000060a600000, 0x000000060a600000| Untracked 
|  77|0x000000060a800000, 0x000000060a800000, 0x000000060aa00000|  0%| F|  |TAMS 0x000000060a800000, 0x000000060a800000| Untracked 
|  78|0x000000060aa00000, 0x000000060aa00000, 0x000000060ac00000|  0%| F|  |TAMS 0x000000060aa00000, 0x000000060aa00000| Untracked 
|  79|0x000000060ac00000, 0x000000060ac00000, 0x000000060ae00000|  0%| F|  |TAMS 0x000000060ac00000, 0x000000060ac00000| Untracked 
|  80|0x000000060ae00000, 0x000000060ae00000, 0x000000060b000000|  0%| F|  |TAMS 0x000000060ae00000, 0x000000060ae00000| Untracked 
|  81|0x000000060b000000, 0x000000060b000000, 0x000000060b200000|  0%| F|  |TAMS 0x000000060b000000, 0x000000060b000000| Untracked 
|  82|0x000000060b200000, 0x000000060b200000, 0x000000060b400000|  0%| F|  |TAMS 0x000000060b200000, 0x000000060b200000| Untracked 
|  83|0x000000060b400000, 0x000000060b400000, 0x000000060b600000|  0%| F|  |TAMS 0x000000060b400000, 0x000000060b400000| Untracked 
|  84|0x000000060b600000, 0x000000060b600000, 0x000000060b800000|  0%| F|  |TAMS 0x000000060b600000, 0x000000060b600000| Untracked 
|  85|0x000000060b800000, 0x000000060b800000, 0x000000060ba00000|  0%| F|  |TAMS 0x000000060b800000, 0x000000060b800000| Untracked 
|  86|0x000000060ba00000, 0x000000060ba00000, 0x000000060bc00000|  0%| F|  |TAMS 0x000000060ba00000, 0x000000060ba00000| Untracked 
|  87|0x000000060bc00000, 0x000000060bc00000, 0x000000060be00000|  0%| F|  |TAMS 0x000000060bc00000, 0x000000060bc00000| Untracked 
|  88|0x000000060be00000, 0x000000060be00000, 0x000000060c000000|  0%| F|  |TAMS 0x000000060be00000, 0x000000060be00000| Untracked 
|  89|0x000000060c000000, 0x000000060c000000, 0x000000060c200000|  0%| F|  |TAMS 0x000000060c000000, 0x000000060c000000| Untracked 
|  90|0x000000060c200000, 0x000000060c200000, 0x000000060c400000|  0%| F|  |TAMS 0x000000060c200000, 0x000000060c200000| Untracked 
|  91|0x000000060c400000, 0x000000060c400000, 0x000000060c600000|  0%| F|  |TAMS 0x000000060c400000, 0x000000060c400000| Untracked 
|  92|0x000000060c600000, 0x000000060c600000, 0x000000060c800000|  0%| F|  |TAMS 0x000000060c600000, 0x000000060c600000| Untracked 
|  93|0x000000060c800000, 0x000000060c800000, 0x000000060ca00000|  0%| F|  |TAMS 0x000000060c800000, 0x000000060c800000| Untracked 
|  94|0x000000060ca00000, 0x000000060ca00000, 0x000000060cc00000|  0%| F|  |TAMS 0x000000060ca00000, 0x000000060ca00000| Untracked 
|  95|0x000000060cc00000, 0x000000060cc00000, 0x000000060ce00000|  0%| F|  |TAMS 0x000000060cc00000, 0x000000060cc00000| Untracked 
|  96|0x000000060ce00000, 0x000000060ce00000, 0x000000060d000000|  0%| F|  |TAMS 0x000000060ce00000, 0x000000060ce00000| Untracked 
|  97|0x000000060d000000, 0x000000060d000000, 0x000000060d200000|  0%| F|  |TAMS 0x000000060d000000, 0x000000060d000000| Untracked 
|  98|0x000000060d200000, 0x000000060d200000, 0x000000060d400000|  0%| F|  |TAMS 0x000000060d200000, 0x000000060d200000| Untracked 
|  99|0x000000060d400000, 0x000000060d400000, 0x000000060d600000|  0%| F|  |TAMS 0x000000060d400000, 0x000000060d400000| Untracked 
| 100|0x000000060d600000, 0x000000060d600000, 0x000000060d800000|  0%| F|  |TAMS 0x000000060d600000, 0x000000060d600000| Untracked 
| 101|0x000000060d800000, 0x000000060d800000, 0x000000060da00000|  0%| F|  |TAMS 0x000000060d800000, 0x000000060d800000| Untracked 
| 102|0x000000060da00000, 0x000000060da00000, 0x000000060dc00000|  0%| F|  |TAMS 0x000000060da00000, 0x000000060da00000| Untracked 
| 103|0x000000060dc00000, 0x000000060dc00000, 0x000000060de00000|  0%| F|  |TAMS 0x000000060dc00000, 0x000000060dc00000| Untracked 
| 104|0x000000060de00000, 0x000000060de00000, 0x000000060e000000|  0%| F|  |TAMS 0x000000060de00000, 0x000000060de00000| Untracked 
| 105|0x000000060e000000, 0x000000060e000000, 0x000000060e200000|  0%| F|  |TAMS 0x000000060e000000, 0x000000060e000000| Untracked 
| 106|0x000000060e200000, 0x000000060e200000, 0x000000060e400000|  0%| F|  |TAMS 0x000000060e200000, 0x000000060e200000| Untracked 
| 107|0x000000060e400000, 0x000000060e400000, 0x000000060e600000|  0%| F|  |TAMS 0x000000060e400000, 0x000000060e400000| Untracked 
| 108|0x000000060e600000, 0x000000060e600000, 0x000000060e800000|  0%| F|  |TAMS 0x000000060e600000, 0x000000060e600000| Untracked 
| 109|0x000000060e800000, 0x000000060e800000, 0x000000060ea00000|  0%| F|  |TAMS 0x000000060e800000, 0x000000060e800000| Untracked 
| 110|0x000000060ea00000, 0x000000060ea00000, 0x000000060ec00000|  0%| F|  |TAMS 0x000000060ea00000, 0x000000060ea00000| Untracked 
| 111|0x000000060ec00000, 0x000000060ec00000, 0x000000060ee00000|  0%| F|  |TAMS 0x000000060ec00000, 0x000000060ec00000| Untracked 
| 112|0x000000060ee00000, 0x000000060ee00000, 0x000000060f000000|  0%| F|  |TAMS 0x000000060ee00000, 0x000000060ee00000| Untracked 
| 113|0x000000060f000000, 0x000000060f000000, 0x000000060f200000|  0%| F|  |TAMS 0x000000060f000000, 0x000000060f000000| Untracked 
| 114|0x000000060f200000, 0x000000060f200000, 0x000000060f400000|  0%| F|  |TAMS 0x000000060f200000, 0x000000060f200000| Untracked 
| 115|0x000000060f400000, 0x000000060f400000, 0x000000060f600000|  0%| F|  |TAMS 0x000000060f400000, 0x000000060f400000| Untracked 
| 116|0x000000060f600000, 0x000000060f600000, 0x000000060f800000|  0%| F|  |TAMS 0x000000060f600000, 0x000000060f600000| Untracked 
| 117|0x000000060f800000, 0x000000060f800000, 0x000000060fa00000|  0%| F|  |TAMS 0x000000060f800000, 0x000000060f800000| Untracked 
| 118|0x000000060fa00000, 0x000000060fa00000, 0x000000060fc00000|  0%| F|  |TAMS 0x000000060fa00000, 0x000000060fa00000| Untracked 
| 119|0x000000060fc00000, 0x000000060fc00000, 0x000000060fe00000|  0%| F|  |TAMS 0x000000060fc00000, 0x000000060fc00000| Untracked 
| 120|0x000000060fe00000, 0x000000060fe00000, 0x0000000610000000|  0%| F|  |TAMS 0x000000060fe00000, 0x000000060fe00000| Untracked 
| 121|0x0000000610000000, 0x0000000610000000, 0x0000000610200000|  0%| F|  |TAMS 0x0000000610000000, 0x0000000610000000| Untracked 
| 122|0x0000000610200000, 0x0000000610200000, 0x0000000610400000|  0%| F|  |TAMS 0x0000000610200000, 0x0000000610200000| Untracked 
| 123|0x0000000610400000, 0x0000000610400000, 0x0000000610600000|  0%| F|  |TAMS 0x0000000610400000, 0x0000000610400000| Untracked 
| 124|0x0000000610600000, 0x0000000610600000, 0x0000000610800000|  0%| F|  |TAMS 0x0000000610600000, 0x0000000610600000| Untracked 
| 125|0x0000000610800000, 0x0000000610800000, 0x0000000610a00000|  0%| F|  |TAMS 0x0000000610800000, 0x0000000610800000| Untracked 
| 126|0x0000000610a00000, 0x0000000610a00000, 0x0000000610c00000|  0%| F|  |TAMS 0x0000000610a00000, 0x0000000610a00000| Untracked 
| 127|0x0000000610c00000, 0x0000000610c00000, 0x0000000610e00000|  0%| F|  |TAMS 0x0000000610c00000, 0x0000000610c00000| Untracked 
| 128|0x0000000610e00000, 0x0000000610e00000, 0x0000000611000000|  0%| F|  |TAMS 0x0000000610e00000, 0x0000000610e00000| Untracked 
| 129|0x0000000611000000, 0x0000000611000000, 0x0000000611200000|  0%| F|  |TAMS 0x0000000611000000, 0x0000000611000000| Untracked 
| 130|0x0000000611200000, 0x0000000611200000, 0x0000000611400000|  0%| F|  |TAMS 0x0000000611200000, 0x0000000611200000| Untracked 
| 131|0x0000000611400000, 0x0000000611400000, 0x0000000611600000|  0%| F|  |TAMS 0x0000000611400000, 0x0000000611400000| Untracked 
| 132|0x0000000611600000, 0x0000000611600000, 0x0000000611800000|  0%| F|  |TAMS 0x0000000611600000, 0x0000000611600000| Untracked 
| 133|0x0000000611800000, 0x0000000611800000, 0x0000000611a00000|  0%| F|  |TAMS 0x0000000611800000, 0x0000000611800000| Untracked 
| 134|0x0000000611a00000, 0x0000000611a00000, 0x0000000611c00000|  0%| F|  |TAMS 0x0000000611a00000, 0x0000000611a00000| Untracked 
| 135|0x0000000611c00000, 0x0000000611c00000, 0x0000000611e00000|  0%| F|  |TAMS 0x0000000611c00000, 0x0000000611c00000| Untracked 
| 136|0x0000000611e00000, 0x0000000611e00000, 0x0000000612000000|  0%| F|  |TAMS 0x0000000611e00000, 0x0000000611e00000| Untracked 
| 137|0x0000000612000000, 0x0000000612000000, 0x0000000612200000|  0%| F|  |TAMS 0x0000000612000000, 0x0000000612000000| Untracked 
| 138|0x0000000612200000, 0x0000000612200000, 0x0000000612400000|  0%| F|  |TAMS 0x0000000612200000, 0x0000000612200000| Untracked 
| 139|0x0000000612400000, 0x0000000612400000, 0x0000000612600000|  0%| F|  |TAMS 0x0000000612400000, 0x0000000612400000| Untracked 
| 140|0x0000000612600000, 0x0000000612600000, 0x0000000612800000|  0%| F|  |TAMS 0x0000000612600000, 0x0000000612600000| Untracked 
| 141|0x0000000612800000, 0x0000000612800000, 0x0000000612a00000|  0%| F|  |TAMS 0x0000000612800000, 0x0000000612800000| Untracked 
| 142|0x0000000612a00000, 0x0000000612a00000, 0x0000000612c00000|  0%| F|  |TAMS 0x0000000612a00000, 0x0000000612a00000| Untracked 
| 143|0x0000000612c00000, 0x0000000612c00000, 0x0000000612e00000|  0%| F|  |TAMS 0x0000000612c00000, 0x0000000612c00000| Untracked 
| 144|0x0000000612e00000, 0x0000000612e00000, 0x0000000613000000|  0%| F|  |TAMS 0x0000000612e00000, 0x0000000612e00000| Untracked 
| 145|0x0000000613000000, 0x0000000613000000, 0x0000000613200000|  0%| F|  |TAMS 0x0000000613000000, 0x0000000613000000| Untracked 
| 146|0x0000000613200000, 0x0000000613200000, 0x0000000613400000|  0%| F|  |TAMS 0x0000000613200000, 0x0000000613200000| Untracked 
| 147|0x0000000613400000, 0x0000000613400000, 0x0000000613600000|  0%| F|  |TAMS 0x0000000613400000, 0x0000000613400000| Untracked 
| 148|0x0000000613600000, 0x0000000613600000, 0x0000000613800000|  0%| F|  |TAMS 0x0000000613600000, 0x0000000613600000| Untracked 
| 149|0x0000000613800000, 0x0000000613800000, 0x0000000613a00000|  0%| F|  |TAMS 0x0000000613800000, 0x0000000613800000| Untracked 
| 150|0x0000000613a00000, 0x0000000613a00000, 0x0000000613c00000|  0%| F|  |TAMS 0x0000000613a00000, 0x0000000613a00000| Untracked 
| 151|0x0000000613c00000, 0x0000000613c00000, 0x0000000613e00000|  0%| F|  |TAMS 0x0000000613c00000, 0x0000000613c00000| Untracked 
| 152|0x0000000613e00000, 0x0000000613e00000, 0x0000000614000000|  0%| F|  |TAMS 0x0000000613e00000, 0x0000000613e00000| Untracked 
| 153|0x0000000614000000, 0x0000000614000000, 0x0000000614200000|  0%| F|  |TAMS 0x0000000614000000, 0x0000000614000000| Untracked 
| 154|0x0000000614200000, 0x0000000614200000, 0x0000000614400000|  0%| F|  |TAMS 0x0000000614200000, 0x0000000614200000| Untracked 
| 155|0x0000000614400000, 0x0000000614400000, 0x0000000614600000|  0%| F|  |TAMS 0x0000000614400000, 0x0000000614400000| Untracked 
| 156|0x0000000614600000, 0x0000000614600000, 0x0000000614800000|  0%| F|  |TAMS 0x0000000614600000, 0x0000000614600000| Untracked 
| 157|0x0000000614800000, 0x0000000614800000, 0x0000000614a00000|  0%| F|  |TAMS 0x0000000614800000, 0x0000000614800000| Untracked 
| 158|0x0000000614a00000, 0x0000000614a00000, 0x0000000614c00000|  0%| F|  |TAMS 0x0000000614a00000, 0x0000000614a00000| Untracked 
| 159|0x0000000614c00000, 0x0000000614c00000, 0x0000000614e00000|  0%| F|  |TAMS 0x0000000614c00000, 0x0000000614c00000| Untracked 
| 160|0x0000000614e00000, 0x0000000614e00000, 0x0000000615000000|  0%| F|  |TAMS 0x0000000614e00000, 0x0000000614e00000| Untracked 
| 161|0x0000000615000000, 0x0000000615000000, 0x0000000615200000|  0%| F|  |TAMS 0x0000000615000000, 0x0000000615000000| Untracked 
| 162|0x0000000615200000, 0x0000000615200000, 0x0000000615400000|  0%| F|  |TAMS 0x0000000615200000, 0x0000000615200000| Untracked 
| 163|0x0000000615400000, 0x0000000615400000, 0x0000000615600000|  0%| F|  |TAMS 0x0000000615400000, 0x0000000615400000| Untracked 
| 164|0x0000000615600000, 0x0000000615600000, 0x0000000615800000|  0%| F|  |TAMS 0x0000000615600000, 0x0000000615600000| Untracked 
| 165|0x0000000615800000, 0x0000000615800000, 0x0000000615a00000|  0%| F|  |TAMS 0x0000000615800000, 0x0000000615800000| Untracked 
| 166|0x0000000615a00000, 0x0000000615a00000, 0x0000000615c00000|  0%| F|  |TAMS 0x0000000615a00000, 0x0000000615a00000| Untracked 
| 167|0x0000000615c00000, 0x0000000615c00000, 0x0000000615e00000|  0%| F|  |TAMS 0x0000000615c00000, 0x0000000615c00000| Untracked 
| 168|0x0000000615e00000, 0x0000000615e00000, 0x0000000616000000|  0%| F|  |TAMS 0x0000000615e00000, 0x0000000615e00000| Untracked 
| 169|0x0000000616000000, 0x0000000616000000, 0x0000000616200000|  0%| F|  |TAMS 0x0000000616000000, 0x0000000616000000| Untracked 
| 170|0x0000000616200000, 0x0000000616200000, 0x0000000616400000|  0%| F|  |TAMS 0x0000000616200000, 0x0000000616200000| Untracked 
| 171|0x0000000616400000, 0x0000000616400000, 0x0000000616600000|  0%| F|  |TAMS 0x0000000616400000, 0x0000000616400000| Untracked 
| 172|0x0000000616600000, 0x0000000616600000, 0x0000000616800000|  0%| F|  |TAMS 0x0000000616600000, 0x0000000616600000| Untracked 
| 173|0x0000000616800000, 0x0000000616800000, 0x0000000616a00000|  0%| F|  |TAMS 0x0000000616800000, 0x0000000616800000| Untracked 
| 174|0x0000000616a00000, 0x0000000616a00000, 0x0000000616c00000|  0%| F|  |TAMS 0x0000000616a00000, 0x0000000616a00000| Untracked 
| 175|0x0000000616c00000, 0x0000000616c00000, 0x0000000616e00000|  0%| F|  |TAMS 0x0000000616c00000, 0x0000000616c00000| Untracked 
| 176|0x0000000616e00000, 0x0000000616e00000, 0x0000000617000000|  0%| F|  |TAMS 0x0000000616e00000, 0x0000000616e00000| Untracked 
| 177|0x0000000617000000, 0x0000000617000000, 0x0000000617200000|  0%| F|  |TAMS 0x0000000617000000, 0x0000000617000000| Untracked 
| 178|0x0000000617200000, 0x0000000617200000, 0x0000000617400000|  0%| F|  |TAMS 0x0000000617200000, 0x0000000617200000| Untracked 
| 179|0x0000000617400000, 0x0000000617400000, 0x0000000617600000|  0%| F|  |TAMS 0x0000000617400000, 0x0000000617400000| Untracked 
| 180|0x0000000617600000, 0x0000000617600000, 0x0000000617800000|  0%| F|  |TAMS 0x0000000617600000, 0x0000000617600000| Untracked 
| 181|0x0000000617800000, 0x0000000617800000, 0x0000000617a00000|  0%| F|  |TAMS 0x0000000617800000, 0x0000000617800000| Untracked 
| 182|0x0000000617a00000, 0x0000000617a00000, 0x0000000617c00000|  0%| F|  |TAMS 0x0000000617a00000, 0x0000000617a00000| Untracked 
| 183|0x0000000617c00000, 0x0000000617c00000, 0x0000000617e00000|  0%| F|  |TAMS 0x0000000617c00000, 0x0000000617c00000| Untracked 
| 184|0x0000000617e00000, 0x0000000617e00000, 0x0000000618000000|  0%| F|  |TAMS 0x0000000617e00000, 0x0000000617e00000| Untracked 
| 185|0x0000000618000000, 0x0000000618000000, 0x0000000618200000|  0%| F|  |TAMS 0x0000000618000000, 0x0000000618000000| Untracked 
| 186|0x0000000618200000, 0x0000000618200000, 0x0000000618400000|  0%| F|  |TAMS 0x0000000618200000, 0x0000000618200000| Untracked 
| 187|0x0000000618400000, 0x0000000618400000, 0x0000000618600000|  0%| F|  |TAMS 0x0000000618400000, 0x0000000618400000| Untracked 
| 188|0x0000000618600000, 0x0000000618600000, 0x0000000618800000|  0%| F|  |TAMS 0x0000000618600000, 0x0000000618600000| Untracked 
| 189|0x0000000618800000, 0x0000000618800000, 0x0000000618a00000|  0%| F|  |TAMS 0x0000000618800000, 0x0000000618800000| Untracked 
| 190|0x0000000618a00000, 0x0000000618a00000, 0x0000000618c00000|  0%| F|  |TAMS 0x0000000618a00000, 0x0000000618a00000| Untracked 
| 191|0x0000000618c00000, 0x0000000618c00000, 0x0000000618e00000|  0%| F|  |TAMS 0x0000000618c00000, 0x0000000618c00000| Untracked 
| 192|0x0000000618e00000, 0x0000000618e00000, 0x0000000619000000|  0%| F|  |TAMS 0x0000000618e00000, 0x0000000618e00000| Untracked 
| 193|0x0000000619000000, 0x0000000619000000, 0x0000000619200000|  0%| F|  |TAMS 0x0000000619000000, 0x0000000619000000| Untracked 
| 194|0x0000000619200000, 0x0000000619200000, 0x0000000619400000|  0%| F|  |TAMS 0x0000000619200000, 0x0000000619200000| Untracked 
| 195|0x0000000619400000, 0x0000000619400000, 0x0000000619600000|  0%| F|  |TAMS 0x0000000619400000, 0x0000000619400000| Untracked 
| 196|0x0000000619600000, 0x0000000619600000, 0x0000000619800000|  0%| F|  |TAMS 0x0000000619600000, 0x0000000619600000| Untracked 
| 197|0x0000000619800000, 0x0000000619800000, 0x0000000619a00000|  0%| F|  |TAMS 0x0000000619800000, 0x0000000619800000| Untracked 
| 198|0x0000000619a00000, 0x0000000619a00000, 0x0000000619c00000|  0%| F|  |TAMS 0x0000000619a00000, 0x0000000619a00000| Untracked 
| 199|0x0000000619c00000, 0x0000000619c00000, 0x0000000619e00000|  0%| F|  |TAMS 0x0000000619c00000, 0x0000000619c00000| Untracked 
| 200|0x0000000619e00000, 0x0000000619e00000, 0x000000061a000000|  0%| F|  |TAMS 0x0000000619e00000, 0x0000000619e00000| Untracked 
| 201|0x000000061a000000, 0x000000061a000000, 0x000000061a200000|  0%| F|  |TAMS 0x000000061a000000, 0x000000061a000000| Untracked 
| 202|0x000000061a200000, 0x000000061a200000, 0x000000061a400000|  0%| F|  |TAMS 0x000000061a200000, 0x000000061a200000| Untracked 
| 203|0x000000061a400000, 0x000000061a400000, 0x000000061a600000|  0%| F|  |TAMS 0x000000061a400000, 0x000000061a400000| Untracked 
| 204|0x000000061a600000, 0x000000061a600000, 0x000000061a800000|  0%| F|  |TAMS 0x000000061a600000, 0x000000061a600000| Untracked 
| 205|0x000000061a800000, 0x000000061a800000, 0x000000061aa00000|  0%| F|  |TAMS 0x000000061a800000, 0x000000061a800000| Untracked 
| 206|0x000000061aa00000, 0x000000061aa00000, 0x000000061ac00000|  0%| F|  |TAMS 0x000000061aa00000, 0x000000061aa00000| Untracked 
| 207|0x000000061ac00000, 0x000000061ac00000, 0x000000061ae00000|  0%| F|  |TAMS 0x000000061ac00000, 0x000000061ac00000| Untracked 
| 208|0x000000061ae00000, 0x000000061ae00000, 0x000000061b000000|  0%| F|  |TAMS 0x000000061ae00000, 0x000000061ae00000| Untracked 
| 209|0x000000061b000000, 0x000000061b000000, 0x000000061b200000|  0%| F|  |TAMS 0x000000061b000000, 0x000000061b000000| Untracked 
| 210|0x000000061b200000, 0x000000061b200000, 0x000000061b400000|  0%| F|  |TAMS 0x000000061b200000, 0x000000061b200000| Untracked 
| 211|0x000000061b400000, 0x000000061b400000, 0x000000061b600000|  0%| F|  |TAMS 0x000000061b400000, 0x000000061b400000| Untracked 
| 212|0x000000061b600000, 0x000000061b600000, 0x000000061b800000|  0%| F|  |TAMS 0x000000061b600000, 0x000000061b600000| Untracked 
| 213|0x000000061b800000, 0x000000061b800000, 0x000000061ba00000|  0%| F|  |TAMS 0x000000061b800000, 0x000000061b800000| Untracked 
| 214|0x000000061ba00000, 0x000000061ba00000, 0x000000061bc00000|  0%| F|  |TAMS 0x000000061ba00000, 0x000000061ba00000| Untracked 
| 215|0x000000061bc00000, 0x000000061bc00000, 0x000000061be00000|  0%| F|  |TAMS 0x000000061bc00000, 0x000000061bc00000| Untracked 
| 216|0x000000061be00000, 0x000000061be00000, 0x000000061c000000|  0%| F|  |TAMS 0x000000061be00000, 0x000000061be00000| Untracked 
| 217|0x000000061c000000, 0x000000061c000000, 0x000000061c200000|  0%| F|  |TAMS 0x000000061c000000, 0x000000061c000000| Untracked 
| 218|0x000000061c200000, 0x000000061c200000, 0x000000061c400000|  0%| F|  |TAMS 0x000000061c200000, 0x000000061c200000| Untracked 
| 219|0x000000061c400000, 0x000000061c400000, 0x000000061c600000|  0%| F|  |TAMS 0x000000061c400000, 0x000000061c400000| Untracked 
| 220|0x000000061c600000, 0x000000061c600000, 0x000000061c800000|  0%| F|  |TAMS 0x000000061c600000, 0x000000061c600000| Untracked 
| 221|0x000000061c800000, 0x000000061c800000, 0x000000061ca00000|  0%| F|  |TAMS 0x000000061c800000, 0x000000061c800000| Untracked 
| 222|0x000000061ca00000, 0x000000061ca00000, 0x000000061cc00000|  0%| F|  |TAMS 0x000000061ca00000, 0x000000061ca00000| Untracked 
| 223|0x000000061cc00000, 0x000000061cc00000, 0x000000061ce00000|  0%| F|  |TAMS 0x000000061cc00000, 0x000000061cc00000| Untracked 
| 224|0x000000061ce00000, 0x000000061ce00000, 0x000000061d000000|  0%| F|  |TAMS 0x000000061ce00000, 0x000000061ce00000| Untracked 
| 225|0x000000061d000000, 0x000000061d000000, 0x000000061d200000|  0%| F|  |TAMS 0x000000061d000000, 0x000000061d000000| Untracked 
| 226|0x000000061d200000, 0x000000061d200000, 0x000000061d400000|  0%| F|  |TAMS 0x000000061d200000, 0x000000061d200000| Untracked 
| 227|0x000000061d400000, 0x000000061d400000, 0x000000061d600000|  0%| F|  |TAMS 0x000000061d400000, 0x000000061d400000| Untracked 
| 228|0x000000061d600000, 0x000000061d600000, 0x000000061d800000|  0%| F|  |TAMS 0x000000061d600000, 0x000000061d600000| Untracked 
| 229|0x000000061d800000, 0x000000061d800000, 0x000000061da00000|  0%| F|  |TAMS 0x000000061d800000, 0x000000061d800000| Untracked 
| 230|0x000000061da00000, 0x000000061da00000, 0x000000061dc00000|  0%| F|  |TAMS 0x000000061da00000, 0x000000061da00000| Untracked 
| 231|0x000000061dc00000, 0x000000061dc00000, 0x000000061de00000|  0%| F|  |TAMS 0x000000061dc00000, 0x000000061dc00000| Untracked 
| 232|0x000000061de00000, 0x000000061de00000, 0x000000061e000000|  0%| F|  |TAMS 0x000000061de00000, 0x000000061de00000| Untracked 
| 233|0x000000061e000000, 0x000000061e000000, 0x000000061e200000|  0%| F|  |TAMS 0x000000061e000000, 0x000000061e000000| Untracked 
| 234|0x000000061e200000, 0x000000061e200000, 0x000000061e400000|  0%| F|  |TAMS 0x000000061e200000, 0x000000061e200000| Untracked 
| 235|0x000000061e400000, 0x000000061e400000, 0x000000061e600000|  0%| F|  |TAMS 0x000000061e400000, 0x000000061e400000| Untracked 
| 236|0x000000061e600000, 0x000000061e600000, 0x000000061e800000|  0%| F|  |TAMS 0x000000061e600000, 0x000000061e600000| Untracked 
| 237|0x000000061e800000, 0x000000061e800000, 0x000000061ea00000|  0%| F|  |TAMS 0x000000061e800000, 0x000000061e800000| Untracked 
| 238|0x000000061ea00000, 0x000000061ea00000, 0x000000061ec00000|  0%| F|  |TAMS 0x000000061ea00000, 0x000000061ea00000| Untracked 
| 239|0x000000061ec00000, 0x000000061ec00000, 0x000000061ee00000|  0%| F|  |TAMS 0x000000061ec00000, 0x000000061ec00000| Untracked 
| 240|0x000000061ee00000, 0x000000061ee00000, 0x000000061f000000|  0%| F|  |TAMS 0x000000061ee00000, 0x000000061ee00000| Untracked 
| 241|0x000000061f000000, 0x000000061f000000, 0x000000061f200000|  0%| F|  |TAMS 0x000000061f000000, 0x000000061f000000| Untracked 
| 242|0x000000061f200000, 0x000000061f400000, 0x000000061f400000|100%| S|CS|TAMS 0x000000061f200000, 0x000000061f200000| Complete 
| 243|0x000000061f400000, 0x000000061f600000, 0x000000061f600000|100%| S|CS|TAMS 0x000000061f400000, 0x000000061f400000| Complete 
| 244|0x000000061f600000, 0x000000061f600000, 0x000000061f800000|  0%| F|  |TAMS 0x000000061f600000, 0x000000061f600000| Untracked 
| 245|0x000000061f800000, 0x000000061f800000, 0x000000061fa00000|  0%| F|  |TAMS 0x000000061f800000, 0x000000061f800000| Untracked 
| 246|0x000000061fa00000, 0x000000061fa00000, 0x000000061fc00000|  0%| F|  |TAMS 0x000000061fa00000, 0x000000061fa00000| Untracked 
| 247|0x000000061fc00000, 0x000000061fc00000, 0x000000061fe00000|  0%| F|  |TAMS 0x000000061fc00000, 0x000000061fc00000| Untracked 
| 248|0x000000061fe00000, 0x000000061fe00000, 0x0000000620000000|  0%| F|  |TAMS 0x000000061fe00000, 0x000000061fe00000| Untracked 
| 249|0x0000000620000000, 0x0000000620200000, 0x0000000620200000|100%| E|  |TAMS 0x0000000620000000, 0x0000000620000000| Complete 
| 250|0x0000000620200000, 0x0000000620400000, 0x0000000620400000|100%| E|CS|TAMS 0x0000000620200000, 0x0000000620200000| Complete 
| 251|0x0000000620400000, 0x0000000620600000, 0x0000000620600000|100%| E|CS|TAMS 0x0000000620400000, 0x0000000620400000| Complete 
| 252|0x0000000620600000, 0x0000000620800000, 0x0000000620800000|100%| E|CS|TAMS 0x0000000620600000, 0x0000000620600000| Complete 
| 253|0x0000000620800000, 0x0000000620a00000, 0x0000000620a00000|100%| E|CS|TAMS 0x0000000620800000, 0x0000000620800000| Complete 
| 254|0x0000000620a00000, 0x0000000620c00000, 0x0000000620c00000|100%| E|CS|TAMS 0x0000000620a00000, 0x0000000620a00000| Complete 
| 255|0x0000000620c00000, 0x0000000620e00000, 0x0000000620e00000|100%| E|CS|TAMS 0x0000000620c00000, 0x0000000620c00000| Complete 

Card table byte_map: [0x00000158785b0000,0x00000158795b0000] _byte_map_base: 0x00000158755a9000

Marking Bits (Prev, Next): (CMBitMap*) 0x000001586ec221d8, (CMBitMap*) 0x000001586ec22210
 Prev Bits: [0x000001580f000000, 0x0000015816fc8000)
 Next Bits: [0x0000015816fd0000, 0x000001581ef98000)

Polling page: 0x000001586cb10000

Metaspace:

Usage:
  Non-class:     11.40 MB capacity,    11.32 MB (>99%) used,    59.21 KB ( <1%) free+waste,    18.50 KB ( <1%) overhead. 
      Class:      1.33 MB capacity,     1.27 MB ( 96%) used,    52.20 KB (  4%) free+waste,     8.44 KB ( <1%) overhead. 
       Both:     12.73 MB capacity,    12.60 MB ( 99%) used,   111.41 KB ( <1%) free+waste,    26.94 KB ( <1%) overhead. 

Virtual space:
  Non-class space:       12.00 MB reserved,      11.50 MB ( 96%) committed 
      Class space:        1.00 GB reserved,       1.38 MB ( <1%) committed 
             Both:        1.01 GB reserved,      12.88 MB (  1%) committed 

Chunk freelists:
   Non-Class:  39.00 KB
       Class:  12.00 KB
        Both:  51.00 KB

MaxMetaspaceSize: 17179869184.00 GB
CompressedClassSpaceSize: 1.00 GB

CodeHeap 'non-profiled nmethods': size=120000Kb used=586Kb max_used=586Kb free=119413Kb
 bounds [0x0000015807ad0000, 0x0000015807d40000, 0x000001580f000000]
CodeHeap 'profiled nmethods': size=120000Kb used=2397Kb max_used=2397Kb free=117602Kb
 bounds [0x00000158005a0000, 0x0000015800810000, 0x0000015807ad0000]
CodeHeap 'non-nmethods': size=5760Kb used=1117Kb max_used=1143Kb free=4642Kb
 bounds [0x0000015800000000, 0x0000015800270000, 0x00000158005a0000]
 total_blobs=1696 nmethods=1261 adapters=347
 compilation: enabled
              stopped_count=0, restarted_count=0
 full_count=0

Compilation events (20 events):
Event: 3.038 Thread 0x000001587dae2800 1252  s    4       java.io.BufferedOutputStream::flush (12 bytes)
Event: 3.039 Thread 0x000001587dae2800 nmethod 1252 0x0000015807b5e290 code [0x0000015807b5e440, 0x0000015807b5e7e8]
Event: 3.224 Thread 0x000001587dae2800 1253       4       java.nio.CharBuffer::position (6 bytes)
Event: 3.224 Thread 0x000001587dae2800 nmethod 1253 0x0000015807b5e990 code [0x0000015807b5eb20, 0x0000015807b5ebd8]
Event: 3.258 Thread 0x000001587dae2800 1254       4       java.nio.Buffer::limit (65 bytes)
Event: 3.258 Thread 0x000001587dae2800 nmethod 1254 0x0000015807b5ed10 code [0x0000015807b5eea0, 0x0000015807b5ef78]
Event: 3.499 Thread 0x000001587dae2800 1255       4       java.nio.Buffer::<init> (99 bytes)
Event: 3.501 Thread 0x000001587dae2800 nmethod 1255 0x0000015807b5f090 code [0x0000015807b5f240, 0x0000015807b5f478]
Event: 3.701 Thread 0x000001587dae2800 1256       4       java.nio.ByteBuffer::position (6 bytes)
Event: 3.702 Thread 0x000001587dae2800 nmethod 1256 0x0000015807b5f710 code [0x0000015807b5f8a0, 0x0000015807b5f978]
Event: 3.717 Thread 0x000001587dae2800 1257       4       java.nio.ByteBuffer::clear (7 bytes)
Event: 3.718 Thread 0x000001587dae2800 nmethod 1257 0x0000015807b5fa90 code [0x0000015807b5fc20, 0x0000015807b5fc98]
Event: 3.802 Thread 0x000001587dae2800 1258   !   4       java.io.BufferedWriter::write (117 bytes)
Event: 3.805 Thread 0x000001587dae2800 nmethod 1258 0x0000015807b5fd10 code [0x0000015807b5fec0, 0x0000015807b60658]
Event: 3.874 Thread 0x000001587dae2800 1259   !   4       java.io.BufferedWriter::flushBuffer (53 bytes)
Event: 3.881 Thread 0x000001587dae2800 nmethod 1259 0x0000015807b60b90 code [0x0000015807b60d80, 0x0000015807b61c08]
Event: 3.881 Thread 0x000001587dae2800 1260       4       sun.nio.cs.UTF_8$Encoder::encodeLoop (28 bytes)
Event: 3.882 Thread 0x000001587dae2800 nmethod 1260 0x0000015807b62610 code [0x0000015807b627c0, 0x0000015807b628e8]
Event: 4.176 Thread 0x000001587dae8000 1261       3       org.jire.kna.Addressed$DefaultImpls::offset (9 bytes)
Event: 4.176 Thread 0x000001587dae8000 nmethod 1261 0x00000158007f7010 code [0x00000158007f71c0, 0x00000158007f7368]

GC Heap History (2 events):
Event: 1.327 GC heap before
{Heap before GC invocations=0 (full 0):
 garbage-first heap   total 524288K, used 22528K [0x0000000600e00000, 0x0000000800000000)
  region size 2048K, 12 young (24576K), 0 survivors (0K)
 Metaspace       used 12889K, capacity 13037K, committed 13184K, reserved 1060864K
  class space    used 1303K, capacity 1364K, committed 1408K, reserved 1048576K
}
Event: 1.329 GC heap after
{Heap after GC invocations=1 (full 0):
 garbage-first heap   total 524288K, used 4431K [0x0000000600e00000, 0x0000000800000000)
  region size 2048K, 2 young (4096K), 2 survivors (4096K)
 Metaspace       used 12889K, capacity 13037K, committed 13184K, reserved 1060864K
  class space    used 1303K, capacity 1364K, committed 1408K, reserved 1048576K
}

Deoptimization events (20 events):
Event: 2.038 Thread 0x000001586eb9c000 DEOPT PACKING pc=0x00000158007bf08b sp=0x0000003bd4bff2d0
Event: 2.038 Thread 0x000001586eb9c000 DEOPT UNPACKING pc=0x000001580002794e sp=0x0000003bd4bfe7d8 mode 0
Event: 2.446 Thread 0x000001586eb9c000 Uncommon trap: trap_request=0xffffff4d fr.pc=0x0000015807b314f8 relative=0x0000000000000d98
Event: 2.446 Thread 0x000001586eb9c000 Uncommon trap: reason=unstable_if action=reinterpret pc=0x0000015807b314f8 method=org.jire.kna.cached.page.PageCachedReadableSource$DefaultImpls.readCached-PzQUb3Y(Lorg/jire/kna/cached/page/PageCachedReadableSource;JJ)J @ 19 c2
Event: 2.446 Thread 0x000001586eb9c000 DEOPT PACKING pc=0x0000015807b314f8 sp=0x0000003bd4bff2b0
Event: 2.446 Thread 0x000001586eb9c000 DEOPT UNPACKING pc=0x0000015800027b2f sp=0x0000003bd4bff058 mode 2
Event: 2.447 Thread 0x000001586eb9c000 Uncommon trap: trap_request=0xffffff4d fr.pc=0x0000015807b34ad8 relative=0x0000000000000d58
Event: 2.447 Thread 0x000001586eb9c000 Uncommon trap: reason=unstable_if action=reinterpret pc=0x0000015807b34ad8 method=org.jire.kna.cached.page.PageCachedReadableSource$DefaultImpls.readCached-PzQUb3Y(Lorg/jire/kna/cached/page/PageCachedReadableSource;JJ)J @ 19 c2
Event: 2.447 Thread 0x000001586eb9c000 DEOPT PACKING pc=0x0000015807b34ad8 sp=0x0000003bd4bff170
Event: 2.447 Thread 0x000001586eb9c000 DEOPT UNPACKING pc=0x0000015800027b2f sp=0x0000003bd4bff118 mode 2
Event: 2.546 Thread 0x000001586eb9c000 DEOPT PACKING pc=0x00000158007e5009 sp=0x0000003bd4bff3f0
Event: 2.546 Thread 0x000001586eb9c000 DEOPT UNPACKING pc=0x000001580002794e sp=0x0000003bd4bfe910 mode 0
Event: 4.277 Thread 0x000001586eb9c000 Uncommon trap: trap_request=0xffffff4d fr.pc=0x0000015807b51014 relative=0x0000000000002994
Event: 4.277 Thread 0x000001586eb9c000 Uncommon trap: reason=unstable_if action=reinterpret pc=0x0000015807b51014 method=it.unimi.dsi.fastutil.longs.LongOpenHashSet.contains(J)Z @ 3 c2
Event: 4.277 Thread 0x000001586eb9c000 DEOPT PACKING pc=0x0000015807b51014 sp=0x0000003bd4bff4b0
Event: 4.278 Thread 0x000001586eb9c000 DEOPT UNPACKING pc=0x0000015800027b2f sp=0x0000003bd4bff388 mode 2
Event: 4.278 Thread 0x000001586eb9c000 Uncommon trap: trap_request=0xffffff4d fr.pc=0x0000015807b39e38 relative=0x00000000000001f8
Event: 4.278 Thread 0x000001586eb9c000 Uncommon trap: reason=unstable_if action=reinterpret pc=0x0000015807b39e38 method=it.unimi.dsi.fastutil.longs.LongOpenHashSet.add(J)Z @ 3 c2
Event: 4.278 Thread 0x000001586eb9c000 DEOPT PACKING pc=0x0000015807b39e38 sp=0x0000003bd4bff3f0
Event: 4.278 Thread 0x000001586eb9c000 DEOPT UNPACKING pc=0x0000015800027b2f sp=0x0000003bd4bff380 mode 2

Classes redefined (0 events):
No events

Internal exceptions (13 events):
Event: 0.175 Thread 0x000001586eb9c000 Exception <a 'java/lang/NoSuchMethodError'{0x000000062069b870}: 'java.lang.Object java.lang.invoke.DirectMethodHandle$Holder.invokeStaticInit(java.lang.Object, int, int, int, int)'> (0x000000062069b870) thrown at [./src/hotspot/share/interpreter/linkResolver.cpp, line 773]
Event: 0.228 Thread 0x000001586eb9c000 Exception <a 'java/lang/NoSuchMethodError'{0x00000006206e0de8}: 'java.lang.Object java.lang.invoke.DirectMethodHandle$Holder.invokeStaticInit(java.lang.Object, java.lang.Object, int, int, int, int)'> (0x00000006206e0de8) thrown at [./src/hotspot/share/interpreter/linkResolver.cpp, line 773]
Event: 0.346 Thread 0x000001586eb9c000 Exception <a 'java/lang/UnsatisfiedLinkError'{0x0000000620026e98}: The specified procedure could not be found.
> (0x0000000620026e98) thrown at [./src/hotspot/share/prims/jni.cpp, line 636]
Event: 0.347 Thread 0x000001586eb9c000 Exception <a 'java/lang/UnsatisfiedLinkError'{0x0000000620034b70}: The specified procedure could not be found.
> (0x0000000620034b70) thrown at [./src/hotspot/share/prims/jni.cpp, line 636]
Event: 0.368 Thread 0x000001586eb9c000 Exception <a 'java/lang/UnsatisfiedLinkError'{0x00000006200f30b0}: The specified procedure could not be found.
> (0x00000006200f30b0) thrown at [./src/hotspot/share/prims/jni.cpp, line 636]
Event: 0.368 Thread 0x000001586eb9c000 Exception <a 'java/lang/UnsatisfiedLinkError'{0x00000006200f5498}: The specified procedure could not be found.
> (0x00000006200f5498) thrown at [./src/hotspot/share/prims/jni.cpp, line 636]
Event: 0.387 Thread 0x000001586eb9c000 Exception <a 'java/lang/UnsatisfiedLinkError'{0x000000061fe74ba0}: The specified procedure could not be found.
> (0x000000061fe74ba0) thrown at [./src/hotspot/share/prims/jni.cpp, line 636]
Event: 0.399 Thread 0x000001586eb9c000 Exception <a 'java/lang/UnsatisfiedLinkError'{0x000000061ff3e660}: The specified procedure could not be found.
> (0x000000061ff3e660) thrown at [./src/hotspot/share/prims/jni.cpp, line 636]
Event: 0.409 Thread 0x000001586eb9c000 Exception <a 'java/lang/UnsatisfiedLinkError'{0x000000061ffdd810}: The specified procedure could not be found.
> (0x000000061ffdd810) thrown at [./src/hotspot/share/prims/jni.cpp, line 636]
Event: 0.432 Thread 0x000001586eb9c000 Exception <a 'java/lang/NoSuchMethodError'{0x000000061fc7c8e0}: 'java.lang.Object java.lang.invoke.DirectMethodHandle$Holder.invokeStaticInit(java.lang.Object, java.lang.Object, java.lang.Object)'> (0x000000061fc7c8e0) thrown at [./src/hotspot/share/interpreter/linkResolver.cpp, line 773]
Event: 0.453 Thread 0x000001586eb9c000 Exception <a 'java/lang/NoSuchMethodError'{0x000000061fd922c0}: 'long java.lang.invoke.DirectMethodHandle$Holder.invokeSpecial(java.lang.Object, java.lang.Object)'> (0x000000061fd922c0) thrown at [./src/hotspot/share/interpreter/linkResolver.cpp, line 773]
Event: 0.461 Thread 0x000001586eb9c000 Exception <a 'java/lang/NoClassDefFoundError'{0x000000061fde9d88}: org/slf4j/impl/StaticLoggerBinder> (0x000000061fde9d88) thrown at [./src/hotspot/share/classfile/systemDictionary.cpp, line 220]
Event: 0.463 Thread 0x000001586eb9c000 Exception <a 'java/lang/NoSuchMethodError'{0x000000061fa04c88}: 'int java.lang.invoke.DirectMethodHandle$Holder.invokeStaticInit(java.lang.Object, long, long)'> (0x000000061fa04c88) thrown at [./src/hotspot/share/interpreter/linkResolver.cpp, line 773]

Events (20 events):
Event: 1.081 loading class sun/util/resources/cldr/TimeZoneNames
Event: 1.081 loading class sun/util/resources/TimeZoneNamesBundle
Event: 1.081 loading class sun/util/resources/OpenListResourceBundle
Event: 1.081 loading class sun/util/resources/OpenListResourceBundle done
Event: 1.081 loading class sun/util/resources/TimeZoneNamesBundle done
Event: 1.081 loading class sun/util/resources/cldr/TimeZoneNames done
Event: 1.081 loading class java/util/ResourceBundle$ResourceBundleProviderHelper
Event: 1.081 loading class java/util/ResourceBundle$ResourceBundleProviderHelper done
Event: 1.082 loading class sun/util/resources/Bundles$BundleReference
Event: 1.082 loading class sun/util/resources/Bundles$CacheKeyReference
Event: 1.082 loading class sun/util/resources/Bundles$CacheKeyReference done
Event: 1.082 loading class sun/util/resources/Bundles$BundleReference done
Event: 1.082 loading class sun/util/resources/cldr/TimeZoneNames_en
Event: 1.082 loading class sun/util/resources/cldr/TimeZoneNames_en done
Event: 1.082 loading class sun/util/resources/cldr/TimeZoneNames_en_US
Event: 1.082 loading class sun/util/resources/cldr/TimeZoneNames_en_US done
Event: 1.083 loading class sun/util/locale/provider/LocaleResources$ResourceReference
Event: 1.083 loading class sun/util/locale/provider/LocaleResources$ResourceReference done
Event: 1.327 Executing VM operation: G1CollectForAllocation
Event: 1.329 Executing VM operation: G1CollectForAllocation done


Dynamic libraries:
0x00007ff6a2e30000 - 0x00007ff6a2e3d000 	C:\Program Files\AdoptOpenJDK\jdk-11.0.10.9-hotspot\bin\java.exe
0x00007fff269f0000 - 0x00007fff26be5000 	C:\WINDOWS\SYSTEM32\ntdll.dll
0x00007fff265a0000 - 0x00007fff2665d000 	C:\WINDOWS\System32\KERNEL32.DLL
0x00007fff244a0000 - 0x00007fff24769000 	C:\WINDOWS\System32\KERNELBASE.dll
0x00007fff21990000 - 0x00007fff21a20000 	C:\WINDOWS\SYSTEM32\apphelp.dll
0x00007fff241b0000 - 0x00007fff242b0000 	C:\WINDOWS\System32\ucrtbase.dll
0x00007fff13cb0000 - 0x00007fff13cc5000 	C:\Program Files\AdoptOpenJDK\jdk-11.0.10.9-hotspot\bin\VCRUNTIME140.dll
0x00007fff14640000 - 0x00007fff14657000 	C:\Program Files\AdoptOpenJDK\jdk-11.0.10.9-hotspot\bin\jli.dll
0x00007fff24cd0000 - 0x00007fff24e70000 	C:\WINDOWS\System32\USER32.dll
0x00007fff24470000 - 0x00007fff24492000 	C:\WINDOWS\System32\win32u.dll
0x00007fff18bc0000 - 0x00007fff18e5a000 	C:\WINDOWS\WinSxS\amd64_microsoft.windows.common-controls_6595b64144ccf1df_6.0.19041.1110_none_60b5254171f9507e\COMCTL32.dll
0x00007fff25b60000 - 0x00007fff25b8a000 	C:\WINDOWS\System32\GDI32.dll
0x00007fff24e70000 - 0x00007fff24f0e000 	C:\WINDOWS\System32\msvcrt.dll
0x00007fff24310000 - 0x00007fff2441b000 	C:\WINDOWS\System32\gdi32full.dll
0x00007fff24770000 - 0x00007fff2480d000 	C:\WINDOWS\System32\msvcp_win.dll
0x00007fff25c30000 - 0x00007fff25c60000 	C:\WINDOWS\System32\IMM32.DLL
0x00007fff06470000 - 0x00007fff0650b000 	C:\Program Files\AdoptOpenJDK\jdk-11.0.10.9-hotspot\bin\msvcp140.dll
0x00007ffed2060000 - 0x00007ffed2ba3000 	C:\Program Files\AdoptOpenJDK\jdk-11.0.10.9-hotspot\bin\server\jvm.dll
0x00007fff24c20000 - 0x00007fff24ccc000 	C:\WINDOWS\System32\ADVAPI32.dll
0x00007fff266c0000 - 0x00007fff2675b000 	C:\WINDOWS\System32\sechost.dll
0x00007fff25c60000 - 0x00007fff25d8a000 	C:\WINDOWS\System32\RPCRT4.dll
0x00007fff24a50000 - 0x00007fff24a58000 	C:\WINDOWS\System32\PSAPI.DLL
0x00007fff1dc00000 - 0x00007fff1dc0a000 	C:\WINDOWS\SYSTEM32\VERSION.dll
0x00007fff1f010000 - 0x00007fff1f019000 	C:\WINDOWS\SYSTEM32\WSOCK32.dll
0x00007fff1a660000 - 0x00007fff1a687000 	C:\WINDOWS\SYSTEM32\WINMM.dll
0x00007fff24bb0000 - 0x00007fff24c1b000 	C:\WINDOWS\System32\WS2_32.dll
0x00007fff22040000 - 0x00007fff22052000 	C:\WINDOWS\SYSTEM32\kernel.appcore.dll
0x00007fff20f90000 - 0x00007fff20fa0000 	C:\Program Files\AdoptOpenJDK\jdk-11.0.10.9-hotspot\bin\verify.dll
0x00007fff11310000 - 0x00007fff114f4000 	C:\WINDOWS\SYSTEM32\DBGHELP.DLL
0x00007fff112b0000 - 0x00007fff112dc000 	C:\WINDOWS\SYSTEM32\dbgcore.DLL
0x00007fff24120000 - 0x00007fff241a3000 	C:\WINDOWS\System32\bcryptPrimitives.dll
0x00007fff11180000 - 0x00007fff111a8000 	C:\Program Files\AdoptOpenJDK\jdk-11.0.10.9-hotspot\bin\java.dll
0x00007fff11170000 - 0x00007fff1117a000 	C:\Program Files\AdoptOpenJDK\jdk-11.0.10.9-hotspot\bin\jimage.dll
0x00007fff08480000 - 0x00007fff0848e000 	C:\Program Files\AdoptOpenJDK\jdk-11.0.10.9-hotspot\bin\instrument.dll
0x00007fff0ff90000 - 0x00007fff0ffa7000 	C:\Program Files\AdoptOpenJDK\jdk-11.0.10.9-hotspot\bin\zip.dll
0x00007fff25420000 - 0x00007fff25b5f000 	C:\WINDOWS\System32\SHELL32.dll
0x00007fff22240000 - 0x00007fff229d0000 	C:\WINDOWS\SYSTEM32\windows.storage.dll
0x00007fff24fe0000 - 0x00007fff25335000 	C:\WINDOWS\System32\combase.dll
0x00007fff23b80000 - 0x00007fff23bac000 	C:\WINDOWS\SYSTEM32\Wldp.dll
0x00007fff25e00000 - 0x00007fff25eae000 	C:\WINDOWS\System32\SHCORE.dll
0x00007fff26540000 - 0x00007fff26595000 	C:\WINDOWS\System32\shlwapi.dll
0x00007fff24060000 - 0x00007fff2407f000 	C:\WINDOWS\SYSTEM32\profapi.dll
0x00007fff0ff70000 - 0x00007fff0ff89000 	C:\Program Files\AdoptOpenJDK\jdk-11.0.10.9-hotspot\bin\net.dll
0x00007fff1e1a0000 - 0x00007fff1e2a8000 	C:\WINDOWS\SYSTEM32\WINHTTP.dll
0x00007fff238e0000 - 0x00007fff2394a000 	C:\WINDOWS\system32\mswsock.dll
0x00007fff0ff20000 - 0x00007fff0ff32000 	C:\Program Files\AdoptOpenJDK\jdk-11.0.10.9-hotspot\bin\nio.dll
0x00007fff03e10000 - 0x00007fff03e2a000 	C:\Program Files\JetBrains\IntelliJ IDEA 2021.2\bin\breakgen64.dll
0x00007fff23ad0000 - 0x00007fff23ae8000 	C:\WINDOWS\SYSTEM32\CRYPTSP.dll
0x00007fff231f0000 - 0x00007fff23224000 	C:\WINDOWS\system32\rsaenh.dll
0x00007fff24810000 - 0x00007fff24837000 	C:\WINDOWS\System32\bcrypt.dll
0x00007fff24020000 - 0x00007fff2404e000 	C:\WINDOWS\SYSTEM32\USERENV.dll
0x00007fff23af0000 - 0x00007fff23afc000 	C:\WINDOWS\SYSTEM32\CRYPTBASE.dll
0x00007fff23580000 - 0x00007fff235bb000 	C:\WINDOWS\SYSTEM32\IPHLPAPI.DLL
0x00007fff25d90000 - 0x00007fff25d98000 	C:\WINDOWS\System32\NSI.dll
0x00007fff1d690000 - 0x00007fff1d6a7000 	C:\WINDOWS\SYSTEM32\dhcpcsvc6.DLL
0x00007fff1da20000 - 0x00007fff1da3d000 	C:\WINDOWS\SYSTEM32\dhcpcsvc.DLL
0x00007fff235d0000 - 0x00007fff2369c000 	C:\WINDOWS\SYSTEM32\DNSAPI.dll
0x00007fff03dc0000 - 0x00007fff03e04000 	C:\Users\Jire\AppData\Local\Temp\jna-2309074\jna805231248288948531.dll
0x00007fff063d0000 - 0x00007fff063e7000 	C:\WINDOWS\system32\napinsp.dll
0x00007fff07ea0000 - 0x00007fff07ebb000 	C:\WINDOWS\system32\pnrpnsp.dll
0x00007fff0ac20000 - 0x00007fff0ac35000 	C:\WINDOWS\system32\wshbth.dll
0x00007fff20b20000 - 0x00007fff20b3d000 	C:\WINDOWS\system32\NLAapi.dll
0x00007fff087a0000 - 0x00007fff087b2000 	C:\WINDOWS\System32\winrnr.dll
0x00007fff17f20000 - 0x00007fff17f2a000 	C:\Windows\System32\rasadhlp.dll
0x00007fff17fe0000 - 0x00007fff1805f000 	C:\WINDOWS\System32\fwpuclnt.dll
0x00007fff0ff10000 - 0x00007fff0ff19000 	C:\Program Files\AdoptOpenJDK\jdk-11.0.10.9-hotspot\bin\management.dll
0x00007fff0f4b0000 - 0x00007fff0f4bb000 	C:\Program Files\AdoptOpenJDK\jdk-11.0.10.9-hotspot\bin\management_ext.dll

dbghelp: loaded successfully - version: 4.0.5 - missing functions: none
symbol engine: initialized successfully - sym options: 0x614 - pdb path: .;C:\Program Files\AdoptOpenJDK\jdk-11.0.10.9-hotspot\bin;C:\WINDOWS\SYSTEM32;C:\WINDOWS\WinSxS\amd64_microsoft.windows.common-controls_6595b64144ccf1df_6.0.19041.1110_none_60b5254171f9507e;C:\Program Files\AdoptOpenJDK\jdk-11.0.10.9-hotspot\bin\server;C:\Program Files\JetBrains\IntelliJ IDEA 2021.2\bin;C:\Users\Jire\AppData\Local\Temp\jna-2309074

VM Arguments:
jvm_args: -javaagent:C:\Program Files\JetBrains\IntelliJ IDEA 2021.2\lib\idea_rt.jar=1063:C:\Program Files\JetBrains\IntelliJ IDEA 2021.2\bin -Dfile.encoding=UTF-8 
java_command: org.jire.leagueofjire.LeagueOfJire
java_class_path (initial): C:\Users\Jire\IdeaProjects\leagueofjire\build\classes\kotlin\main;C:\Users\Jire\IdeaProjects\leagueofjire\build\resources\main;C:\Users\Jire\.gradle\caches\modules-2\files-2.1\org.jire\kna\0.4.2\63abd356577fed4a15d66c9d0f1c48bfe3de9b01\kna-0.4.2.jar;C:\Users\Jire\.gradle\caches\modules-2\files-2.1\org.jetbrains.kotlin\kotlin-stdlib\1.5.10\da6a904b132f0402fa4d79169a3c1770598d4702\kotlin-stdlib-1.5.10.jar;C:\Users\Jire\.gradle\caches\modules-2\files-2.1\net.java.dev.jna\jna-platform\5.8.0\2f12f6d7f7652270d13624cef1b82d8cd9a5398e\jna-platform-5.8.0.jar;C:\Users\Jire\.gradle\caches\modules-2\files-2.1\net.java.dev.jna\jna\5.8.0\3551d8d827e54858214107541d3aff9c615cb615\jna-5.8.0.jar;C:\Users\Jire\.gradle\caches\modules-2\files-2.1\it.unimi.dsi\fastutil\8.5.4\799748e42a644db85394db066af658809f89c523\fastutil-8.5.4.jar;C:\Users\Jire\.gradle\caches\modules-2\files-2.1\org.jetbrains.kotlin\kotlin-stdlib-jdk8\1.4.21\3ad7f99fb330947a12451ea16767d192d763600a\kotlin-stdlib-jdk8-1.4.21.jar;C:\Users\Jire\.gradle\caches\modules-2\files-2.1\org.jetbrains.kotlin\kotlin-stdlib-common\1.5.10\6b84d926e28493be69daf673e40076f89492ef7\kotlin-stdlib-common-1.5.10.jar;C:\Users\Jire\.gradle\caches\modules-2\files-2.1\it.unimi.dsi\fastutil-extra\8.5.4\912b86862ad070dd3d21f51e05e361eba1f515da\fastutil-extra-8.5.4.jar;C:\Users\Jire\.gradle\caches\modules-2\files-2.1\org.jetbrains.kotlin\kotlin-stdlib-jdk7\1.4.21\26b6082f9296911bdcb8e72a7cc68692c7025a03\kotlin-stdlib-jdk7-1.4.21.jar;C:\Users\Jire\.gradle\caches\modules-2\files-2.1\it.unimi.dsi\fastutil-core\8.5.4\c693557ee87e311340eb0f8a811b8bca027af421\fastutil-core-8.5.4.jar;C:\Users\Jire\.gradle\caches\modules-2\files-2.1\net.openhft\chronicle-core\2.20.125\8b2d34ec1d9cc15ade6ada2a8e79c058d937177f\chronicle-core-2.20.125.jar;C:\Users\Jire\.gradle\caches\modules-2\files-2.1\org.openjdk.jmh\jmh-core\1.25\4f0e5e7c894cbc3e34da69db45ed41bc4d29d21e\jmh-core-1.25.jar;C:\Users\Jire\.gradle\caches\modules-2\files-2.1\org.je
Launcher Type: SUN_STANDARD

[Global flags]
     intx CICompilerCount                          = 4                                         {product} {ergonomic}
     uint ConcGCThreads                            = 2                                         {product} {ergonomic}
     uint G1ConcRefinementThreads                  = 8                                         {product} {ergonomic}
   size_t G1HeapRegionSize                         = 2097152                                   {product} {ergonomic}
    uintx GCDrainStackTargetSize                   = 64                                        {product} {ergonomic}
   size_t InitialHeapSize                          = 536870912                                 {product} {ergonomic}
   size_t MarkStackSize                            = 4194304                                   {product} {ergonomic}
   size_t MaxHeapSize                              = 8575254528                                {product} {ergonomic}
   size_t MaxNewSize                               = 5144313856                                {product} {ergonomic}
   size_t MinHeapDeltaBytes                        = 2097152                                   {product} {ergonomic}
    uintx NonNMethodCodeHeapSize                   = 5836300                                {pd product} {ergonomic}
    uintx NonProfiledCodeHeapSize                  = 122910970                              {pd product} {ergonomic}
    uintx ProfiledCodeHeapSize                     = 122910970                              {pd product} {ergonomic}
    uintx ReservedCodeCacheSize                    = 251658240                              {pd product} {ergonomic}
     bool SegmentedCodeCache                       = true                                      {product} {ergonomic}
     bool UseCompressedClassPointers               = true                                 {lp64_product} {ergonomic}
     bool UseCompressedOops                        = true                                 {lp64_product} {ergonomic}
     bool UseG1GC                                  = true                                      {product} {ergonomic}
     bool UseLargePagesIndividualAllocation        = false                                  {pd product} {ergonomic}

Logging:
Log output configuration:
 #0: stdout all=warning uptime,level,tags
 #1: stderr all=off uptime,level,tags

Environment Variables:
JAVA_HOME=C:\Program Files\AdoptOpenJDK\jdk-11.0.10.9-hotspot\
PATH=C:\Program Files\AdoptOpenJDK\jdk-11.0.10.9-hotspot\bin;C:\WINDOWS\system32;C:\WINDOWS;C:\WINDOWS\System32\Wbem;C:\WINDOWS\System32\WindowsPowerShell\v1.0\;C:\WINDOWS\System32\OpenSSH\;C:\Program Files\Git\cmd;C:\Program Files (x86)\Gpg4win\..\GnuPG\bin;C:\Users\Jire\Documents\SysinternalsSuite;C:\Program Files\PuTTY\;C:\Program Files\dotnet\;C:\Users\Jire\AppData\Local\Microsoft\WindowsApps;C:\Program Files\JetBrains\IntelliJ IDEA 2021.2\bin;C:\Users\Jire\AppData\Local\Programs\Microsoft VS Code\bin;C:\Program Files\JetBrains\PhpStorm 2021.1\bin;C:\Users\Jire\.dotnet\tools
USERNAME=Jire
OS=Windows_NT
PROCESSOR_IDENTIFIER=Intel64 Family 6 Model 94 Stepping 3, GenuineIntel



---------------  S Y S T E M  ---------------

OS: Windows 10 , 64 bit Build 19041 (10.0.19041.1151)
OS uptime: 0 days 4:36 hours

CPU:total 8 (initial active 8) (4 cores per cpu, 2 threads per core) family 6 model 94 stepping 3 microcode 0xd6, cmov, cx8, fxsr, mmx, sse, sse2, sse3, ssse3, sse4.1, sse4.2, popcnt, avx, avx2, aes, clmul, erms, rtm, 3dnowpref, lzcnt, ht, tsc, tscinvbit, bmi1, bmi2, adx, fma

Memory: 4k page, system-wide physical 32707M (17460M free)
TotalPageFile size 37571M (AvailPageFile size 19664M)
current process WorkingSet (physical memory assigned to process): 807M, peak: 807M
current process commit charge ("private bytes"): 1352M, peak: 1352M

vm_info: OpenJDK 64-Bit Server VM (11.0.10+9) for windows-amd64 JRE (11.0.10+9), built on Jan 20 2021 06:07:07 by "" with MS VC++ 15.9 (VS2017)

END.
