#
# A fatal error has been detected by the Java Runtime Environment:
#
#  EXCEPTION_ACCESS_VIOLATION (0xc0000005) at pc=0x0000023d2a3a0173, pid=13488, tid=9800
#
# JRE version: OpenJDK Runtime Environment AdoptOpenJDK (11.0.10+9) (build 11.0.10+9)
# Java VM: OpenJDK 64-Bit Server VM AdoptOpenJDK (11.0.10+9, mixed mode, tiered, compressed oops, g1 gc, windows-amd64)
# Problematic frame:
# J 1124 c2 org.jire.leagueofjire.ObjectReader.read(Lorg/jire/kna/attach/AttachedProcess;J)V (396 bytes) @ 0x0000023d2a3a0173 [0x0000023d2a39f840+0x0000000000000933]
#
# No core dump will be written. Minidumps are not enabled by default on client versions of Windows
#
# If you would like to submit a bug report, please visit:
#   https://github.com/AdoptOpenJDK/openjdk-support/issues
#

---------------  S U M M A R Y ------------

Command Line: -javaagent:C:\Program Files\JetBrains\IntelliJ IDEA 2021.2\lib\idea_rt.jar=1118:C:\Program Files\JetBrains\IntelliJ IDEA 2021.2\bin -Dfile.encoding=UTF-8 org.jire.leagueofjire.LeagueOfJire

Host: Intel(R) Core(TM) i7-6700K CPU @ 4.00GHz, 8 cores, 31G,  Windows 10 , 64 bit Build 19041 (10.0.19041.1151)
Time: Sat Aug 21 04:42:23 2021 Eastern Daylight Time elapsed time: 6.016510 seconds (0d 0h 0m 6s)

---------------  T H R E A D  ---------------

Current thread (0x0000023d18967800):  JavaThread "main" [_thread_in_Java, id=9800, stack(0x000000b6af800000,0x000000b6af900000)]

Stack: [0x000000b6af800000,0x000000b6af900000],  sp=0x000000b6af8feee0,  free space=1019k
Native frames: (J=compiled Java code, j=interpreted, Vv=VM code, C=native code)
C  0x0000023d2a3a0173


siginfo: EXCEPTION_ACCESS_VIOLATION (0xc0000005), reading address 0xffffffffffffffff


Register to memory mapping:

RIP=0x0000023d2a3a0173 is at entry_point+2355 in (nmethod*)0x0000023d2a39f510
RAX=0xffffffffffffffff is an unknown value
RBX=3286872228 is a compressed pointer to object: java.lang.ThreadLocal$ThreadLocalMap$Entry 
{0x000000061f4d8520} - klass: 'java/lang/ThreadLocal$ThreadLocalMap$Entry'
RCX=0x0000023d48718d20 points into unknown readable memory: 0x000000061f404700 | 00 47 40 1f 06 00 00 00
RDX=0x000000000000012b is an unknown value
RSP=0x000000b6af8feee0 is pointing into the stack for thread: 0x0000023d18967800
RBP=0x000000061fec0340 is an oop: [J 
{0x000000061fec0340} - klass: {type array long}
 - length: 257
RSI=0x0 is NULL
RDI=0x0000000000000030 is an unknown value
R8 =0x000000b6af8fed68 is pointing into the stack for thread: 0x0000023d18967800
R9 =0x000000000000002d is an unknown value
R10=0xffffffffffffffff is an unknown value
R11=0x0000000000000246 is an unknown value
R12=0x0 is NULL
R13=3286830050 is a compressed pointer to object: java.lang.ThreadLocal$SuppliedThreadLocal 
{0x000000061f485f10} - klass: 'java/lang/ThreadLocal$SuppliedThreadLocal'
R14=0x000000b6af8fee08 is pointing into the stack for thread: 0x0000023d18967800
R15=0x0000023d18967800 is a thread


Registers:
RAX=0xffffffffffffffff, RBX=0x00000000c3e9b0a4, RCX=0x0000023d48718d20, RDX=0x000000000000012b
RSP=0x000000b6af8feee0, RBP=0x000000061fec0340, RSI=0x0000000000000000, RDI=0x0000000000000030
R8 =0x000000b6af8fed68, R9 =0x000000000000002d, R10=0xffffffffffffffff, R11=0x0000000000000246
R12=0x0000000000000000, R13=0x00000000c3e90be2, R14=0x000000b6af8fee08, R15=0x0000023d18967800
RIP=0x0000023d2a3a0173, EFLAGS=0x0000000000010246

Top of Stack: (sp=0x000000b6af8feee0)
0x000000b6af8feee0:   000000004000ae00 000000061f401138
0x000000b6af8feef0:   000000b6af8ff080 0000000000000032
0x000000b6af8fef00:   000000061f401138 000000d700000100
0x000000b6af8fef10:   ffffffed000000c0 0000010100000000
0x000000b6af8fef20:   000000061febedf0 0000006600000052
0x000000b6af8fef30:   000000061fec0340 000000061febec58
0x000000b6af8fef40:   000000061febeca8 c3fd8068000000ff
0x000000b6af8fef50:   00000000420c0000 0000006600000065
0x000000b6af8fef60:   0000023d00000100 0000023d47f119d0
0x000000b6af8fef70:   000000b600000000 ffffffffffffffff
0x000000b6af8fef80:   0000023d47e39a30 0000000000000000
0x000000b6af8fef90:   000000b6af8ff010 0000023d2286a127
0x000000b6af8fefa0:   0000023d2286a127 00000000006b0000
0x000000b6af8fefb0:   0000000000000000 000000061f401138
0x000000b6af8fefc0:   000000061f401128 000000b6af8fefc8
0x000000b6af8fefd0:   0000023d4820c151 000000b6af8ff080 

Instructions: (pc=0x0000023d2a3a0173)
0x0000023d2a3a0073:   6c 4b 8d 2c c4 48 89 6c 24 50 4e 8b 5c cd 10 4d
0x0000023d2a3a0083:   85 db 74 63 4c 8b 44 24 70 4d 3b c3 0f 84 70 fe
0x0000023d2a3a0093:   ff ff 44 3b 54 24 3c 0f 83 60 0e 00 00 4e 8b 5c
0x0000023d2a3a00a3:   d5 10 4d 85 db 74 40 45 8b c2 66 66 90 4d 8b b7
0x0000023d2a3a00b3:   08 01 00 00 41 85 06 48 8b 4c 24 70 49 3b cb 0f
0x0000023d2a3a00c3:   84 3d fe ff ff 41 ff c0 44 23 44 24 68 44 3b 44
0x0000023d2a3a00d3:   24 3c 0f 83 41 0a 00 00 48 8b 6c 24 50 4e 8b 5c
0x0000023d2a3a00e3:   c5 10 4d 85 db 75 c6 48 8b 6c 24 50 4e 8b 5c cd
0x0000023d2a3a00f3:   10 44 8b 44 24 4c 41 ff c0 44 89 44 24 4c 4d 85
0x0000023d2a3a0103:   db 0f 85 fe 01 00 00 45 8b d1 44 3b 54 24 3c 0f
0x0000023d2a3a0113:   83 58 0c 00 00 4c 8b 5c 24 50 4c 8b 44 24 70 4f
0x0000023d2a3a0123:   89 44 d3 10 44 8b 5c 24 78 41 ff c3 44 89 5c 24
0x0000023d2a3a0133:   7c 4c 8b 5c 24 60 44 8b 54 24 7c 45 89 53 1c 44
0x0000023d2a3a0143:   8b 5c 24 78 44 3b 5c 24 30 0f 8d 4f 02 00 00 48
0x0000023d2a3a0153:   8b 54 24 20 4c 8b 44 24 70 41 b9 30 00 00 00 90
0x0000023d2a3a0163:   e8 98 28 ff ff 48 89 84 24 98 00 00 00 4c 8b d0
0x0000023d2a3a0173:   49 63 1a 4c 8b d0 4d 63 52 04 4c 89 54 24 70 4c
0x0000023d2a3a0183:   8b d0 49 63 6a 08 4c 8b 54 24 58 41 8b 4a 18 45
0x0000023d2a3a0193:   8b 52 14 45 8b ca 41 ff c1 4c 8b 5c 24 58 45 89
0x0000023d2a3a01a3:   4b 14 45 8b 44 cc 0c 45 3b d0 0f 83 05 0c 00 00
0x0000023d2a3a01b3:   45 8b 43 0c 45 3b c8 0f 84 87 04 00 00 4d 8d 1c
0x0000023d2a3a01c3:   cc 4b 89 5c d3 10 4c 8b 54 24 58 45 8b 5a 10 45
0x0000023d2a3a01d3:   3b cb 0f 84 a1 04 00 00 45 8b d1 41 ff c2 4c 8b
0x0000023d2a3a01e3:   5c 24 58 45 89 53 14 45 8b 5c cc 0c 45 3b cb 0f
0x0000023d2a3a01f3:   83 00 0c 00 00 4c 8b 5c 24 58 45 8b 43 0c 45 3b
0x0000023d2a3a0203:   d0 0f 84 4d 04 00 00 45 8b 5b 10 49 8d 1c cc 48
0x0000023d2a3a0213:   8b 7c 24 70 4a 89 7c cb 10 45 3b d3 0f 84 9d 04
0x0000023d2a3a0223:   00 00 45 8b da 41 ff c3 4c 8b 44 24 58 45 89 58
0x0000023d2a3a0233:   14 45 8b 44 cc 0c 45 3b d0 0f 83 02 0c 00 00 4c
0x0000023d2a3a0243:   8b 44 24 58 45 8b 40 0c 45 3b d8 0f 84 13 04 00
0x0000023d2a3a0253:   00 4c 8b 4c 24 58 45 8b 49 10 48 c1 e1 03 4a 89
0x0000023d2a3a0263:   6c d1 10 45 3b d9 0f 84 9b 04 00 00 4c 8b 94 24 


Stack slot to memory mapping:
stack at sp + 0 slots: 0x000000004000ae00 is an unknown value
stack at sp + 1 slots: 0x000000061f401138 is an oop: org.jire.kna.attach.windows.WindowsAttachedProcess 
{0x000000061f401138} - klass: 'org/jire/kna/attach/windows/WindowsAttachedProcess'
stack at sp + 2 slots: 0x000000b6af8ff080 is pointing into the stack for thread: 0x0000023d18967800
stack at sp + 3 slots: 0x0000000000000032 is an unknown value
stack at sp + 4 slots: 0x000000061f401138 is an oop: org.jire.kna.attach.windows.WindowsAttachedProcess 
{0x000000061f401138} - klass: 'org/jire/kna/attach/windows/WindowsAttachedProcess'
stack at sp + 5 slots: 0x000000d700000100 is an unknown value
stack at sp + 6 slots: 0xffffffed000000c0 is an unknown value
stack at sp + 7 slots: 0x0000010100000000 is an unknown value



---------------  P R O C E S S  ---------------

Threads class SMR info:
_java_thread_list=0x0000023d48920950, length=11, elements={
0x0000023d18967800, 0x0000023d48719800, 0x0000023d48743800, 0x0000023d48795800,
0x0000023d48797000, 0x0000023d48799800, 0x0000023d487a4800, 0x0000023d487aa000,
0x0000023d487ba800, 0x0000023d4891f800, 0x0000023d48c95800
}

Java Threads: ( => current thread )
=>0x0000023d18967800 JavaThread "main" [_thread_in_Java, id=9800, stack(0x000000b6af800000,0x000000b6af900000)]
  0x0000023d48719800 JavaThread "Reference Handler" daemon [_thread_blocked, id=13308, stack(0x000000b6aff00000,0x000000b6b0000000)]
  0x0000023d48743800 JavaThread "Finalizer" daemon [_thread_blocked, id=15944, stack(0x000000b6b0000000,0x000000b6b0100000)]
  0x0000023d48795800 JavaThread "Signal Dispatcher" daemon [_thread_blocked, id=13092, stack(0x000000b6b0100000,0x000000b6b0200000)]
  0x0000023d48797000 JavaThread "Attach Listener" daemon [_thread_blocked, id=16172, stack(0x000000b6b0200000,0x000000b6b0300000)]
  0x0000023d48799800 JavaThread "Service Thread" daemon [_thread_blocked, id=15900, stack(0x000000b6b0300000,0x000000b6b0400000)]
  0x0000023d487a4800 JavaThread "C2 CompilerThread0" daemon [_thread_blocked, id=15512, stack(0x000000b6b0400000,0x000000b6b0500000)]
  0x0000023d487aa000 JavaThread "C1 CompilerThread0" daemon [_thread_blocked, id=14384, stack(0x000000b6b0500000,0x000000b6b0600000)]
  0x0000023d487ba800 JavaThread "Sweeper thread" daemon [_thread_blocked, id=14744, stack(0x000000b6b0600000,0x000000b6b0700000)]
  0x0000023d4891f800 JavaThread "Common-Cleaner" daemon [_thread_blocked, id=5316, stack(0x000000b6b0700000,0x000000b6b0800000)]
  0x0000023d48c95800 JavaThread "Monitor Ctrl-Break" daemon [_thread_in_native, id=13248, stack(0x000000b6b0900000,0x000000b6b0a00000)]

Other Threads:
  0x0000023d48718800 VMThread "VM Thread" [stack: 0x000000b6afe00000,0x000000b6aff00000] [id=6920]
  0x0000023d48c9a800 WatcherThread [stack: 0x000000b6b0a00000,0x000000b6b0b00000] [id=14024]
  0x0000023d1897f000 GCTaskThread "GC Thread#0" [stack: 0x000000b6af900000,0x000000b6afa00000] [id=11172]
  0x0000023d4a5e4800 GCTaskThread "GC Thread#1" [stack: 0x000000b6b0800000,0x000000b6b0900000] [id=1484]
  0x0000023d4a5e5000 GCTaskThread "GC Thread#2" [stack: 0x000000b6b0b00000,0x000000b6b0c00000] [id=5960]
  0x0000023d4a5e5800 GCTaskThread "GC Thread#3" [stack: 0x000000b6b0c00000,0x000000b6b0d00000] [id=16764]
  0x0000023d4a5e6800 GCTaskThread "GC Thread#4" [stack: 0x000000b6b0d00000,0x000000b6b0e00000] [id=16452]
  0x0000023d4a5e7800 GCTaskThread "GC Thread#5" [stack: 0x000000b6b0e00000,0x000000b6b0f00000] [id=14652]
  0x0000023d4a5e9000 GCTaskThread "GC Thread#6" [stack: 0x000000b6b0f00000,0x000000b6b1000000] [id=5508]
  0x0000023d4a5ea000 GCTaskThread "GC Thread#7" [stack: 0x000000b6b1000000,0x000000b6b1100000] [id=16752]
  0x0000023d18a02000 ConcurrentGCThread "G1 Main Marker" [stack: 0x000000b6afa00000,0x000000b6afb00000] [id=1056]
  0x0000023d18a04000 ConcurrentGCThread "G1 Conc#0" [stack: 0x000000b6afb00000,0x000000b6afc00000] [id=8536]
  0x0000023d47d80000 ConcurrentGCThread "G1 Refine#0" [stack: 0x000000b6afc00000,0x000000b6afd00000] [id=16540]
  0x0000023d47d82000 ConcurrentGCThread "G1 Young RemSet Sampling" [stack: 0x000000b6afd00000,0x000000b6afe00000] [id=10000]

Threads with active compile tasks:

VM state:not at safepoint (normal execution)

VM Mutex/Monitor currently owned by a thread: None

Heap address: 0x0000000600e00000, size: 8178 MB, Compressed Oops mode: Zero based, Oop shift amount: 3
Narrow klass base: 0x0000000800000000, Narrow klass shift: 0
Compressed class space size: 1073741824 Address: 0x0000000800000000

Heap:
 garbage-first heap   total 524288K, used 18774K [0x0000000600e00000, 0x0000000800000000)
  region size 2048K, 10 young (20480K), 2 survivors (4096K)
 Metaspace       used 12803K, capacity 13021K, committed 13184K, reserved 1060864K
  class space    used 1300K, capacity 1364K, committed 1408K, reserved 1048576K
Heap Regions: E=young(eden), S=young(survivor), O=old, HS=humongous(starts), HC=humongous(continues), CS=collection set, F=free, A=archive, TAMS=top-at-mark-start (previous, next)
|   0|0x0000000600e00000, 0x0000000600e55a00, 0x0000000601000000| 16%| O|  |TAMS 0x0000000600e00000, 0x0000000600e00000| Untracked 
|   1|0x0000000601000000, 0x0000000601000000, 0x0000000601200000|  0%| F|  |TAMS 0x0000000601000000, 0x0000000601000000| Untracked 
|   2|0x0000000601200000, 0x0000000601200000, 0x0000000601400000|  0%| F|  |TAMS 0x0000000601200000, 0x0000000601200000| Untracked 
|   3|0x0000000601400000, 0x0000000601400000, 0x0000000601600000|  0%| F|  |TAMS 0x0000000601400000, 0x0000000601400000| Untracked 
|   4|0x0000000601600000, 0x0000000601600000, 0x0000000601800000|  0%| F|  |TAMS 0x0000000601600000, 0x0000000601600000| Untracked 
|   5|0x0000000601800000, 0x0000000601800000, 0x0000000601a00000|  0%| F|  |TAMS 0x0000000601800000, 0x0000000601800000| Untracked 
|   6|0x0000000601a00000, 0x0000000601a00000, 0x0000000601c00000|  0%| F|  |TAMS 0x0000000601a00000, 0x0000000601a00000| Untracked 
|   7|0x0000000601c00000, 0x0000000601c00000, 0x0000000601e00000|  0%| F|  |TAMS 0x0000000601c00000, 0x0000000601c00000| Untracked 
|   8|0x0000000601e00000, 0x0000000601e00000, 0x0000000602000000|  0%| F|  |TAMS 0x0000000601e00000, 0x0000000601e00000| Untracked 
|   9|0x0000000602000000, 0x0000000602000000, 0x0000000602200000|  0%| F|  |TAMS 0x0000000602000000, 0x0000000602000000| Untracked 
|  10|0x0000000602200000, 0x0000000602200000, 0x0000000602400000|  0%| F|  |TAMS 0x0000000602200000, 0x0000000602200000| Untracked 
|  11|0x0000000602400000, 0x0000000602400000, 0x0000000602600000|  0%| F|  |TAMS 0x0000000602400000, 0x0000000602400000| Untracked 
|  12|0x0000000602600000, 0x0000000602600000, 0x0000000602800000|  0%| F|  |TAMS 0x0000000602600000, 0x0000000602600000| Untracked 
|  13|0x0000000602800000, 0x0000000602800000, 0x0000000602a00000|  0%| F|  |TAMS 0x0000000602800000, 0x0000000602800000| Untracked 
|  14|0x0000000602a00000, 0x0000000602a00000, 0x0000000602c00000|  0%| F|  |TAMS 0x0000000602a00000, 0x0000000602a00000| Untracked 
|  15|0x0000000602c00000, 0x0000000602c00000, 0x0000000602e00000|  0%| F|  |TAMS 0x0000000602c00000, 0x0000000602c00000| Untracked 
|  16|0x0000000602e00000, 0x0000000602e00000, 0x0000000603000000|  0%| F|  |TAMS 0x0000000602e00000, 0x0000000602e00000| Untracked 
|  17|0x0000000603000000, 0x0000000603000000, 0x0000000603200000|  0%| F|  |TAMS 0x0000000603000000, 0x0000000603000000| Untracked 
|  18|0x0000000603200000, 0x0000000603200000, 0x0000000603400000|  0%| F|  |TAMS 0x0000000603200000, 0x0000000603200000| Untracked 
|  19|0x0000000603400000, 0x0000000603400000, 0x0000000603600000|  0%| F|  |TAMS 0x0000000603400000, 0x0000000603400000| Untracked 
|  20|0x0000000603600000, 0x0000000603600000, 0x0000000603800000|  0%| F|  |TAMS 0x0000000603600000, 0x0000000603600000| Untracked 
|  21|0x0000000603800000, 0x0000000603800000, 0x0000000603a00000|  0%| F|  |TAMS 0x0000000603800000, 0x0000000603800000| Untracked 
|  22|0x0000000603a00000, 0x0000000603a00000, 0x0000000603c00000|  0%| F|  |TAMS 0x0000000603a00000, 0x0000000603a00000| Untracked 
|  23|0x0000000603c00000, 0x0000000603c00000, 0x0000000603e00000|  0%| F|  |TAMS 0x0000000603c00000, 0x0000000603c00000| Untracked 
|  24|0x0000000603e00000, 0x0000000603e00000, 0x0000000604000000|  0%| F|  |TAMS 0x0000000603e00000, 0x0000000603e00000| Untracked 
|  25|0x0000000604000000, 0x0000000604000000, 0x0000000604200000|  0%| F|  |TAMS 0x0000000604000000, 0x0000000604000000| Untracked 
|  26|0x0000000604200000, 0x0000000604200000, 0x0000000604400000|  0%| F|  |TAMS 0x0000000604200000, 0x0000000604200000| Untracked 
|  27|0x0000000604400000, 0x0000000604400000, 0x0000000604600000|  0%| F|  |TAMS 0x0000000604400000, 0x0000000604400000| Untracked 
|  28|0x0000000604600000, 0x0000000604600000, 0x0000000604800000|  0%| F|  |TAMS 0x0000000604600000, 0x0000000604600000| Untracked 
|  29|0x0000000604800000, 0x0000000604800000, 0x0000000604a00000|  0%| F|  |TAMS 0x0000000604800000, 0x0000000604800000| Untracked 
|  30|0x0000000604a00000, 0x0000000604a00000, 0x0000000604c00000|  0%| F|  |TAMS 0x0000000604a00000, 0x0000000604a00000| Untracked 
|  31|0x0000000604c00000, 0x0000000604c00000, 0x0000000604e00000|  0%| F|  |TAMS 0x0000000604c00000, 0x0000000604c00000| Untracked 
|  32|0x0000000604e00000, 0x0000000604e00000, 0x0000000605000000|  0%| F|  |TAMS 0x0000000604e00000, 0x0000000604e00000| Untracked 
|  33|0x0000000605000000, 0x0000000605000000, 0x0000000605200000|  0%| F|  |TAMS 0x0000000605000000, 0x0000000605000000| Untracked 
|  34|0x0000000605200000, 0x0000000605200000, 0x0000000605400000|  0%| F|  |TAMS 0x0000000605200000, 0x0000000605200000| Untracked 
|  35|0x0000000605400000, 0x0000000605400000, 0x0000000605600000|  0%| F|  |TAMS 0x0000000605400000, 0x0000000605400000| Untracked 
|  36|0x0000000605600000, 0x0000000605600000, 0x0000000605800000|  0%| F|  |TAMS 0x0000000605600000, 0x0000000605600000| Untracked 
|  37|0x0000000605800000, 0x0000000605800000, 0x0000000605a00000|  0%| F|  |TAMS 0x0000000605800000, 0x0000000605800000| Untracked 
|  38|0x0000000605a00000, 0x0000000605a00000, 0x0000000605c00000|  0%| F|  |TAMS 0x0000000605a00000, 0x0000000605a00000| Untracked 
|  39|0x0000000605c00000, 0x0000000605c00000, 0x0000000605e00000|  0%| F|  |TAMS 0x0000000605c00000, 0x0000000605c00000| Untracked 
|  40|0x0000000605e00000, 0x0000000605e00000, 0x0000000606000000|  0%| F|  |TAMS 0x0000000605e00000, 0x0000000605e00000| Untracked 
|  41|0x0000000606000000, 0x0000000606000000, 0x0000000606200000|  0%| F|  |TAMS 0x0000000606000000, 0x0000000606000000| Untracked 
|  42|0x0000000606200000, 0x0000000606200000, 0x0000000606400000|  0%| F|  |TAMS 0x0000000606200000, 0x0000000606200000| Untracked 
|  43|0x0000000606400000, 0x0000000606400000, 0x0000000606600000|  0%| F|  |TAMS 0x0000000606400000, 0x0000000606400000| Untracked 
|  44|0x0000000606600000, 0x0000000606600000, 0x0000000606800000|  0%| F|  |TAMS 0x0000000606600000, 0x0000000606600000| Untracked 
|  45|0x0000000606800000, 0x0000000606800000, 0x0000000606a00000|  0%| F|  |TAMS 0x0000000606800000, 0x0000000606800000| Untracked 
|  46|0x0000000606a00000, 0x0000000606a00000, 0x0000000606c00000|  0%| F|  |TAMS 0x0000000606a00000, 0x0000000606a00000| Untracked 
|  47|0x0000000606c00000, 0x0000000606c00000, 0x0000000606e00000|  0%| F|  |TAMS 0x0000000606c00000, 0x0000000606c00000| Untracked 
|  48|0x0000000606e00000, 0x0000000606e00000, 0x0000000607000000|  0%| F|  |TAMS 0x0000000606e00000, 0x0000000606e00000| Untracked 
|  49|0x0000000607000000, 0x0000000607000000, 0x0000000607200000|  0%| F|  |TAMS 0x0000000607000000, 0x0000000607000000| Untracked 
|  50|0x0000000607200000, 0x0000000607200000, 0x0000000607400000|  0%| F|  |TAMS 0x0000000607200000, 0x0000000607200000| Untracked 
|  51|0x0000000607400000, 0x0000000607400000, 0x0000000607600000|  0%| F|  |TAMS 0x0000000607400000, 0x0000000607400000| Untracked 
|  52|0x0000000607600000, 0x0000000607600000, 0x0000000607800000|  0%| F|  |TAMS 0x0000000607600000, 0x0000000607600000| Untracked 
|  53|0x0000000607800000, 0x0000000607800000, 0x0000000607a00000|  0%| F|  |TAMS 0x0000000607800000, 0x0000000607800000| Untracked 
|  54|0x0000000607a00000, 0x0000000607a00000, 0x0000000607c00000|  0%| F|  |TAMS 0x0000000607a00000, 0x0000000607a00000| Untracked 
|  55|0x0000000607c00000, 0x0000000607c00000, 0x0000000607e00000|  0%| F|  |TAMS 0x0000000607c00000, 0x0000000607c00000| Untracked 
|  56|0x0000000607e00000, 0x0000000607e00000, 0x0000000608000000|  0%| F|  |TAMS 0x0000000607e00000, 0x0000000607e00000| Untracked 
|  57|0x0000000608000000, 0x0000000608000000, 0x0000000608200000|  0%| F|  |TAMS 0x0000000608000000, 0x0000000608000000| Untracked 
|  58|0x0000000608200000, 0x0000000608200000, 0x0000000608400000|  0%| F|  |TAMS 0x0000000608200000, 0x0000000608200000| Untracked 
|  59|0x0000000608400000, 0x0000000608400000, 0x0000000608600000|  0%| F|  |TAMS 0x0000000608400000, 0x0000000608400000| Untracked 
|  60|0x0000000608600000, 0x0000000608600000, 0x0000000608800000|  0%| F|  |TAMS 0x0000000608600000, 0x0000000608600000| Untracked 
|  61|0x0000000608800000, 0x0000000608800000, 0x0000000608a00000|  0%| F|  |TAMS 0x0000000608800000, 0x0000000608800000| Untracked 
|  62|0x0000000608a00000, 0x0000000608a00000, 0x0000000608c00000|  0%| F|  |TAMS 0x0000000608a00000, 0x0000000608a00000| Untracked 
|  63|0x0000000608c00000, 0x0000000608c00000, 0x0000000608e00000|  0%| F|  |TAMS 0x0000000608c00000, 0x0000000608c00000| Untracked 
|  64|0x0000000608e00000, 0x0000000608e00000, 0x0000000609000000|  0%| F|  |TAMS 0x0000000608e00000, 0x0000000608e00000| Untracked 
|  65|0x0000000609000000, 0x0000000609000000, 0x0000000609200000|  0%| F|  |TAMS 0x0000000609000000, 0x0000000609000000| Untracked 
|  66|0x0000000609200000, 0x0000000609200000, 0x0000000609400000|  0%| F|  |TAMS 0x0000000609200000, 0x0000000609200000| Untracked 
|  67|0x0000000609400000, 0x0000000609400000, 0x0000000609600000|  0%| F|  |TAMS 0x0000000609400000, 0x0000000609400000| Untracked 
|  68|0x0000000609600000, 0x0000000609600000, 0x0000000609800000|  0%| F|  |TAMS 0x0000000609600000, 0x0000000609600000| Untracked 
|  69|0x0000000609800000, 0x0000000609800000, 0x0000000609a00000|  0%| F|  |TAMS 0x0000000609800000, 0x0000000609800000| Untracked 
|  70|0x0000000609a00000, 0x0000000609a00000, 0x0000000609c00000|  0%| F|  |TAMS 0x0000000609a00000, 0x0000000609a00000| Untracked 
|  71|0x0000000609c00000, 0x0000000609c00000, 0x0000000609e00000|  0%| F|  |TAMS 0x0000000609c00000, 0x0000000609c00000| Untracked 
|  72|0x0000000609e00000, 0x0000000609e00000, 0x000000060a000000|  0%| F|  |TAMS 0x0000000609e00000, 0x0000000609e00000| Untracked 
|  73|0x000000060a000000, 0x000000060a000000, 0x000000060a200000|  0%| F|  |TAMS 0x000000060a000000, 0x000000060a000000| Untracked 
|  74|0x000000060a200000, 0x000000060a200000, 0x000000060a400000|  0%| F|  |TAMS 0x000000060a200000, 0x000000060a200000| Untracked 
|  75|0x000000060a400000, 0x000000060a400000, 0x000000060a600000|  0%| F|  |TAMS 0x000000060a400000, 0x000000060a400000| Untracked 
|  76|0x000000060a600000, 0x000000060a600000, 0x000000060a800000|  0%| F|  |TAMS 0x000000060a600000, 0x000000060a600000| Untracked 
|  77|0x000000060a800000, 0x000000060a800000, 0x000000060aa00000|  0%| F|  |TAMS 0x000000060a800000, 0x000000060a800000| Untracked 
|  78|0x000000060aa00000, 0x000000060aa00000, 0x000000060ac00000|  0%| F|  |TAMS 0x000000060aa00000, 0x000000060aa00000| Untracked 
|  79|0x000000060ac00000, 0x000000060ac00000, 0x000000060ae00000|  0%| F|  |TAMS 0x000000060ac00000, 0x000000060ac00000| Untracked 
|  80|0x000000060ae00000, 0x000000060ae00000, 0x000000060b000000|  0%| F|  |TAMS 0x000000060ae00000, 0x000000060ae00000| Untracked 
|  81|0x000000060b000000, 0x000000060b000000, 0x000000060b200000|  0%| F|  |TAMS 0x000000060b000000, 0x000000060b000000| Untracked 
|  82|0x000000060b200000, 0x000000060b200000, 0x000000060b400000|  0%| F|  |TAMS 0x000000060b200000, 0x000000060b200000| Untracked 
|  83|0x000000060b400000, 0x000000060b400000, 0x000000060b600000|  0%| F|  |TAMS 0x000000060b400000, 0x000000060b400000| Untracked 
|  84|0x000000060b600000, 0x000000060b600000, 0x000000060b800000|  0%| F|  |TAMS 0x000000060b600000, 0x000000060b600000| Untracked 
|  85|0x000000060b800000, 0x000000060b800000, 0x000000060ba00000|  0%| F|  |TAMS 0x000000060b800000, 0x000000060b800000| Untracked 
|  86|0x000000060ba00000, 0x000000060ba00000, 0x000000060bc00000|  0%| F|  |TAMS 0x000000060ba00000, 0x000000060ba00000| Untracked 
|  87|0x000000060bc00000, 0x000000060bc00000, 0x000000060be00000|  0%| F|  |TAMS 0x000000060bc00000, 0x000000060bc00000| Untracked 
|  88|0x000000060be00000, 0x000000060be00000, 0x000000060c000000|  0%| F|  |TAMS 0x000000060be00000, 0x000000060be00000| Untracked 
|  89|0x000000060c000000, 0x000000060c000000, 0x000000060c200000|  0%| F|  |TAMS 0x000000060c000000, 0x000000060c000000| Untracked 
|  90|0x000000060c200000, 0x000000060c200000, 0x000000060c400000|  0%| F|  |TAMS 0x000000060c200000, 0x000000060c200000| Untracked 
|  91|0x000000060c400000, 0x000000060c400000, 0x000000060c600000|  0%| F|  |TAMS 0x000000060c400000, 0x000000060c400000| Untracked 
|  92|0x000000060c600000, 0x000000060c600000, 0x000000060c800000|  0%| F|  |TAMS 0x000000060c600000, 0x000000060c600000| Untracked 
|  93|0x000000060c800000, 0x000000060c800000, 0x000000060ca00000|  0%| F|  |TAMS 0x000000060c800000, 0x000000060c800000| Untracked 
|  94|0x000000060ca00000, 0x000000060ca00000, 0x000000060cc00000|  0%| F|  |TAMS 0x000000060ca00000, 0x000000060ca00000| Untracked 
|  95|0x000000060cc00000, 0x000000060cc00000, 0x000000060ce00000|  0%| F|  |TAMS 0x000000060cc00000, 0x000000060cc00000| Untracked 
|  96|0x000000060ce00000, 0x000000060ce00000, 0x000000060d000000|  0%| F|  |TAMS 0x000000060ce00000, 0x000000060ce00000| Untracked 
|  97|0x000000060d000000, 0x000000060d000000, 0x000000060d200000|  0%| F|  |TAMS 0x000000060d000000, 0x000000060d000000| Untracked 
|  98|0x000000060d200000, 0x000000060d200000, 0x000000060d400000|  0%| F|  |TAMS 0x000000060d200000, 0x000000060d200000| Untracked 
|  99|0x000000060d400000, 0x000000060d400000, 0x000000060d600000|  0%| F|  |TAMS 0x000000060d400000, 0x000000060d400000| Untracked 
| 100|0x000000060d600000, 0x000000060d600000, 0x000000060d800000|  0%| F|  |TAMS 0x000000060d600000, 0x000000060d600000| Untracked 
| 101|0x000000060d800000, 0x000000060d800000, 0x000000060da00000|  0%| F|  |TAMS 0x000000060d800000, 0x000000060d800000| Untracked 
| 102|0x000000060da00000, 0x000000060da00000, 0x000000060dc00000|  0%| F|  |TAMS 0x000000060da00000, 0x000000060da00000| Untracked 
| 103|0x000000060dc00000, 0x000000060dc00000, 0x000000060de00000|  0%| F|  |TAMS 0x000000060dc00000, 0x000000060dc00000| Untracked 
| 104|0x000000060de00000, 0x000000060de00000, 0x000000060e000000|  0%| F|  |TAMS 0x000000060de00000, 0x000000060de00000| Untracked 
| 105|0x000000060e000000, 0x000000060e000000, 0x000000060e200000|  0%| F|  |TAMS 0x000000060e000000, 0x000000060e000000| Untracked 
| 106|0x000000060e200000, 0x000000060e200000, 0x000000060e400000|  0%| F|  |TAMS 0x000000060e200000, 0x000000060e200000| Untracked 
| 107|0x000000060e400000, 0x000000060e400000, 0x000000060e600000|  0%| F|  |TAMS 0x000000060e400000, 0x000000060e400000| Untracked 
| 108|0x000000060e600000, 0x000000060e600000, 0x000000060e800000|  0%| F|  |TAMS 0x000000060e600000, 0x000000060e600000| Untracked 
| 109|0x000000060e800000, 0x000000060e800000, 0x000000060ea00000|  0%| F|  |TAMS 0x000000060e800000, 0x000000060e800000| Untracked 
| 110|0x000000060ea00000, 0x000000060ea00000, 0x000000060ec00000|  0%| F|  |TAMS 0x000000060ea00000, 0x000000060ea00000| Untracked 
| 111|0x000000060ec00000, 0x000000060ec00000, 0x000000060ee00000|  0%| F|  |TAMS 0x000000060ec00000, 0x000000060ec00000| Untracked 
| 112|0x000000060ee00000, 0x000000060ee00000, 0x000000060f000000|  0%| F|  |TAMS 0x000000060ee00000, 0x000000060ee00000| Untracked 
| 113|0x000000060f000000, 0x000000060f000000, 0x000000060f200000|  0%| F|  |TAMS 0x000000060f000000, 0x000000060f000000| Untracked 
| 114|0x000000060f200000, 0x000000060f200000, 0x000000060f400000|  0%| F|  |TAMS 0x000000060f200000, 0x000000060f200000| Untracked 
| 115|0x000000060f400000, 0x000000060f400000, 0x000000060f600000|  0%| F|  |TAMS 0x000000060f400000, 0x000000060f400000| Untracked 
| 116|0x000000060f600000, 0x000000060f600000, 0x000000060f800000|  0%| F|  |TAMS 0x000000060f600000, 0x000000060f600000| Untracked 
| 117|0x000000060f800000, 0x000000060f800000, 0x000000060fa00000|  0%| F|  |TAMS 0x000000060f800000, 0x000000060f800000| Untracked 
| 118|0x000000060fa00000, 0x000000060fa00000, 0x000000060fc00000|  0%| F|  |TAMS 0x000000060fa00000, 0x000000060fa00000| Untracked 
| 119|0x000000060fc00000, 0x000000060fc00000, 0x000000060fe00000|  0%| F|  |TAMS 0x000000060fc00000, 0x000000060fc00000| Untracked 
| 120|0x000000060fe00000, 0x000000060fe00000, 0x0000000610000000|  0%| F|  |TAMS 0x000000060fe00000, 0x000000060fe00000| Untracked 
| 121|0x0000000610000000, 0x0000000610000000, 0x0000000610200000|  0%| F|  |TAMS 0x0000000610000000, 0x0000000610000000| Untracked 
| 122|0x0000000610200000, 0x0000000610200000, 0x0000000610400000|  0%| F|  |TAMS 0x0000000610200000, 0x0000000610200000| Untracked 
| 123|0x0000000610400000, 0x0000000610400000, 0x0000000610600000|  0%| F|  |TAMS 0x0000000610400000, 0x0000000610400000| Untracked 
| 124|0x0000000610600000, 0x0000000610600000, 0x0000000610800000|  0%| F|  |TAMS 0x0000000610600000, 0x0000000610600000| Untracked 
| 125|0x0000000610800000, 0x0000000610800000, 0x0000000610a00000|  0%| F|  |TAMS 0x0000000610800000, 0x0000000610800000| Untracked 
| 126|0x0000000610a00000, 0x0000000610a00000, 0x0000000610c00000|  0%| F|  |TAMS 0x0000000610a00000, 0x0000000610a00000| Untracked 
| 127|0x0000000610c00000, 0x0000000610c00000, 0x0000000610e00000|  0%| F|  |TAMS 0x0000000610c00000, 0x0000000610c00000| Untracked 
| 128|0x0000000610e00000, 0x0000000610e00000, 0x0000000611000000|  0%| F|  |TAMS 0x0000000610e00000, 0x0000000610e00000| Untracked 
| 129|0x0000000611000000, 0x0000000611000000, 0x0000000611200000|  0%| F|  |TAMS 0x0000000611000000, 0x0000000611000000| Untracked 
| 130|0x0000000611200000, 0x0000000611200000, 0x0000000611400000|  0%| F|  |TAMS 0x0000000611200000, 0x0000000611200000| Untracked 
| 131|0x0000000611400000, 0x0000000611400000, 0x0000000611600000|  0%| F|  |TAMS 0x0000000611400000, 0x0000000611400000| Untracked 
| 132|0x0000000611600000, 0x0000000611600000, 0x0000000611800000|  0%| F|  |TAMS 0x0000000611600000, 0x0000000611600000| Untracked 
| 133|0x0000000611800000, 0x0000000611800000, 0x0000000611a00000|  0%| F|  |TAMS 0x0000000611800000, 0x0000000611800000| Untracked 
| 134|0x0000000611a00000, 0x0000000611a00000, 0x0000000611c00000|  0%| F|  |TAMS 0x0000000611a00000, 0x0000000611a00000| Untracked 
| 135|0x0000000611c00000, 0x0000000611c00000, 0x0000000611e00000|  0%| F|  |TAMS 0x0000000611c00000, 0x0000000611c00000| Untracked 
| 136|0x0000000611e00000, 0x0000000611e00000, 0x0000000612000000|  0%| F|  |TAMS 0x0000000611e00000, 0x0000000611e00000| Untracked 
| 137|0x0000000612000000, 0x0000000612000000, 0x0000000612200000|  0%| F|  |TAMS 0x0000000612000000, 0x0000000612000000| Untracked 
| 138|0x0000000612200000, 0x0000000612200000, 0x0000000612400000|  0%| F|  |TAMS 0x0000000612200000, 0x0000000612200000| Untracked 
| 139|0x0000000612400000, 0x0000000612400000, 0x0000000612600000|  0%| F|  |TAMS 0x0000000612400000, 0x0000000612400000| Untracked 
| 140|0x0000000612600000, 0x0000000612600000, 0x0000000612800000|  0%| F|  |TAMS 0x0000000612600000, 0x0000000612600000| Untracked 
| 141|0x0000000612800000, 0x0000000612800000, 0x0000000612a00000|  0%| F|  |TAMS 0x0000000612800000, 0x0000000612800000| Untracked 
| 142|0x0000000612a00000, 0x0000000612a00000, 0x0000000612c00000|  0%| F|  |TAMS 0x0000000612a00000, 0x0000000612a00000| Untracked 
| 143|0x0000000612c00000, 0x0000000612c00000, 0x0000000612e00000|  0%| F|  |TAMS 0x0000000612c00000, 0x0000000612c00000| Untracked 
| 144|0x0000000612e00000, 0x0000000612e00000, 0x0000000613000000|  0%| F|  |TAMS 0x0000000612e00000, 0x0000000612e00000| Untracked 
| 145|0x0000000613000000, 0x0000000613000000, 0x0000000613200000|  0%| F|  |TAMS 0x0000000613000000, 0x0000000613000000| Untracked 
| 146|0x0000000613200000, 0x0000000613200000, 0x0000000613400000|  0%| F|  |TAMS 0x0000000613200000, 0x0000000613200000| Untracked 
| 147|0x0000000613400000, 0x0000000613400000, 0x0000000613600000|  0%| F|  |TAMS 0x0000000613400000, 0x0000000613400000| Untracked 
| 148|0x0000000613600000, 0x0000000613600000, 0x0000000613800000|  0%| F|  |TAMS 0x0000000613600000, 0x0000000613600000| Untracked 
| 149|0x0000000613800000, 0x0000000613800000, 0x0000000613a00000|  0%| F|  |TAMS 0x0000000613800000, 0x0000000613800000| Untracked 
| 150|0x0000000613a00000, 0x0000000613a00000, 0x0000000613c00000|  0%| F|  |TAMS 0x0000000613a00000, 0x0000000613a00000| Untracked 
| 151|0x0000000613c00000, 0x0000000613c00000, 0x0000000613e00000|  0%| F|  |TAMS 0x0000000613c00000, 0x0000000613c00000| Untracked 
| 152|0x0000000613e00000, 0x0000000613e00000, 0x0000000614000000|  0%| F|  |TAMS 0x0000000613e00000, 0x0000000613e00000| Untracked 
| 153|0x0000000614000000, 0x0000000614000000, 0x0000000614200000|  0%| F|  |TAMS 0x0000000614000000, 0x0000000614000000| Untracked 
| 154|0x0000000614200000, 0x0000000614200000, 0x0000000614400000|  0%| F|  |TAMS 0x0000000614200000, 0x0000000614200000| Untracked 
| 155|0x0000000614400000, 0x0000000614400000, 0x0000000614600000|  0%| F|  |TAMS 0x0000000614400000, 0x0000000614400000| Untracked 
| 156|0x0000000614600000, 0x0000000614600000, 0x0000000614800000|  0%| F|  |TAMS 0x0000000614600000, 0x0000000614600000| Untracked 
| 157|0x0000000614800000, 0x0000000614800000, 0x0000000614a00000|  0%| F|  |TAMS 0x0000000614800000, 0x0000000614800000| Untracked 
| 158|0x0000000614a00000, 0x0000000614a00000, 0x0000000614c00000|  0%| F|  |TAMS 0x0000000614a00000, 0x0000000614a00000| Untracked 
| 159|0x0000000614c00000, 0x0000000614c00000, 0x0000000614e00000|  0%| F|  |TAMS 0x0000000614c00000, 0x0000000614c00000| Untracked 
| 160|0x0000000614e00000, 0x0000000614e00000, 0x0000000615000000|  0%| F|  |TAMS 0x0000000614e00000, 0x0000000614e00000| Untracked 
| 161|0x0000000615000000, 0x0000000615000000, 0x0000000615200000|  0%| F|  |TAMS 0x0000000615000000, 0x0000000615000000| Untracked 
| 162|0x0000000615200000, 0x0000000615200000, 0x0000000615400000|  0%| F|  |TAMS 0x0000000615200000, 0x0000000615200000| Untracked 
| 163|0x0000000615400000, 0x0000000615400000, 0x0000000615600000|  0%| F|  |TAMS 0x0000000615400000, 0x0000000615400000| Untracked 
| 164|0x0000000615600000, 0x0000000615600000, 0x0000000615800000|  0%| F|  |TAMS 0x0000000615600000, 0x0000000615600000| Untracked 
| 165|0x0000000615800000, 0x0000000615800000, 0x0000000615a00000|  0%| F|  |TAMS 0x0000000615800000, 0x0000000615800000| Untracked 
| 166|0x0000000615a00000, 0x0000000615a00000, 0x0000000615c00000|  0%| F|  |TAMS 0x0000000615a00000, 0x0000000615a00000| Untracked 
| 167|0x0000000615c00000, 0x0000000615c00000, 0x0000000615e00000|  0%| F|  |TAMS 0x0000000615c00000, 0x0000000615c00000| Untracked 
| 168|0x0000000615e00000, 0x0000000615e00000, 0x0000000616000000|  0%| F|  |TAMS 0x0000000615e00000, 0x0000000615e00000| Untracked 
| 169|0x0000000616000000, 0x0000000616000000, 0x0000000616200000|  0%| F|  |TAMS 0x0000000616000000, 0x0000000616000000| Untracked 
| 170|0x0000000616200000, 0x0000000616200000, 0x0000000616400000|  0%| F|  |TAMS 0x0000000616200000, 0x0000000616200000| Untracked 
| 171|0x0000000616400000, 0x0000000616400000, 0x0000000616600000|  0%| F|  |TAMS 0x0000000616400000, 0x0000000616400000| Untracked 
| 172|0x0000000616600000, 0x0000000616600000, 0x0000000616800000|  0%| F|  |TAMS 0x0000000616600000, 0x0000000616600000| Untracked 
| 173|0x0000000616800000, 0x0000000616800000, 0x0000000616a00000|  0%| F|  |TAMS 0x0000000616800000, 0x0000000616800000| Untracked 
| 174|0x0000000616a00000, 0x0000000616a00000, 0x0000000616c00000|  0%| F|  |TAMS 0x0000000616a00000, 0x0000000616a00000| Untracked 
| 175|0x0000000616c00000, 0x0000000616c00000, 0x0000000616e00000|  0%| F|  |TAMS 0x0000000616c00000, 0x0000000616c00000| Untracked 
| 176|0x0000000616e00000, 0x0000000616e00000, 0x0000000617000000|  0%| F|  |TAMS 0x0000000616e00000, 0x0000000616e00000| Untracked 
| 177|0x0000000617000000, 0x0000000617000000, 0x0000000617200000|  0%| F|  |TAMS 0x0000000617000000, 0x0000000617000000| Untracked 
| 178|0x0000000617200000, 0x0000000617200000, 0x0000000617400000|  0%| F|  |TAMS 0x0000000617200000, 0x0000000617200000| Untracked 
| 179|0x0000000617400000, 0x0000000617400000, 0x0000000617600000|  0%| F|  |TAMS 0x0000000617400000, 0x0000000617400000| Untracked 
| 180|0x0000000617600000, 0x0000000617600000, 0x0000000617800000|  0%| F|  |TAMS 0x0000000617600000, 0x0000000617600000| Untracked 
| 181|0x0000000617800000, 0x0000000617800000, 0x0000000617a00000|  0%| F|  |TAMS 0x0000000617800000, 0x0000000617800000| Untracked 
| 182|0x0000000617a00000, 0x0000000617a00000, 0x0000000617c00000|  0%| F|  |TAMS 0x0000000617a00000, 0x0000000617a00000| Untracked 
| 183|0x0000000617c00000, 0x0000000617c00000, 0x0000000617e00000|  0%| F|  |TAMS 0x0000000617c00000, 0x0000000617c00000| Untracked 
| 184|0x0000000617e00000, 0x0000000617e00000, 0x0000000618000000|  0%| F|  |TAMS 0x0000000617e00000, 0x0000000617e00000| Untracked 
| 185|0x0000000618000000, 0x0000000618000000, 0x0000000618200000|  0%| F|  |TAMS 0x0000000618000000, 0x0000000618000000| Untracked 
| 186|0x0000000618200000, 0x0000000618200000, 0x0000000618400000|  0%| F|  |TAMS 0x0000000618200000, 0x0000000618200000| Untracked 
| 187|0x0000000618400000, 0x0000000618400000, 0x0000000618600000|  0%| F|  |TAMS 0x0000000618400000, 0x0000000618400000| Untracked 
| 188|0x0000000618600000, 0x0000000618600000, 0x0000000618800000|  0%| F|  |TAMS 0x0000000618600000, 0x0000000618600000| Untracked 
| 189|0x0000000618800000, 0x0000000618800000, 0x0000000618a00000|  0%| F|  |TAMS 0x0000000618800000, 0x0000000618800000| Untracked 
| 190|0x0000000618a00000, 0x0000000618a00000, 0x0000000618c00000|  0%| F|  |TAMS 0x0000000618a00000, 0x0000000618a00000| Untracked 
| 191|0x0000000618c00000, 0x0000000618c00000, 0x0000000618e00000|  0%| F|  |TAMS 0x0000000618c00000, 0x0000000618c00000| Untracked 
| 192|0x0000000618e00000, 0x0000000618e00000, 0x0000000619000000|  0%| F|  |TAMS 0x0000000618e00000, 0x0000000618e00000| Untracked 
| 193|0x0000000619000000, 0x0000000619000000, 0x0000000619200000|  0%| F|  |TAMS 0x0000000619000000, 0x0000000619000000| Untracked 
| 194|0x0000000619200000, 0x0000000619200000, 0x0000000619400000|  0%| F|  |TAMS 0x0000000619200000, 0x0000000619200000| Untracked 
| 195|0x0000000619400000, 0x0000000619400000, 0x0000000619600000|  0%| F|  |TAMS 0x0000000619400000, 0x0000000619400000| Untracked 
| 196|0x0000000619600000, 0x0000000619600000, 0x0000000619800000|  0%| F|  |TAMS 0x0000000619600000, 0x0000000619600000| Untracked 
| 197|0x0000000619800000, 0x0000000619800000, 0x0000000619a00000|  0%| F|  |TAMS 0x0000000619800000, 0x0000000619800000| Untracked 
| 198|0x0000000619a00000, 0x0000000619a00000, 0x0000000619c00000|  0%| F|  |TAMS 0x0000000619a00000, 0x0000000619a00000| Untracked 
| 199|0x0000000619c00000, 0x0000000619c00000, 0x0000000619e00000|  0%| F|  |TAMS 0x0000000619c00000, 0x0000000619c00000| Untracked 
| 200|0x0000000619e00000, 0x0000000619e00000, 0x000000061a000000|  0%| F|  |TAMS 0x0000000619e00000, 0x0000000619e00000| Untracked 
| 201|0x000000061a000000, 0x000000061a000000, 0x000000061a200000|  0%| F|  |TAMS 0x000000061a000000, 0x000000061a000000| Untracked 
| 202|0x000000061a200000, 0x000000061a200000, 0x000000061a400000|  0%| F|  |TAMS 0x000000061a200000, 0x000000061a200000| Untracked 
| 203|0x000000061a400000, 0x000000061a400000, 0x000000061a600000|  0%| F|  |TAMS 0x000000061a400000, 0x000000061a400000| Untracked 
| 204|0x000000061a600000, 0x000000061a600000, 0x000000061a800000|  0%| F|  |TAMS 0x000000061a600000, 0x000000061a600000| Untracked 
| 205|0x000000061a800000, 0x000000061a800000, 0x000000061aa00000|  0%| F|  |TAMS 0x000000061a800000, 0x000000061a800000| Untracked 
| 206|0x000000061aa00000, 0x000000061aa00000, 0x000000061ac00000|  0%| F|  |TAMS 0x000000061aa00000, 0x000000061aa00000| Untracked 
| 207|0x000000061ac00000, 0x000000061ac00000, 0x000000061ae00000|  0%| F|  |TAMS 0x000000061ac00000, 0x000000061ac00000| Untracked 
| 208|0x000000061ae00000, 0x000000061ae00000, 0x000000061b000000|  0%| F|  |TAMS 0x000000061ae00000, 0x000000061ae00000| Untracked 
| 209|0x000000061b000000, 0x000000061b000000, 0x000000061b200000|  0%| F|  |TAMS 0x000000061b000000, 0x000000061b000000| Untracked 
| 210|0x000000061b200000, 0x000000061b200000, 0x000000061b400000|  0%| F|  |TAMS 0x000000061b200000, 0x000000061b200000| Untracked 
| 211|0x000000061b400000, 0x000000061b400000, 0x000000061b600000|  0%| F|  |TAMS 0x000000061b400000, 0x000000061b400000| Untracked 
| 212|0x000000061b600000, 0x000000061b600000, 0x000000061b800000|  0%| F|  |TAMS 0x000000061b600000, 0x000000061b600000| Untracked 
| 213|0x000000061b800000, 0x000000061b800000, 0x000000061ba00000|  0%| F|  |TAMS 0x000000061b800000, 0x000000061b800000| Untracked 
| 214|0x000000061ba00000, 0x000000061ba00000, 0x000000061bc00000|  0%| F|  |TAMS 0x000000061ba00000, 0x000000061ba00000| Untracked 
| 215|0x000000061bc00000, 0x000000061bc00000, 0x000000061be00000|  0%| F|  |TAMS 0x000000061bc00000, 0x000000061bc00000| Untracked 
| 216|0x000000061be00000, 0x000000061be00000, 0x000000061c000000|  0%| F|  |TAMS 0x000000061be00000, 0x000000061be00000| Untracked 
| 217|0x000000061c000000, 0x000000061c000000, 0x000000061c200000|  0%| F|  |TAMS 0x000000061c000000, 0x000000061c000000| Untracked 
| 218|0x000000061c200000, 0x000000061c200000, 0x000000061c400000|  0%| F|  |TAMS 0x000000061c200000, 0x000000061c200000| Untracked 
| 219|0x000000061c400000, 0x000000061c400000, 0x000000061c600000|  0%| F|  |TAMS 0x000000061c400000, 0x000000061c400000| Untracked 
| 220|0x000000061c600000, 0x000000061c600000, 0x000000061c800000|  0%| F|  |TAMS 0x000000061c600000, 0x000000061c600000| Untracked 
| 221|0x000000061c800000, 0x000000061c800000, 0x000000061ca00000|  0%| F|  |TAMS 0x000000061c800000, 0x000000061c800000| Untracked 
| 222|0x000000061ca00000, 0x000000061ca00000, 0x000000061cc00000|  0%| F|  |TAMS 0x000000061ca00000, 0x000000061ca00000| Untracked 
| 223|0x000000061cc00000, 0x000000061cc00000, 0x000000061ce00000|  0%| F|  |TAMS 0x000000061cc00000, 0x000000061cc00000| Untracked 
| 224|0x000000061ce00000, 0x000000061ce00000, 0x000000061d000000|  0%| F|  |TAMS 0x000000061ce00000, 0x000000061ce00000| Untracked 
| 225|0x000000061d000000, 0x000000061d000000, 0x000000061d200000|  0%| F|  |TAMS 0x000000061d000000, 0x000000061d000000| Untracked 
| 226|0x000000061d200000, 0x000000061d200000, 0x000000061d400000|  0%| F|  |TAMS 0x000000061d200000, 0x000000061d200000| Untracked 
| 227|0x000000061d400000, 0x000000061d400000, 0x000000061d600000|  0%| F|  |TAMS 0x000000061d400000, 0x000000061d400000| Untracked 
| 228|0x000000061d600000, 0x000000061d600000, 0x000000061d800000|  0%| F|  |TAMS 0x000000061d600000, 0x000000061d600000| Untracked 
| 229|0x000000061d800000, 0x000000061d800000, 0x000000061da00000|  0%| F|  |TAMS 0x000000061d800000, 0x000000061d800000| Untracked 
| 230|0x000000061da00000, 0x000000061da00000, 0x000000061dc00000|  0%| F|  |TAMS 0x000000061da00000, 0x000000061da00000| Untracked 
| 231|0x000000061dc00000, 0x000000061dc00000, 0x000000061de00000|  0%| F|  |TAMS 0x000000061dc00000, 0x000000061dc00000| Untracked 
| 232|0x000000061de00000, 0x000000061de00000, 0x000000061e000000|  0%| F|  |TAMS 0x000000061de00000, 0x000000061de00000| Untracked 
| 233|0x000000061e000000, 0x000000061e000000, 0x000000061e200000|  0%| F|  |TAMS 0x000000061e000000, 0x000000061e000000| Untracked 
| 234|0x000000061e200000, 0x000000061e200000, 0x000000061e400000|  0%| F|  |TAMS 0x000000061e200000, 0x000000061e200000| Untracked 
| 235|0x000000061e400000, 0x000000061e400000, 0x000000061e600000|  0%| F|  |TAMS 0x000000061e400000, 0x000000061e400000| Untracked 
| 236|0x000000061e600000, 0x000000061e600000, 0x000000061e800000|  0%| F|  |TAMS 0x000000061e600000, 0x000000061e600000| Untracked 
| 237|0x000000061e800000, 0x000000061e800000, 0x000000061ea00000|  0%| F|  |TAMS 0x000000061e800000, 0x000000061e800000| Untracked 
| 238|0x000000061ea00000, 0x000000061ea00000, 0x000000061ec00000|  0%| F|  |TAMS 0x000000061ea00000, 0x000000061ea00000| Untracked 
| 239|0x000000061ec00000, 0x000000061ec00000, 0x000000061ee00000|  0%| F|  |TAMS 0x000000061ec00000, 0x000000061ec00000| Untracked 
| 240|0x000000061ee00000, 0x000000061ee00000, 0x000000061f000000|  0%| F|  |TAMS 0x000000061ee00000, 0x000000061ee00000| Untracked 
| 241|0x000000061f000000, 0x000000061f000000, 0x000000061f200000|  0%| F|  |TAMS 0x000000061f000000, 0x000000061f000000| Untracked 
| 242|0x000000061f200000, 0x000000061f400000, 0x000000061f400000|100%| S|CS|TAMS 0x000000061f200000, 0x000000061f200000| Complete 
| 243|0x000000061f400000, 0x000000061f600000, 0x000000061f600000|100%| S|CS|TAMS 0x000000061f400000, 0x000000061f400000| Complete 
| 244|0x000000061f600000, 0x000000061f600000, 0x000000061f800000|  0%| F|  |TAMS 0x000000061f600000, 0x000000061f600000| Untracked 
| 245|0x000000061f800000, 0x000000061f800000, 0x000000061fa00000|  0%| F|  |TAMS 0x000000061f800000, 0x000000061f800000| Untracked 
| 246|0x000000061fa00000, 0x000000061fa00000, 0x000000061fc00000|  0%| F|  |TAMS 0x000000061fa00000, 0x000000061fa00000| Untracked 
| 247|0x000000061fc00000, 0x000000061fc00000, 0x000000061fe00000|  0%| F|  |TAMS 0x000000061fc00000, 0x000000061fc00000| Untracked 
| 248|0x000000061fe00000, 0x000000061ff00800, 0x0000000620000000| 50%| E|  |TAMS 0x000000061fe00000, 0x000000061fe00000| Complete 
| 249|0x0000000620000000, 0x0000000620200000, 0x0000000620200000|100%| E|CS|TAMS 0x0000000620000000, 0x0000000620000000| Complete 
| 250|0x0000000620200000, 0x0000000620400000, 0x0000000620400000|100%| E|CS|TAMS 0x0000000620200000, 0x0000000620200000| Complete 
| 251|0x0000000620400000, 0x0000000620600000, 0x0000000620600000|100%| E|CS|TAMS 0x0000000620400000, 0x0000000620400000| Complete 
| 252|0x0000000620600000, 0x0000000620800000, 0x0000000620800000|100%| E|CS|TAMS 0x0000000620600000, 0x0000000620600000| Complete 
| 253|0x0000000620800000, 0x0000000620a00000, 0x0000000620a00000|100%| E|CS|TAMS 0x0000000620800000, 0x0000000620800000| Complete 
| 254|0x0000000620a00000, 0x0000000620c00000, 0x0000000620c00000|100%| E|CS|TAMS 0x0000000620a00000, 0x0000000620a00000| Complete 
| 255|0x0000000620c00000, 0x0000000620e00000, 0x0000000620e00000|100%| E|CS|TAMS 0x0000000620c00000, 0x0000000620c00000| Complete 

Card table byte_map: [0x0000023d332c0000,0x0000023d342c0000] _byte_map_base: 0x0000023d302b9000

Marking Bits (Prev, Next): (CMBitMap*) 0x0000023d189f1008, (CMBitMap*) 0x0000023d189f1040
 Prev Bits: [0x0000023d352c0000, 0x0000023d3d288000)
 Next Bits: [0x0000023d3d290000, 0x0000023d45258000)

Polling page: 0x0000023d18a40000

Metaspace:

Usage:
  Non-class:     11.38 MB capacity,    11.23 MB ( 99%) used,   136.01 KB (  1%) free+waste,    18.25 KB ( <1%) overhead. 
      Class:      1.33 MB capacity,     1.27 MB ( 95%) used,    55.22 KB (  4%) free+waste,     8.44 KB ( <1%) overhead. 
       Both:     12.72 MB capacity,    12.50 MB ( 98%) used,   191.23 KB (  1%) free+waste,    26.69 KB ( <1%) overhead. 

Virtual space:
  Non-class space:       12.00 MB reserved,      11.50 MB ( 96%) committed 
      Class space:        1.00 GB reserved,       1.38 MB ( <1%) committed 
             Both:        1.01 GB reserved,      12.88 MB (  1%) committed 

Chunk freelists:
   Non-Class:  55.00 KB
       Class:  12.00 KB
        Both:  67.00 KB

MaxMetaspaceSize: 17179869184.00 GB
CompressedClassSpaceSize: 1.00 GB

CodeHeap 'non-profiled nmethods': size=120000Kb used=460Kb max_used=460Kb free=119539Kb
 bounds [0x0000023d2a330000, 0x0000023d2a5a0000, 0x0000023d31860000]
CodeHeap 'profiled nmethods': size=120000Kb used=2110Kb max_used=2110Kb free=117890Kb
 bounds [0x0000023d22e00000, 0x0000023d23070000, 0x0000023d2a330000]
CodeHeap 'non-nmethods': size=5760Kb used=1118Kb max_used=1152Kb free=4641Kb
 bounds [0x0000023d22860000, 0x0000023d22ad0000, 0x0000023d22e00000]
 total_blobs=1561 nmethods=1126 adapters=347
 compilation: enabled
              stopped_count=0, restarted_count=0
 full_count=0

Compilation events (20 events):
Event: 1.245 Thread 0x0000023d487aa000 1116       3       java.lang.Math::max (12 bytes)
Event: 1.245 Thread 0x0000023d487aa000 nmethod 1116 0x0000023d23000910 code [0x0000023d23000ac0, 0x0000023d23000bf8]
Event: 1.278 Thread 0x0000023d487aa000 1117       3       it.unimi.dsi.fastutil.HashCommon::maxFill (16 bytes)
Event: 1.279 Thread 0x0000023d487aa000 nmethod 1117 0x0000023d23000c90 code [0x0000023d23000ea0, 0x0000023d23001188]
Event: 1.312 Thread 0x0000023d487aa000 1118       3       it.unimi.dsi.fastutil.HashCommon::arraySize (71 bytes)
Event: 1.313 Thread 0x0000023d487aa000 nmethod 1118 0x0000023d23001310 code [0x0000023d230015a0, 0x0000023d23001b98]
Event: 1.381 Thread 0x0000023d487aa000 1119       3       it.unimi.dsi.fastutil.longs.LongOpenHashSet::realSize (21 bytes)
Event: 1.381 Thread 0x0000023d487aa000 nmethod 1119 0x0000023d23001e10 code [0x0000023d23001fc0, 0x0000023d23002118]
Event: 1.686 Thread 0x0000023d487aa000 1120 %     3       org.jire.leagueofjire.ObjectReader::read @ 345 (396 bytes)
Event: 1.687 Thread 0x0000023d487aa000 nmethod 1120% 0x0000023d23002190 code [0x0000023d23002680, 0x0000023d23005188]
Event: 1.719 Thread 0x0000023d487aa000 1121 %     3       org.jire.leagueofjire.ObjectReader::read @ 118 (396 bytes)
Event: 1.720 Thread 0x0000023d487aa000 nmethod 1121% 0x0000023d23006410 code [0x0000023d23006900, 0x0000023d230094c8]
Event: 1.736 Thread 0x0000023d487aa000 1122       3       org.jire.leagueofjire.ObjectReader::read (396 bytes)
Event: 1.737 Thread 0x0000023d487aa000 nmethod 1122 0x0000023d2300a810 code [0x0000023d2300ace0, 0x0000023d2300d4f8]
Event: 2.567 Thread 0x0000023d487a4800 1123 %     4       org.jire.leagueofjire.ObjectReader::read @ 118 (396 bytes)
Event: 2.588 Thread 0x0000023d487a4800 nmethod 1123% 0x0000023d2a39c310 code [0x0000023d2a39c5c0, 0x0000023d2a39df20]
Event: 2.736 Thread 0x0000023d487a4800 1124       4       org.jire.leagueofjire.ObjectReader::read (396 bytes)
Event: 2.764 Thread 0x0000023d487a4800 nmethod 1124 0x0000023d2a39f510 code [0x0000023d2a39f840, 0x0000023d2a3a16a0]
Event: 3.854 Thread 0x0000023d487aa000 1125       3       org.jire.kna.ReadableSourceExtensions::int$default (16 bytes)
Event: 3.854 Thread 0x0000023d487aa000 nmethod 1125 0x0000023d2300e810 code [0x0000023d2300ea80, 0x0000023d2300f448]

GC Heap History (2 events):
Event: 1.499 GC heap before
{Heap before GC invocations=0 (full 0):
 garbage-first heap   total 524288K, used 22528K [0x0000000600e00000, 0x0000000800000000)
  region size 2048K, 12 young (24576K), 0 survivors (0K)
 Metaspace       used 12798K, capacity 13021K, committed 13184K, reserved 1060864K
  class space    used 1300K, capacity 1364K, committed 1408K, reserved 1048576K
}
Event: 1.501 GC heap after
{Heap after GC invocations=1 (full 0):
 garbage-first heap   total 524288K, used 4438K [0x0000000600e00000, 0x0000000800000000)
  region size 2048K, 2 young (4096K), 2 survivors (4096K)
 Metaspace       used 12798K, capacity 13021K, committed 13184K, reserved 1060864K
  class space    used 1300K, capacity 1364K, committed 1408K, reserved 1048576K
}

Deoptimization events (20 events):
Event: 0.258 Thread 0x0000023d18967800 Uncommon trap: trap_request=0xffffffde fr.pc=0x0000023d2a35b138 relative=0x0000000000000178
Event: 0.258 Thread 0x0000023d18967800 Uncommon trap: reason=class_check action=maybe_recompile pc=0x0000023d2a35b138 method=java.io.DataOutputStream.writeByte(I)V @ 5 c2
Event: 0.258 Thread 0x0000023d18967800 DEOPT PACKING pc=0x0000023d2a35b138 sp=0x000000b6af8fdbf0
Event: 0.258 Thread 0x0000023d18967800 DEOPT UNPACKING pc=0x0000023d22887b2f sp=0x000000b6af8fdbb8 mode 2
Event: 0.273 Thread 0x0000023d18967800 DEOPT PACKING pc=0x0000023d22e3fa50 sp=0x000000b6af8f8990
Event: 0.273 Thread 0x0000023d18967800 DEOPT UNPACKING pc=0x0000023d2288794e sp=0x000000b6af8f7e18 mode 0
Event: 0.285 Thread 0x0000023d18967800 Uncommon trap: trap_request=0xffffff4d fr.pc=0x0000023d2a359948 relative=0x0000000000000368
Event: 0.285 Thread 0x0000023d18967800 Uncommon trap: reason=unstable_if action=reinterpret pc=0x0000023d2a359948 method=java.util.HashMap.getNode(ILjava/lang/Object;)Ljava/util/HashMap$Node; @ 129 c2
Event: 0.285 Thread 0x0000023d18967800 DEOPT PACKING pc=0x0000023d2a359948 sp=0x000000b6af8fdab0
Event: 0.285 Thread 0x0000023d18967800 DEOPT UNPACKING pc=0x0000023d22887b2f sp=0x000000b6af8fd9c0 mode 2
Event: 0.349 Thread 0x0000023d18967800 DEOPT PACKING pc=0x0000023d22e4fc1b sp=0x000000b6af8fc410
Event: 0.349 Thread 0x0000023d18967800 DEOPT UNPACKING pc=0x0000023d2288794e sp=0x000000b6af8fb880 mode 0
Event: 0.354 Thread 0x0000023d18967800 DEOPT PACKING pc=0x0000023d22ee0210 sp=0x000000b6af8fdb10
Event: 0.354 Thread 0x0000023d18967800 DEOPT UNPACKING pc=0x0000023d2288794e sp=0x000000b6af8fd078 mode 0
Event: 0.369 Thread 0x0000023d18967800 Uncommon trap: trap_request=0xffffff4d fr.pc=0x0000023d2a3550b8 relative=0x0000000000000218
Event: 0.369 Thread 0x0000023d18967800 Uncommon trap: reason=unstable_if action=reinterpret pc=0x0000023d2a3550b8 method=java.lang.String.startsWith(Ljava/lang/String;I)Z @ 14 c2
Event: 0.369 Thread 0x0000023d18967800 DEOPT PACKING pc=0x0000023d2a3550b8 sp=0x000000b6af8fa0c0
Event: 0.369 Thread 0x0000023d18967800 DEOPT UNPACKING pc=0x0000023d22887b2f sp=0x000000b6af8fa028 mode 2
Event: 2.736 Thread 0x0000023d18967800 DEOPT PACKING pc=0x0000023d2300d29b sp=0x000000b6af8fee10
Event: 2.736 Thread 0x0000023d18967800 DEOPT UNPACKING pc=0x0000023d2288794e sp=0x000000b6af8fe330 mode 0

Classes redefined (0 events):
No events

Internal exceptions (13 events):
Event: 0.159 Thread 0x0000023d18967800 Exception <a 'java/lang/NoSuchMethodError'{0x000000062069b840}: 'java.lang.Object java.lang.invoke.DirectMethodHandle$Holder.invokeStaticInit(java.lang.Object, int, int, int, int)'> (0x000000062069b840) thrown at [./src/hotspot/share/interpreter/linkResolver.cpp, line 773]
Event: 0.208 Thread 0x0000023d18967800 Exception <a 'java/lang/NoSuchMethodError'{0x00000006206e0db8}: 'java.lang.Object java.lang.invoke.DirectMethodHandle$Holder.invokeStaticInit(java.lang.Object, java.lang.Object, int, int, int, int)'> (0x00000006206e0db8) thrown at [./src/hotspot/share/interpreter/linkResolver.cpp, line 773]
Event: 0.303 Thread 0x0000023d18967800 Exception <a 'java/lang/UnsatisfiedLinkError'{0x0000000620026e98}: The specified procedure could not be found.
> (0x0000000620026e98) thrown at [./src/hotspot/share/prims/jni.cpp, line 636]
Event: 0.304 Thread 0x0000023d18967800 Exception <a 'java/lang/UnsatisfiedLinkError'{0x0000000620034b70}: The specified procedure could not be found.
> (0x0000000620034b70) thrown at [./src/hotspot/share/prims/jni.cpp, line 636]
Event: 0.321 Thread 0x0000023d18967800 Exception <a 'java/lang/UnsatisfiedLinkError'{0x00000006200f2fe0}: The specified procedure could not be found.
> (0x00000006200f2fe0) thrown at [./src/hotspot/share/prims/jni.cpp, line 636]
Event: 0.321 Thread 0x0000023d18967800 Exception <a 'java/lang/UnsatisfiedLinkError'{0x00000006200f53c8}: The specified procedure could not be found.
> (0x00000006200f53c8) thrown at [./src/hotspot/share/prims/jni.cpp, line 636]
Event: 0.336 Thread 0x0000023d18967800 Exception <a 'java/lang/UnsatisfiedLinkError'{0x000000061fe74a98}: The specified procedure could not be found.
> (0x000000061fe74a98) thrown at [./src/hotspot/share/prims/jni.cpp, line 636]
Event: 0.347 Thread 0x0000023d18967800 Exception <a 'java/lang/UnsatisfiedLinkError'{0x000000061ff3e4f0}: The specified procedure could not be found.
> (0x000000061ff3e4f0) thrown at [./src/hotspot/share/prims/jni.cpp, line 636]
Event: 0.355 Thread 0x0000023d18967800 Exception <a 'java/lang/UnsatisfiedLinkError'{0x000000061ffdd640}: The specified procedure could not be found.
> (0x000000061ffdd640) thrown at [./src/hotspot/share/prims/jni.cpp, line 636]
Event: 0.378 Thread 0x0000023d18967800 Exception <a 'java/lang/NoSuchMethodError'{0x000000061fc7c798}: 'java.lang.Object java.lang.invoke.DirectMethodHandle$Holder.invokeStaticInit(java.lang.Object, java.lang.Object, java.lang.Object)'> (0x000000061fc7c798) thrown at [./src/hotspot/share/interpreter/linkResolver.cpp, line 773]
Event: 0.397 Thread 0x0000023d18967800 Exception <a 'java/lang/NoSuchMethodError'{0x000000061fd922b0}: 'long java.lang.invoke.DirectMethodHandle$Holder.invokeSpecial(java.lang.Object, java.lang.Object)'> (0x000000061fd922b0) thrown at [./src/hotspot/share/interpreter/linkResolver.cpp, line 773]
Event: 0.402 Thread 0x0000023d18967800 Exception <a 'java/lang/NoClassDefFoundError'{0x000000061fde9d78}: org/slf4j/impl/StaticLoggerBinder> (0x000000061fde9d78) thrown at [./src/hotspot/share/classfile/systemDictionary.cpp, line 220]
Event: 0.404 Thread 0x0000023d18967800 Exception <a 'java/lang/NoSuchMethodError'{0x000000061fa05e10}: 'int java.lang.invoke.DirectMethodHandle$Holder.invokeStaticInit(java.lang.Object, long, long)'> (0x000000061fa05e10) thrown at [./src/hotspot/share/interpreter/linkResolver.cpp, line 773]

Events (20 events):
Event: 1.050 loading class sun/util/resources/TimeZoneNamesBundle
Event: 1.050 loading class sun/util/resources/OpenListResourceBundle
Event: 1.050 loading class sun/util/resources/OpenListResourceBundle done
Event: 1.050 loading class sun/util/resources/TimeZoneNamesBundle done
Event: 1.050 loading class sun/util/resources/cldr/TimeZoneNames done
Event: 1.050 loading class java/util/ResourceBundle$ResourceBundleProviderHelper
Event: 1.050 loading class java/util/ResourceBundle$ResourceBundleProviderHelper done
Event: 1.050 loading class sun/util/resources/Bundles$BundleReference
Event: 1.050 loading class sun/util/resources/Bundles$CacheKeyReference
Event: 1.050 loading class sun/util/resources/Bundles$CacheKeyReference done
Event: 1.050 loading class sun/util/resources/Bundles$BundleReference done
Event: 1.050 loading class sun/util/resources/cldr/TimeZoneNames_en
Event: 1.051 loading class sun/util/resources/cldr/TimeZoneNames_en done
Event: 1.051 loading class sun/util/resources/cldr/TimeZoneNames_en_US
Event: 1.051 loading class sun/util/resources/cldr/TimeZoneNames_en_US done
Event: 1.051 loading class sun/util/locale/provider/LocaleResources$ResourceReference
Event: 1.051 loading class sun/util/locale/provider/LocaleResources$ResourceReference done
Event: 1.499 Executing VM operation: G1CollectForAllocation
Event: 1.501 Executing VM operation: G1CollectForAllocation done
Event: 4.758 Loaded shared library C:\Program Files\AdoptOpenJDK\jdk-11.0.10.9-hotspot\bin\java.dll


Dynamic libraries:
0x00007ff6a2e30000 - 0x00007ff6a2e3d000 	C:\Program Files\AdoptOpenJDK\jdk-11.0.10.9-hotspot\bin\java.exe
0x00007fff269f0000 - 0x00007fff26be5000 	C:\WINDOWS\SYSTEM32\ntdll.dll
0x00007fff265a0000 - 0x00007fff2665d000 	C:\WINDOWS\System32\KERNEL32.DLL
0x00007fff244a0000 - 0x00007fff24769000 	C:\WINDOWS\System32\KERNELBASE.dll
0x00007fff21990000 - 0x00007fff21a20000 	C:\WINDOWS\SYSTEM32\apphelp.dll
0x00007fff241b0000 - 0x00007fff242b0000 	C:\WINDOWS\System32\ucrtbase.dll
0x00007fff13cb0000 - 0x00007fff13cc5000 	C:\Program Files\AdoptOpenJDK\jdk-11.0.10.9-hotspot\bin\VCRUNTIME140.dll
0x00007fff14640000 - 0x00007fff14657000 	C:\Program Files\AdoptOpenJDK\jdk-11.0.10.9-hotspot\bin\jli.dll
0x00007fff24cd0000 - 0x00007fff24e70000 	C:\WINDOWS\System32\USER32.dll
0x00007fff24470000 - 0x00007fff24492000 	C:\WINDOWS\System32\win32u.dll
0x00007fff18bc0000 - 0x00007fff18e5a000 	C:\WINDOWS\WinSxS\amd64_microsoft.windows.common-controls_6595b64144ccf1df_6.0.19041.1110_none_60b5254171f9507e\COMCTL32.dll
0x00007fff25b60000 - 0x00007fff25b8a000 	C:\WINDOWS\System32\GDI32.dll
0x00007fff24e70000 - 0x00007fff24f0e000 	C:\WINDOWS\System32\msvcrt.dll
0x00007fff24310000 - 0x00007fff2441b000 	C:\WINDOWS\System32\gdi32full.dll
0x00007fff24770000 - 0x00007fff2480d000 	C:\WINDOWS\System32\msvcp_win.dll
0x00007fff25c30000 - 0x00007fff25c60000 	C:\WINDOWS\System32\IMM32.DLL
0x00007fff06470000 - 0x00007fff0650b000 	C:\Program Files\AdoptOpenJDK\jdk-11.0.10.9-hotspot\bin\msvcp140.dll
0x00007ffed2060000 - 0x00007ffed2ba3000 	C:\Program Files\AdoptOpenJDK\jdk-11.0.10.9-hotspot\bin\server\jvm.dll
0x00007fff24c20000 - 0x00007fff24ccc000 	C:\WINDOWS\System32\ADVAPI32.dll
0x00007fff266c0000 - 0x00007fff2675b000 	C:\WINDOWS\System32\sechost.dll
0x00007fff25c60000 - 0x00007fff25d8a000 	C:\WINDOWS\System32\RPCRT4.dll
0x00007fff24a50000 - 0x00007fff24a58000 	C:\WINDOWS\System32\PSAPI.DLL
0x00007fff1dc00000 - 0x00007fff1dc0a000 	C:\WINDOWS\SYSTEM32\VERSION.dll
0x00007fff1a660000 - 0x00007fff1a687000 	C:\WINDOWS\SYSTEM32\WINMM.dll
0x00007fff1f010000 - 0x00007fff1f019000 	C:\WINDOWS\SYSTEM32\WSOCK32.dll
0x00007fff24bb0000 - 0x00007fff24c1b000 	C:\WINDOWS\System32\WS2_32.dll
0x00007fff22040000 - 0x00007fff22052000 	C:\WINDOWS\SYSTEM32\kernel.appcore.dll
0x00007fff20f90000 - 0x00007fff20fa0000 	C:\Program Files\AdoptOpenJDK\jdk-11.0.10.9-hotspot\bin\verify.dll
0x00007fff11310000 - 0x00007fff114f4000 	C:\WINDOWS\SYSTEM32\DBGHELP.DLL
0x00007fff112b0000 - 0x00007fff112dc000 	C:\WINDOWS\SYSTEM32\dbgcore.DLL
0x00007fff24120000 - 0x00007fff241a3000 	C:\WINDOWS\System32\bcryptPrimitives.dll
0x00007fff11180000 - 0x00007fff111a8000 	C:\Program Files\AdoptOpenJDK\jdk-11.0.10.9-hotspot\bin\java.dll
0x00007fff11170000 - 0x00007fff1117a000 	C:\Program Files\AdoptOpenJDK\jdk-11.0.10.9-hotspot\bin\jimage.dll
0x00007fff08480000 - 0x00007fff0848e000 	C:\Program Files\AdoptOpenJDK\jdk-11.0.10.9-hotspot\bin\instrument.dll
0x00007fff0ff90000 - 0x00007fff0ffa7000 	C:\Program Files\AdoptOpenJDK\jdk-11.0.10.9-hotspot\bin\zip.dll
0x00007fff25420000 - 0x00007fff25b5f000 	C:\WINDOWS\System32\SHELL32.dll
0x00007fff22240000 - 0x00007fff229d0000 	C:\WINDOWS\SYSTEM32\windows.storage.dll
0x00007fff24fe0000 - 0x00007fff25335000 	C:\WINDOWS\System32\combase.dll
0x00007fff23b80000 - 0x00007fff23bac000 	C:\WINDOWS\SYSTEM32\Wldp.dll
0x00007fff25e00000 - 0x00007fff25eae000 	C:\WINDOWS\System32\SHCORE.dll
0x00007fff26540000 - 0x00007fff26595000 	C:\WINDOWS\System32\shlwapi.dll
0x00007fff24060000 - 0x00007fff2407f000 	C:\WINDOWS\SYSTEM32\profapi.dll
0x00007fff0ff70000 - 0x00007fff0ff89000 	C:\Program Files\AdoptOpenJDK\jdk-11.0.10.9-hotspot\bin\net.dll
0x00007fff1e1a0000 - 0x00007fff1e2a8000 	C:\WINDOWS\SYSTEM32\WINHTTP.dll
0x00007fff238e0000 - 0x00007fff2394a000 	C:\WINDOWS\system32\mswsock.dll
0x00007fff0ff20000 - 0x00007fff0ff32000 	C:\Program Files\AdoptOpenJDK\jdk-11.0.10.9-hotspot\bin\nio.dll
0x00007fff03e10000 - 0x00007fff03e2a000 	C:\Program Files\JetBrains\IntelliJ IDEA 2021.2\bin\breakgen64.dll
0x00007fff23ad0000 - 0x00007fff23ae8000 	C:\WINDOWS\SYSTEM32\CRYPTSP.dll
0x00007fff231f0000 - 0x00007fff23224000 	C:\WINDOWS\system32\rsaenh.dll
0x00007fff24810000 - 0x00007fff24837000 	C:\WINDOWS\System32\bcrypt.dll
0x00007fff24020000 - 0x00007fff2404e000 	C:\WINDOWS\SYSTEM32\USERENV.dll
0x00007fff23af0000 - 0x00007fff23afc000 	C:\WINDOWS\SYSTEM32\CRYPTBASE.dll
0x00007fff23580000 - 0x00007fff235bb000 	C:\WINDOWS\SYSTEM32\IPHLPAPI.DLL
0x00007fff25d90000 - 0x00007fff25d98000 	C:\WINDOWS\System32\NSI.dll
0x00007fff1d690000 - 0x00007fff1d6a7000 	C:\WINDOWS\SYSTEM32\dhcpcsvc6.DLL
0x00007fff1da20000 - 0x00007fff1da3d000 	C:\WINDOWS\SYSTEM32\dhcpcsvc.DLL
0x00007fff235d0000 - 0x00007fff2369c000 	C:\WINDOWS\SYSTEM32\DNSAPI.dll
0x00007fff03dc0000 - 0x00007fff03e04000 	C:\Users\Jire\AppData\Local\Temp\jna-2309074\jna4204306321922558814.dll
0x00007fff063d0000 - 0x00007fff063e7000 	C:\WINDOWS\system32\napinsp.dll
0x00007fff07ea0000 - 0x00007fff07ebb000 	C:\WINDOWS\system32\pnrpnsp.dll
0x00007fff0ac20000 - 0x00007fff0ac35000 	C:\WINDOWS\system32\wshbth.dll
0x00007fff20b20000 - 0x00007fff20b3d000 	C:\WINDOWS\system32\NLAapi.dll
0x00007fff087a0000 - 0x00007fff087b2000 	C:\WINDOWS\System32\winrnr.dll
0x00007fff17f20000 - 0x00007fff17f2a000 	C:\Windows\System32\rasadhlp.dll
0x00007fff17fe0000 - 0x00007fff1805f000 	C:\WINDOWS\System32\fwpuclnt.dll
0x00007fff0ff10000 - 0x00007fff0ff19000 	C:\Program Files\AdoptOpenJDK\jdk-11.0.10.9-hotspot\bin\management.dll
0x00007fff0f4b0000 - 0x00007fff0f4bb000 	C:\Program Files\AdoptOpenJDK\jdk-11.0.10.9-hotspot\bin\management_ext.dll

dbghelp: loaded successfully - version: 4.0.5 - missing functions: none
symbol engine: initialized successfully - sym options: 0x614 - pdb path: .;C:\Program Files\AdoptOpenJDK\jdk-11.0.10.9-hotspot\bin;C:\WINDOWS\SYSTEM32;C:\WINDOWS\WinSxS\amd64_microsoft.windows.common-controls_6595b64144ccf1df_6.0.19041.1110_none_60b5254171f9507e;C:\Program Files\AdoptOpenJDK\jdk-11.0.10.9-hotspot\bin\server;C:\Program Files\JetBrains\IntelliJ IDEA 2021.2\bin;C:\Users\Jire\AppData\Local\Temp\jna-2309074

VM Arguments:
jvm_args: -javaagent:C:\Program Files\JetBrains\IntelliJ IDEA 2021.2\lib\idea_rt.jar=1118:C:\Program Files\JetBrains\IntelliJ IDEA 2021.2\bin -Dfile.encoding=UTF-8 
java_command: org.jire.leagueofjire.LeagueOfJire
java_class_path (initial): C:\Users\Jire\IdeaProjects\leagueofjire\build\classes\kotlin\main;C:\Users\Jire\IdeaProjects\leagueofjire\build\resources\main;C:\Users\Jire\.gradle\caches\modules-2\files-2.1\org.jire\kna\0.4.2\63abd356577fed4a15d66c9d0f1c48bfe3de9b01\kna-0.4.2.jar;C:\Users\Jire\.gradle\caches\modules-2\files-2.1\org.jetbrains.kotlin\kotlin-stdlib\1.5.10\da6a904b132f0402fa4d79169a3c1770598d4702\kotlin-stdlib-1.5.10.jar;C:\Users\Jire\.gradle\caches\modules-2\files-2.1\net.java.dev.jna\jna-platform\5.8.0\2f12f6d7f7652270d13624cef1b82d8cd9a5398e\jna-platform-5.8.0.jar;C:\Users\Jire\.gradle\caches\modules-2\files-2.1\net.java.dev.jna\jna\5.8.0\3551d8d827e54858214107541d3aff9c615cb615\jna-5.8.0.jar;C:\Users\Jire\.gradle\caches\modules-2\files-2.1\it.unimi.dsi\fastutil\8.5.4\799748e42a644db85394db066af658809f89c523\fastutil-8.5.4.jar;C:\Users\Jire\.gradle\caches\modules-2\files-2.1\org.jetbrains.kotlin\kotlin-stdlib-jdk8\1.4.21\3ad7f99fb330947a12451ea16767d192d763600a\kotlin-stdlib-jdk8-1.4.21.jar;C:\Users\Jire\.gradle\caches\modules-2\files-2.1\org.jetbrains.kotlin\kotlin-stdlib-common\1.5.10\6b84d926e28493be69daf673e40076f89492ef7\kotlin-stdlib-common-1.5.10.jar;C:\Users\Jire\.gradle\caches\modules-2\files-2.1\it.unimi.dsi\fastutil-extra\8.5.4\912b86862ad070dd3d21f51e05e361eba1f515da\fastutil-extra-8.5.4.jar;C:\Users\Jire\.gradle\caches\modules-2\files-2.1\org.jetbrains.kotlin\kotlin-stdlib-jdk7\1.4.21\26b6082f9296911bdcb8e72a7cc68692c7025a03\kotlin-stdlib-jdk7-1.4.21.jar;C:\Users\Jire\.gradle\caches\modules-2\files-2.1\it.unimi.dsi\fastutil-core\8.5.4\c693557ee87e311340eb0f8a811b8bca027af421\fastutil-core-8.5.4.jar;C:\Users\Jire\.gradle\caches\modules-2\files-2.1\net.openhft\chronicle-core\2.20.125\8b2d34ec1d9cc15ade6ada2a8e79c058d937177f\chronicle-core-2.20.125.jar;C:\Users\Jire\.gradle\caches\modules-2\files-2.1\org.openjdk.jmh\jmh-core\1.25\4f0e5e7c894cbc3e34da69db45ed41bc4d29d21e\jmh-core-1.25.jar;C:\Users\Jire\.gradle\caches\modules-2\files-2.1\org.je
Launcher Type: SUN_STANDARD

[Global flags]
     intx CICompilerCount                          = 4                                         {product} {ergonomic}
     uint ConcGCThreads                            = 2                                         {product} {ergonomic}
     uint G1ConcRefinementThreads                  = 8                                         {product} {ergonomic}
   size_t G1HeapRegionSize                         = 2097152                                   {product} {ergonomic}
    uintx GCDrainStackTargetSize                   = 64                                        {product} {ergonomic}
   size_t InitialHeapSize                          = 536870912                                 {product} {ergonomic}
   size_t MarkStackSize                            = 4194304                                   {product} {ergonomic}
   size_t MaxHeapSize                              = 8575254528                                {product} {ergonomic}
   size_t MaxNewSize                               = 5144313856                                {product} {ergonomic}
   size_t MinHeapDeltaBytes                        = 2097152                                   {product} {ergonomic}
    uintx NonNMethodCodeHeapSize                   = 5836300                                {pd product} {ergonomic}
    uintx NonProfiledCodeHeapSize                  = 122910970                              {pd product} {ergonomic}
    uintx ProfiledCodeHeapSize                     = 122910970                              {pd product} {ergonomic}
    uintx ReservedCodeCacheSize                    = 251658240                              {pd product} {ergonomic}
     bool SegmentedCodeCache                       = true                                      {product} {ergonomic}
     bool UseCompressedClassPointers               = true                                 {lp64_product} {ergonomic}
     bool UseCompressedOops                        = true                                 {lp64_product} {ergonomic}
     bool UseG1GC                                  = true                                      {product} {ergonomic}
     bool UseLargePagesIndividualAllocation        = false                                  {pd product} {ergonomic}

Logging:
Log output configuration:
 #0: stdout all=warning uptime,level,tags
 #1: stderr all=off uptime,level,tags

Environment Variables:
JAVA_HOME=C:\Program Files\AdoptOpenJDK\jdk-11.0.10.9-hotspot\
PATH=C:\Program Files\AdoptOpenJDK\jdk-11.0.10.9-hotspot\bin;C:\WINDOWS\system32;C:\WINDOWS;C:\WINDOWS\System32\Wbem;C:\WINDOWS\System32\WindowsPowerShell\v1.0\;C:\WINDOWS\System32\OpenSSH\;C:\Program Files\Git\cmd;C:\Program Files (x86)\Gpg4win\..\GnuPG\bin;C:\Users\Jire\Documents\SysinternalsSuite;C:\Program Files\PuTTY\;C:\Program Files\dotnet\;C:\Users\Jire\AppData\Local\Microsoft\WindowsApps;C:\Program Files\JetBrains\IntelliJ IDEA 2021.2\bin;C:\Users\Jire\AppData\Local\Programs\Microsoft VS Code\bin;C:\Program Files\JetBrains\PhpStorm 2021.1\bin;C:\Users\Jire\.dotnet\tools
USERNAME=Jire
OS=Windows_NT
PROCESSOR_IDENTIFIER=Intel64 Family 6 Model 94 Stepping 3, GenuineIntel



---------------  S Y S T E M  ---------------

OS: Windows 10 , 64 bit Build 19041 (10.0.19041.1151)
OS uptime: 0 days 4:37 hours

CPU:total 8 (initial active 8) (4 cores per cpu, 2 threads per core) family 6 model 94 stepping 3 microcode 0xd6, cmov, cx8, fxsr, mmx, sse, sse2, sse3, ssse3, sse4.1, sse4.2, popcnt, avx, avx2, aes, clmul, erms, rtm, 3dnowpref, lzcnt, ht, tsc, tscinvbit, bmi1, bmi2, adx, fma

Memory: 4k page, system-wide physical 32707M (17294M free)
TotalPageFile size 37571M (AvailPageFile size 19483M)
current process WorkingSet (physical memory assigned to process): 982M, peak: 982M
current process commit charge ("private bytes"): 1538M, peak: 1538M

vm_info: OpenJDK 64-Bit Server VM (11.0.10+9) for windows-amd64 JRE (11.0.10+9), built on Jan 20 2021 06:07:07 by "" with MS VC++ 15.9 (VS2017)

END.
