#
# A fatal error has been detected by the Java Runtime Environment:
#
#  EXCEPTION_ACCESS_VIOLATION (0xc0000005) at pc=0x000001e35e4e6c38, pid=13660, tid=15280
#
# JRE version: OpenJDK Runtime Environment AdoptOpenJDK (11.0.10+9) (build 11.0.10+9)
# Java VM: OpenJDK 64-Bit Server VM AdoptOpenJDK (11.0.10+9, mixed mode, tiered, compressed oops, g1 gc, windows-amd64)
# Problematic frame:
# J 1229 c2 org.jire.leagueofjire.ObjectReader.read(Lorg/jire/kna/attach/AttachedProcess;J)V (396 bytes) @ 0x000001e35e4e6c38 [0x000001e35e4e6500+0x0000000000000738]
#
# No core dump will be written. Minidumps are not enabled by default on client versions of Windows
#
# If you would like to submit a bug report, please visit:
#   https://github.com/AdoptOpenJDK/openjdk-support/issues
#

---------------  S U M M A R Y ------------

Command Line: -javaagent:C:\Program Files\JetBrains\IntelliJ IDEA 2021.2\lib\idea_rt.jar=1101:C:\Program Files\JetBrains\IntelliJ IDEA 2021.2\bin -Dfile.encoding=UTF-8 org.jire.leagueofjire.LeagueOfJire

Host: Intel(R) Core(TM) i7-6700K CPU @ 4.00GHz, 8 cores, 31G,  Windows 10 , 64 bit Build 19041 (10.0.19041.1151)
Time: Sat Aug 21 04:41:17 2021 Eastern Daylight Time elapsed time: 3.754991 seconds (0d 0h 0m 3s)

---------------  T H R E A D  ---------------

Current thread (0x000001e34e2ad800):  JavaThread "main" [_thread_in_Java, id=15280, stack(0x0000006be6000000,0x0000006be6100000)]

Stack: [0x0000006be6000000,0x0000006be6100000],  sp=0x0000006be60ff550,  free space=1021k
Native frames: (J=compiled Java code, j=interpreted, Vv=VM code, C=native code)
C  0x000001e35e4e6c38


siginfo: EXCEPTION_ACCESS_VIOLATION (0xc0000005), reading address 0xffffffffffffffff


Register to memory mapping:

RIP=0x000001e35e4e6c38 is at entry_point+1848 in (nmethod*)0x000001e35e4e6210
RAX=0xffffffffffffffff is an unknown value
RBX=0x0000000000000026 is an unknown value
RCX=0x000001e37b777400 points into unknown readable memory: 0x000000061f5317e0 | e0 17 53 1f 06 00 00 00
RDX=0x000000000000012b is an unknown value
RSP=0x0000006be60ff550 is pointing into the stack for thread: 0x000001e34e2ad800
RBP=0x00000000000000da is an unknown value
RSI=0x0 is NULL
RDI=0x0000000000000030 is an unknown value
R8 =0x0000006be60ff3e8 is pointing into the stack for thread: 0x000001e34e2ad800
R9 =0x000000000000002d is an unknown value
R10=0x000001e34da81000 points into unknown readable memory: 0x0000000000000000 | 00 00 00 00 00 00 00 00
R11=0xffffffffffffffff is an unknown value
R12=0x0 is NULL
R13=0xffffffffffffffff is an unknown value
R14=0x0000006be60ff488 is pointing into the stack for thread: 0x000001e34e2ad800
R15=0x000001e34e2ad800 is a thread


Registers:
RAX=0xffffffffffffffff, RBX=0x0000000000000026, RCX=0x000001e37b777400, RDX=0x000000000000012b
RSP=0x0000006be60ff550, RBP=0x00000000000000da, RSI=0x0000000000000000, RDI=0x0000000000000030
R8 =0x0000006be60ff3e8, R9 =0x000000000000002d, R10=0x000001e34da81000, R11=0xffffffffffffffff
R12=0x0000000000000000, R13=0xffffffffffffffff, R14=0x0000006be60ff488, R15=0x000001e34e2ad800
RIP=0x000001e35e4e6c38, EFLAGS=0x0000000000010246

Top of Stack: (sp=0x0000006be60ff550)
0x0000006be60ff550:   0000006be60ff6e0 000001e35699a127
0x0000006be60ff560:   000001e37e3c72f8 000001e35e4b8aa7
0x0000006be60ff570:   000000061f4031e0 000000003ecccccd
0x0000006be60ff580:   000000000d694700 000001e34e2ad800
0x0000006be60ff590:   000000dc000000b0 00000006204d7bd0
0x0000006be60ff5a0:   00000006204d7a88 00000006204d7a38
0x0000006be60ff5b0:   ffffffffffffffff 00000000172c3c48
0x0000006be60ff5c0:   00000000ffffffd5 000001e3000000da
0x0000006be60ff5d0:   0000006be60ff670 000001e3570e7c34
0x0000006be60ff5e0:   000001e37b829a30 0000000000000000
0x0000006be60ff5f0:   0000006be60ff670 000001e35699a127
0x0000006be60ff600:   000001e35699a127 00000000006b0000
0x0000006be60ff610:   0000000000000000 000000061f4031e0
0x0000006be60ff620:   000000061f4031d0 0000006be60ff628
0x0000006be60ff630:   000001e37bbfc151 0000006be60ff6e0
0x0000006be60ff640:   000001e37bbfc3b8 0000000000000000 

Instructions: (pc=0x000001e35e4e6c38)
0x000001e35e4e6b38:   4d 0f af d0 41 8b 79 0c 4d 8b c2 49 c1 e8 20 4d
0x000001e35e4e6b48:   33 c2 4d 8b d0 49 c1 ea 10 4d 33 d0 45 8b d2 44
0x000001e35e4e6b58:   23 d7 41 8b 74 cc 0c 44 3b d6 0f 83 60 07 00 00
0x000001e35e4e6b68:   49 8b c3 4d 8d 0c cc 41 8b da ff c3 23 df 4f 8b
0x000001e35e4e6b78:   5c d1 10 4d 85 db 74 4c 49 3b c3 0f 84 8e fe ff
0x000001e35e4e6b88:   ff 3b de 0f 83 37 0a 00 00 49 8b 54 d9 10 48 85
0x000001e35e4e6b98:   d2 74 31 44 8b c3 66 90 4d 8b 9f 08 01 00 00 41
0x000001e35e4e6ba8:   85 03 48 3b c2 0f 84 64 fe ff ff 41 ff c0 44 23
0x000001e35e4e6bb8:   c7 44 3b c6 0f 83 56 07 00 00 4b 8b 54 c1 10 48
0x000001e35e4e6bc8:   85 d2 75 d4 4f 8b 44 d1 10 44 8b 5c 24 44 41 ff
0x000001e35e4e6bd8:   c3 44 89 5c 24 44 4d 85 c0 0f 85 d1 01 00 00 41
0x000001e35e4e6be8:   8b da 3b de 0f 83 5e 08 00 00 49 89 44 d9 10 4c
0x000001e35e4e6bf8:   8b 44 24 50 41 8b 50 1c 45 8b 58 14 44 8b d2 41
0x000001e35e4e6c08:   ff c2 45 89 50 1c 41 3b d3 0f 8d 36 02 00 00 4c
0x000001e35e4e6c18:   89 44 24 50 48 8b 54 24 20 4c 8b c0 41 b9 30 00
0x000001e35e4e6c28:   00 00 90 e8 d0 5f ff ff 48 89 44 24 60 4c 8b d8
0x000001e35e4e6c38:   49 63 3b 4c 8b d8 4d 63 5b 04 4c 89 5c 24 68 4c
0x000001e35e4e6c48:   8b d0 49 63 6a 08 4c 8b 54 24 58 45 8b 4a 18 41
0x000001e35e4e6c58:   8b 5a 14 44 8b db 41 ff c3 45 89 5a 14 47 8b 54
0x000001e35e4e6c68:   cc 0c 41 3b da 0f 83 2d 08 00 00 4c 8b 54 24 58
0x000001e35e4e6c78:   45 8b 42 0c 45 3b d8 0f 84 fa 01 00 00 41 8b 4a
0x000001e35e4e6c88:   10 4f 8d 14 cc 49 89 7c da 10 44 3b d9 0f 84 15
0x000001e35e4e6c98:   02 00 00 41 8b db ff c3 4c 8b 54 24 58 41 89 5a
0x000001e35e4e6ca8:   14 47 8b 54 cc 0c 45 3b da 0f 83 25 08 00 00 4c
0x000001e35e4e6cb8:   8b 54 24 58 45 8b 42 0c 41 3b d8 0f 84 c6 01 00
0x000001e35e4e6cc8:   00 41 8b 4a 14 41 8b 7a 10 4f 8d 14 cc 48 8b 54
0x000001e35e4e6cd8:   24 68 4b 89 54 da 10 3b df 0f 84 19 02 00 00 44
0x000001e35e4e6ce8:   8b d9 41 ff c3 4c 8b 54 24 58 45 89 5a 14 47 8b
0x000001e35e4e6cf8:   44 cc 0c 41 3b c8 0f 83 14 08 00 00 4c 8b 54 24
0x000001e35e4e6d08:   58 45 8b 42 0c 45 3b d8 0f 84 8a 01 00 00 45 8b
0x000001e35e4e6d18:   52 10 49 c1 e1 03 49 89 6c c9 10 45 3b da 0f 84
0x000001e35e4e6d28:   28 02 00 00 4c 8b 54 24 60 4d 63 52 10 49 81 c2 


Stack slot to memory mapping:
stack at sp + 0 slots: 0x0000006be60ff6e0 is pointing into the stack for thread: 0x000001e34e2ad800
stack at sp + 1 slots: 0x000001e35699a127 is at code_begin+2343 in an Interpreter codelet
invoke return entry points  [0x000001e356999800, 0x000001e35699a200]  2560 bytes
stack at sp + 2 slots: 0x000001e37e3c72f8 is pointing into metadata
stack at sp + 3 slots: 0x000001e35e4b8aa7 is at entry_point+231 in (nmethod*)0x000001e35e4b8810
stack at sp + 4 slots: 0x000000061f4031e0 is an oop: org.jire.kna.attach.windows.WindowsAttachedProcess 
{0x000000061f4031e0} - klass: 'org/jire/kna/attach/windows/WindowsAttachedProcess'
stack at sp + 5 slots: 0x000000003ecccccd is an unknown value
stack at sp + 6 slots: 0x000000000d694700 is an unknown value
stack at sp + 7 slots: 0x000001e34e2ad800 is a thread



---------------  P R O C E S S  ---------------

Threads class SMR info:
_java_thread_list=0x000001e37c6fdc30, length=11, elements={
0x000001e34e2ad800, 0x000001e37c12d000, 0x000001e37c135800, 0x000001e37c187800,
0x000001e37c188800, 0x000001e37c18b000, 0x000001e37c196000, 0x000001e37c199000,
0x000001e37c1d0800, 0x000001e37c336800, 0x000001e37c6ae800
}

Java Threads: ( => current thread )
=>0x000001e34e2ad800 JavaThread "main" [_thread_in_Java, id=15280, stack(0x0000006be6000000,0x0000006be6100000)]
  0x000001e37c12d000 JavaThread "Reference Handler" daemon [_thread_blocked, id=13700, stack(0x0000006be6700000,0x0000006be6800000)]
  0x000001e37c135800 JavaThread "Finalizer" daemon [_thread_blocked, id=13464, stack(0x0000006be6800000,0x0000006be6900000)]
  0x000001e37c187800 JavaThread "Signal Dispatcher" daemon [_thread_blocked, id=9892, stack(0x0000006be6900000,0x0000006be6a00000)]
  0x000001e37c188800 JavaThread "Attach Listener" daemon [_thread_blocked, id=7860, stack(0x0000006be6a00000,0x0000006be6b00000)]
  0x000001e37c18b000 JavaThread "Service Thread" daemon [_thread_blocked, id=3520, stack(0x0000006be6b00000,0x0000006be6c00000)]
  0x000001e37c196000 JavaThread "C2 CompilerThread0" daemon [_thread_blocked, id=9348, stack(0x0000006be6c00000,0x0000006be6d00000)]
  0x000001e37c199000 JavaThread "C1 CompilerThread0" daemon [_thread_blocked, id=13664, stack(0x0000006be6d00000,0x0000006be6e00000)]
  0x000001e37c1d0800 JavaThread "Sweeper thread" daemon [_thread_blocked, id=16844, stack(0x0000006be6e00000,0x0000006be6f00000)]
  0x000001e37c336800 JavaThread "Common-Cleaner" daemon [_thread_blocked, id=2636, stack(0x0000006be6f00000,0x0000006be7000000)]
  0x000001e37c6ae800 JavaThread "Monitor Ctrl-Break" daemon [_thread_in_native, id=14792, stack(0x0000006be7100000,0x0000006be7200000)]

Other Threads:
  0x000001e37c109800 VMThread "VM Thread" [stack: 0x0000006be6600000,0x0000006be6700000] [id=14704]
  0x000001e37c6b3800 WatcherThread [stack: 0x0000006be7200000,0x0000006be7300000] [id=16032]
  0x000001e34e2c6000 GCTaskThread "GC Thread#0" [stack: 0x0000006be6100000,0x0000006be6200000] [id=7988]
  0x000001e37d1f1800 GCTaskThread "GC Thread#1" [stack: 0x0000006be7000000,0x0000006be7100000] [id=16576]
  0x000001e37d1f2000 GCTaskThread "GC Thread#2" [stack: 0x0000006be7300000,0x0000006be7400000] [id=17268]
  0x000001e37d2ed800 GCTaskThread "GC Thread#3" [stack: 0x0000006be7400000,0x0000006be7500000] [id=12356]
  0x000001e37d2ee000 GCTaskThread "GC Thread#4" [stack: 0x0000006be7500000,0x0000006be7600000] [id=14404]
  0x000001e37d35b800 GCTaskThread "GC Thread#5" [stack: 0x0000006be7600000,0x0000006be7700000] [id=14496]
  0x000001e37d35c000 GCTaskThread "GC Thread#6" [stack: 0x0000006be7700000,0x0000006be7800000] [id=12904]
  0x000001e37d230000 GCTaskThread "GC Thread#7" [stack: 0x0000006be7800000,0x0000006be7900000] [id=14124]
  0x000001e34e341800 ConcurrentGCThread "G1 Main Marker" [stack: 0x0000006be6200000,0x0000006be6300000] [id=3616]
  0x000001e34e344000 ConcurrentGCThread "G1 Conc#0" [stack: 0x0000006be6300000,0x0000006be6400000] [id=17232]
  0x000001e37b76f000 ConcurrentGCThread "G1 Refine#0" [stack: 0x0000006be6400000,0x0000006be6500000] [id=13808]
  0x000001e37b771000 ConcurrentGCThread "G1 Young RemSet Sampling" [stack: 0x0000006be6500000,0x0000006be6600000] [id=12332]

Threads with active compile tasks:

VM state:not at safepoint (normal execution)

VM Mutex/Monitor currently owned by a thread: None

Heap address: 0x0000000600e00000, size: 8178 MB, Compressed Oops mode: Zero based, Oop shift amount: 3
Narrow klass base: 0x0000000800000000, Narrow klass shift: 0
Compressed class space size: 1073741824 Address: 0x0000000800000000

Heap:
 garbage-first heap   total 524288K, used 12636K [0x0000000600e00000, 0x0000000800000000)
  region size 2048K, 7 young (14336K), 2 survivors (4096K)
 Metaspace       used 12842K, capacity 13021K, committed 13184K, reserved 1060864K
  class space    used 1300K, capacity 1364K, committed 1408K, reserved 1048576K
Heap Regions: E=young(eden), S=young(survivor), O=old, HS=humongous(starts), HC=humongous(continues), CS=collection set, F=free, A=archive, TAMS=top-at-mark-start (previous, next)
|   0|0x0000000600e00000, 0x0000000600e57000, 0x0000000601000000| 16%| O|  |TAMS 0x0000000600e00000, 0x0000000600e00000| Untracked 
|   1|0x0000000601000000, 0x0000000601000000, 0x0000000601200000|  0%| F|  |TAMS 0x0000000601000000, 0x0000000601000000| Untracked 
|   2|0x0000000601200000, 0x0000000601200000, 0x0000000601400000|  0%| F|  |TAMS 0x0000000601200000, 0x0000000601200000| Untracked 
|   3|0x0000000601400000, 0x0000000601400000, 0x0000000601600000|  0%| F|  |TAMS 0x0000000601400000, 0x0000000601400000| Untracked 
|   4|0x0000000601600000, 0x0000000601600000, 0x0000000601800000|  0%| F|  |TAMS 0x0000000601600000, 0x0000000601600000| Untracked 
|   5|0x0000000601800000, 0x0000000601800000, 0x0000000601a00000|  0%| F|  |TAMS 0x0000000601800000, 0x0000000601800000| Untracked 
|   6|0x0000000601a00000, 0x0000000601a00000, 0x0000000601c00000|  0%| F|  |TAMS 0x0000000601a00000, 0x0000000601a00000| Untracked 
|   7|0x0000000601c00000, 0x0000000601c00000, 0x0000000601e00000|  0%| F|  |TAMS 0x0000000601c00000, 0x0000000601c00000| Untracked 
|   8|0x0000000601e00000, 0x0000000601e00000, 0x0000000602000000|  0%| F|  |TAMS 0x0000000601e00000, 0x0000000601e00000| Untracked 
|   9|0x0000000602000000, 0x0000000602000000, 0x0000000602200000|  0%| F|  |TAMS 0x0000000602000000, 0x0000000602000000| Untracked 
|  10|0x0000000602200000, 0x0000000602200000, 0x0000000602400000|  0%| F|  |TAMS 0x0000000602200000, 0x0000000602200000| Untracked 
|  11|0x0000000602400000, 0x0000000602400000, 0x0000000602600000|  0%| F|  |TAMS 0x0000000602400000, 0x0000000602400000| Untracked 
|  12|0x0000000602600000, 0x0000000602600000, 0x0000000602800000|  0%| F|  |TAMS 0x0000000602600000, 0x0000000602600000| Untracked 
|  13|0x0000000602800000, 0x0000000602800000, 0x0000000602a00000|  0%| F|  |TAMS 0x0000000602800000, 0x0000000602800000| Untracked 
|  14|0x0000000602a00000, 0x0000000602a00000, 0x0000000602c00000|  0%| F|  |TAMS 0x0000000602a00000, 0x0000000602a00000| Untracked 
|  15|0x0000000602c00000, 0x0000000602c00000, 0x0000000602e00000|  0%| F|  |TAMS 0x0000000602c00000, 0x0000000602c00000| Untracked 
|  16|0x0000000602e00000, 0x0000000602e00000, 0x0000000603000000|  0%| F|  |TAMS 0x0000000602e00000, 0x0000000602e00000| Untracked 
|  17|0x0000000603000000, 0x0000000603000000, 0x0000000603200000|  0%| F|  |TAMS 0x0000000603000000, 0x0000000603000000| Untracked 
|  18|0x0000000603200000, 0x0000000603200000, 0x0000000603400000|  0%| F|  |TAMS 0x0000000603200000, 0x0000000603200000| Untracked 
|  19|0x0000000603400000, 0x0000000603400000, 0x0000000603600000|  0%| F|  |TAMS 0x0000000603400000, 0x0000000603400000| Untracked 
|  20|0x0000000603600000, 0x0000000603600000, 0x0000000603800000|  0%| F|  |TAMS 0x0000000603600000, 0x0000000603600000| Untracked 
|  21|0x0000000603800000, 0x0000000603800000, 0x0000000603a00000|  0%| F|  |TAMS 0x0000000603800000, 0x0000000603800000| Untracked 
|  22|0x0000000603a00000, 0x0000000603a00000, 0x0000000603c00000|  0%| F|  |TAMS 0x0000000603a00000, 0x0000000603a00000| Untracked 
|  23|0x0000000603c00000, 0x0000000603c00000, 0x0000000603e00000|  0%| F|  |TAMS 0x0000000603c00000, 0x0000000603c00000| Untracked 
|  24|0x0000000603e00000, 0x0000000603e00000, 0x0000000604000000|  0%| F|  |TAMS 0x0000000603e00000, 0x0000000603e00000| Untracked 
|  25|0x0000000604000000, 0x0000000604000000, 0x0000000604200000|  0%| F|  |TAMS 0x0000000604000000, 0x0000000604000000| Untracked 
|  26|0x0000000604200000, 0x0000000604200000, 0x0000000604400000|  0%| F|  |TAMS 0x0000000604200000, 0x0000000604200000| Untracked 
|  27|0x0000000604400000, 0x0000000604400000, 0x0000000604600000|  0%| F|  |TAMS 0x0000000604400000, 0x0000000604400000| Untracked 
|  28|0x0000000604600000, 0x0000000604600000, 0x0000000604800000|  0%| F|  |TAMS 0x0000000604600000, 0x0000000604600000| Untracked 
|  29|0x0000000604800000, 0x0000000604800000, 0x0000000604a00000|  0%| F|  |TAMS 0x0000000604800000, 0x0000000604800000| Untracked 
|  30|0x0000000604a00000, 0x0000000604a00000, 0x0000000604c00000|  0%| F|  |TAMS 0x0000000604a00000, 0x0000000604a00000| Untracked 
|  31|0x0000000604c00000, 0x0000000604c00000, 0x0000000604e00000|  0%| F|  |TAMS 0x0000000604c00000, 0x0000000604c00000| Untracked 
|  32|0x0000000604e00000, 0x0000000604e00000, 0x0000000605000000|  0%| F|  |TAMS 0x0000000604e00000, 0x0000000604e00000| Untracked 
|  33|0x0000000605000000, 0x0000000605000000, 0x0000000605200000|  0%| F|  |TAMS 0x0000000605000000, 0x0000000605000000| Untracked 
|  34|0x0000000605200000, 0x0000000605200000, 0x0000000605400000|  0%| F|  |TAMS 0x0000000605200000, 0x0000000605200000| Untracked 
|  35|0x0000000605400000, 0x0000000605400000, 0x0000000605600000|  0%| F|  |TAMS 0x0000000605400000, 0x0000000605400000| Untracked 
|  36|0x0000000605600000, 0x0000000605600000, 0x0000000605800000|  0%| F|  |TAMS 0x0000000605600000, 0x0000000605600000| Untracked 
|  37|0x0000000605800000, 0x0000000605800000, 0x0000000605a00000|  0%| F|  |TAMS 0x0000000605800000, 0x0000000605800000| Untracked 
|  38|0x0000000605a00000, 0x0000000605a00000, 0x0000000605c00000|  0%| F|  |TAMS 0x0000000605a00000, 0x0000000605a00000| Untracked 
|  39|0x0000000605c00000, 0x0000000605c00000, 0x0000000605e00000|  0%| F|  |TAMS 0x0000000605c00000, 0x0000000605c00000| Untracked 
|  40|0x0000000605e00000, 0x0000000605e00000, 0x0000000606000000|  0%| F|  |TAMS 0x0000000605e00000, 0x0000000605e00000| Untracked 
|  41|0x0000000606000000, 0x0000000606000000, 0x0000000606200000|  0%| F|  |TAMS 0x0000000606000000, 0x0000000606000000| Untracked 
|  42|0x0000000606200000, 0x0000000606200000, 0x0000000606400000|  0%| F|  |TAMS 0x0000000606200000, 0x0000000606200000| Untracked 
|  43|0x0000000606400000, 0x0000000606400000, 0x0000000606600000|  0%| F|  |TAMS 0x0000000606400000, 0x0000000606400000| Untracked 
|  44|0x0000000606600000, 0x0000000606600000, 0x0000000606800000|  0%| F|  |TAMS 0x0000000606600000, 0x0000000606600000| Untracked 
|  45|0x0000000606800000, 0x0000000606800000, 0x0000000606a00000|  0%| F|  |TAMS 0x0000000606800000, 0x0000000606800000| Untracked 
|  46|0x0000000606a00000, 0x0000000606a00000, 0x0000000606c00000|  0%| F|  |TAMS 0x0000000606a00000, 0x0000000606a00000| Untracked 
|  47|0x0000000606c00000, 0x0000000606c00000, 0x0000000606e00000|  0%| F|  |TAMS 0x0000000606c00000, 0x0000000606c00000| Untracked 
|  48|0x0000000606e00000, 0x0000000606e00000, 0x0000000607000000|  0%| F|  |TAMS 0x0000000606e00000, 0x0000000606e00000| Untracked 
|  49|0x0000000607000000, 0x0000000607000000, 0x0000000607200000|  0%| F|  |TAMS 0x0000000607000000, 0x0000000607000000| Untracked 
|  50|0x0000000607200000, 0x0000000607200000, 0x0000000607400000|  0%| F|  |TAMS 0x0000000607200000, 0x0000000607200000| Untracked 
|  51|0x0000000607400000, 0x0000000607400000, 0x0000000607600000|  0%| F|  |TAMS 0x0000000607400000, 0x0000000607400000| Untracked 
|  52|0x0000000607600000, 0x0000000607600000, 0x0000000607800000|  0%| F|  |TAMS 0x0000000607600000, 0x0000000607600000| Untracked 
|  53|0x0000000607800000, 0x0000000607800000, 0x0000000607a00000|  0%| F|  |TAMS 0x0000000607800000, 0x0000000607800000| Untracked 
|  54|0x0000000607a00000, 0x0000000607a00000, 0x0000000607c00000|  0%| F|  |TAMS 0x0000000607a00000, 0x0000000607a00000| Untracked 
|  55|0x0000000607c00000, 0x0000000607c00000, 0x0000000607e00000|  0%| F|  |TAMS 0x0000000607c00000, 0x0000000607c00000| Untracked 
|  56|0x0000000607e00000, 0x0000000607e00000, 0x0000000608000000|  0%| F|  |TAMS 0x0000000607e00000, 0x0000000607e00000| Untracked 
|  57|0x0000000608000000, 0x0000000608000000, 0x0000000608200000|  0%| F|  |TAMS 0x0000000608000000, 0x0000000608000000| Untracked 
|  58|0x0000000608200000, 0x0000000608200000, 0x0000000608400000|  0%| F|  |TAMS 0x0000000608200000, 0x0000000608200000| Untracked 
|  59|0x0000000608400000, 0x0000000608400000, 0x0000000608600000|  0%| F|  |TAMS 0x0000000608400000, 0x0000000608400000| Untracked 
|  60|0x0000000608600000, 0x0000000608600000, 0x0000000608800000|  0%| F|  |TAMS 0x0000000608600000, 0x0000000608600000| Untracked 
|  61|0x0000000608800000, 0x0000000608800000, 0x0000000608a00000|  0%| F|  |TAMS 0x0000000608800000, 0x0000000608800000| Untracked 
|  62|0x0000000608a00000, 0x0000000608a00000, 0x0000000608c00000|  0%| F|  |TAMS 0x0000000608a00000, 0x0000000608a00000| Untracked 
|  63|0x0000000608c00000, 0x0000000608c00000, 0x0000000608e00000|  0%| F|  |TAMS 0x0000000608c00000, 0x0000000608c00000| Untracked 
|  64|0x0000000608e00000, 0x0000000608e00000, 0x0000000609000000|  0%| F|  |TAMS 0x0000000608e00000, 0x0000000608e00000| Untracked 
|  65|0x0000000609000000, 0x0000000609000000, 0x0000000609200000|  0%| F|  |TAMS 0x0000000609000000, 0x0000000609000000| Untracked 
|  66|0x0000000609200000, 0x0000000609200000, 0x0000000609400000|  0%| F|  |TAMS 0x0000000609200000, 0x0000000609200000| Untracked 
|  67|0x0000000609400000, 0x0000000609400000, 0x0000000609600000|  0%| F|  |TAMS 0x0000000609400000, 0x0000000609400000| Untracked 
|  68|0x0000000609600000, 0x0000000609600000, 0x0000000609800000|  0%| F|  |TAMS 0x0000000609600000, 0x0000000609600000| Untracked 
|  69|0x0000000609800000, 0x0000000609800000, 0x0000000609a00000|  0%| F|  |TAMS 0x0000000609800000, 0x0000000609800000| Untracked 
|  70|0x0000000609a00000, 0x0000000609a00000, 0x0000000609c00000|  0%| F|  |TAMS 0x0000000609a00000, 0x0000000609a00000| Untracked 
|  71|0x0000000609c00000, 0x0000000609c00000, 0x0000000609e00000|  0%| F|  |TAMS 0x0000000609c00000, 0x0000000609c00000| Untracked 
|  72|0x0000000609e00000, 0x0000000609e00000, 0x000000060a000000|  0%| F|  |TAMS 0x0000000609e00000, 0x0000000609e00000| Untracked 
|  73|0x000000060a000000, 0x000000060a000000, 0x000000060a200000|  0%| F|  |TAMS 0x000000060a000000, 0x000000060a000000| Untracked 
|  74|0x000000060a200000, 0x000000060a200000, 0x000000060a400000|  0%| F|  |TAMS 0x000000060a200000, 0x000000060a200000| Untracked 
|  75|0x000000060a400000, 0x000000060a400000, 0x000000060a600000|  0%| F|  |TAMS 0x000000060a400000, 0x000000060a400000| Untracked 
|  76|0x000000060a600000, 0x000000060a600000, 0x000000060a800000|  0%| F|  |TAMS 0x000000060a600000, 0x000000060a600000| Untracked 
|  77|0x000000060a800000, 0x000000060a800000, 0x000000060aa00000|  0%| F|  |TAMS 0x000000060a800000, 0x000000060a800000| Untracked 
|  78|0x000000060aa00000, 0x000000060aa00000, 0x000000060ac00000|  0%| F|  |TAMS 0x000000060aa00000, 0x000000060aa00000| Untracked 
|  79|0x000000060ac00000, 0x000000060ac00000, 0x000000060ae00000|  0%| F|  |TAMS 0x000000060ac00000, 0x000000060ac00000| Untracked 
|  80|0x000000060ae00000, 0x000000060ae00000, 0x000000060b000000|  0%| F|  |TAMS 0x000000060ae00000, 0x000000060ae00000| Untracked 
|  81|0x000000060b000000, 0x000000060b000000, 0x000000060b200000|  0%| F|  |TAMS 0x000000060b000000, 0x000000060b000000| Untracked 
|  82|0x000000060b200000, 0x000000060b200000, 0x000000060b400000|  0%| F|  |TAMS 0x000000060b200000, 0x000000060b200000| Untracked 
|  83|0x000000060b400000, 0x000000060b400000, 0x000000060b600000|  0%| F|  |TAMS 0x000000060b400000, 0x000000060b400000| Untracked 
|  84|0x000000060b600000, 0x000000060b600000, 0x000000060b800000|  0%| F|  |TAMS 0x000000060b600000, 0x000000060b600000| Untracked 
|  85|0x000000060b800000, 0x000000060b800000, 0x000000060ba00000|  0%| F|  |TAMS 0x000000060b800000, 0x000000060b800000| Untracked 
|  86|0x000000060ba00000, 0x000000060ba00000, 0x000000060bc00000|  0%| F|  |TAMS 0x000000060ba00000, 0x000000060ba00000| Untracked 
|  87|0x000000060bc00000, 0x000000060bc00000, 0x000000060be00000|  0%| F|  |TAMS 0x000000060bc00000, 0x000000060bc00000| Untracked 
|  88|0x000000060be00000, 0x000000060be00000, 0x000000060c000000|  0%| F|  |TAMS 0x000000060be00000, 0x000000060be00000| Untracked 
|  89|0x000000060c000000, 0x000000060c000000, 0x000000060c200000|  0%| F|  |TAMS 0x000000060c000000, 0x000000060c000000| Untracked 
|  90|0x000000060c200000, 0x000000060c200000, 0x000000060c400000|  0%| F|  |TAMS 0x000000060c200000, 0x000000060c200000| Untracked 
|  91|0x000000060c400000, 0x000000060c400000, 0x000000060c600000|  0%| F|  |TAMS 0x000000060c400000, 0x000000060c400000| Untracked 
|  92|0x000000060c600000, 0x000000060c600000, 0x000000060c800000|  0%| F|  |TAMS 0x000000060c600000, 0x000000060c600000| Untracked 
|  93|0x000000060c800000, 0x000000060c800000, 0x000000060ca00000|  0%| F|  |TAMS 0x000000060c800000, 0x000000060c800000| Untracked 
|  94|0x000000060ca00000, 0x000000060ca00000, 0x000000060cc00000|  0%| F|  |TAMS 0x000000060ca00000, 0x000000060ca00000| Untracked 
|  95|0x000000060cc00000, 0x000000060cc00000, 0x000000060ce00000|  0%| F|  |TAMS 0x000000060cc00000, 0x000000060cc00000| Untracked 
|  96|0x000000060ce00000, 0x000000060ce00000, 0x000000060d000000|  0%| F|  |TAMS 0x000000060ce00000, 0x000000060ce00000| Untracked 
|  97|0x000000060d000000, 0x000000060d000000, 0x000000060d200000|  0%| F|  |TAMS 0x000000060d000000, 0x000000060d000000| Untracked 
|  98|0x000000060d200000, 0x000000060d200000, 0x000000060d400000|  0%| F|  |TAMS 0x000000060d200000, 0x000000060d200000| Untracked 
|  99|0x000000060d400000, 0x000000060d400000, 0x000000060d600000|  0%| F|  |TAMS 0x000000060d400000, 0x000000060d400000| Untracked 
| 100|0x000000060d600000, 0x000000060d600000, 0x000000060d800000|  0%| F|  |TAMS 0x000000060d600000, 0x000000060d600000| Untracked 
| 101|0x000000060d800000, 0x000000060d800000, 0x000000060da00000|  0%| F|  |TAMS 0x000000060d800000, 0x000000060d800000| Untracked 
| 102|0x000000060da00000, 0x000000060da00000, 0x000000060dc00000|  0%| F|  |TAMS 0x000000060da00000, 0x000000060da00000| Untracked 
| 103|0x000000060dc00000, 0x000000060dc00000, 0x000000060de00000|  0%| F|  |TAMS 0x000000060dc00000, 0x000000060dc00000| Untracked 
| 104|0x000000060de00000, 0x000000060de00000, 0x000000060e000000|  0%| F|  |TAMS 0x000000060de00000, 0x000000060de00000| Untracked 
| 105|0x000000060e000000, 0x000000060e000000, 0x000000060e200000|  0%| F|  |TAMS 0x000000060e000000, 0x000000060e000000| Untracked 
| 106|0x000000060e200000, 0x000000060e200000, 0x000000060e400000|  0%| F|  |TAMS 0x000000060e200000, 0x000000060e200000| Untracked 
| 107|0x000000060e400000, 0x000000060e400000, 0x000000060e600000|  0%| F|  |TAMS 0x000000060e400000, 0x000000060e400000| Untracked 
| 108|0x000000060e600000, 0x000000060e600000, 0x000000060e800000|  0%| F|  |TAMS 0x000000060e600000, 0x000000060e600000| Untracked 
| 109|0x000000060e800000, 0x000000060e800000, 0x000000060ea00000|  0%| F|  |TAMS 0x000000060e800000, 0x000000060e800000| Untracked 
| 110|0x000000060ea00000, 0x000000060ea00000, 0x000000060ec00000|  0%| F|  |TAMS 0x000000060ea00000, 0x000000060ea00000| Untracked 
| 111|0x000000060ec00000, 0x000000060ec00000, 0x000000060ee00000|  0%| F|  |TAMS 0x000000060ec00000, 0x000000060ec00000| Untracked 
| 112|0x000000060ee00000, 0x000000060ee00000, 0x000000060f000000|  0%| F|  |TAMS 0x000000060ee00000, 0x000000060ee00000| Untracked 
| 113|0x000000060f000000, 0x000000060f000000, 0x000000060f200000|  0%| F|  |TAMS 0x000000060f000000, 0x000000060f000000| Untracked 
| 114|0x000000060f200000, 0x000000060f200000, 0x000000060f400000|  0%| F|  |TAMS 0x000000060f200000, 0x000000060f200000| Untracked 
| 115|0x000000060f400000, 0x000000060f400000, 0x000000060f600000|  0%| F|  |TAMS 0x000000060f400000, 0x000000060f400000| Untracked 
| 116|0x000000060f600000, 0x000000060f600000, 0x000000060f800000|  0%| F|  |TAMS 0x000000060f600000, 0x000000060f600000| Untracked 
| 117|0x000000060f800000, 0x000000060f800000, 0x000000060fa00000|  0%| F|  |TAMS 0x000000060f800000, 0x000000060f800000| Untracked 
| 118|0x000000060fa00000, 0x000000060fa00000, 0x000000060fc00000|  0%| F|  |TAMS 0x000000060fa00000, 0x000000060fa00000| Untracked 
| 119|0x000000060fc00000, 0x000000060fc00000, 0x000000060fe00000|  0%| F|  |TAMS 0x000000060fc00000, 0x000000060fc00000| Untracked 
| 120|0x000000060fe00000, 0x000000060fe00000, 0x0000000610000000|  0%| F|  |TAMS 0x000000060fe00000, 0x000000060fe00000| Untracked 
| 121|0x0000000610000000, 0x0000000610000000, 0x0000000610200000|  0%| F|  |TAMS 0x0000000610000000, 0x0000000610000000| Untracked 
| 122|0x0000000610200000, 0x0000000610200000, 0x0000000610400000|  0%| F|  |TAMS 0x0000000610200000, 0x0000000610200000| Untracked 
| 123|0x0000000610400000, 0x0000000610400000, 0x0000000610600000|  0%| F|  |TAMS 0x0000000610400000, 0x0000000610400000| Untracked 
| 124|0x0000000610600000, 0x0000000610600000, 0x0000000610800000|  0%| F|  |TAMS 0x0000000610600000, 0x0000000610600000| Untracked 
| 125|0x0000000610800000, 0x0000000610800000, 0x0000000610a00000|  0%| F|  |TAMS 0x0000000610800000, 0x0000000610800000| Untracked 
| 126|0x0000000610a00000, 0x0000000610a00000, 0x0000000610c00000|  0%| F|  |TAMS 0x0000000610a00000, 0x0000000610a00000| Untracked 
| 127|0x0000000610c00000, 0x0000000610c00000, 0x0000000610e00000|  0%| F|  |TAMS 0x0000000610c00000, 0x0000000610c00000| Untracked 
| 128|0x0000000610e00000, 0x0000000610e00000, 0x0000000611000000|  0%| F|  |TAMS 0x0000000610e00000, 0x0000000610e00000| Untracked 
| 129|0x0000000611000000, 0x0000000611000000, 0x0000000611200000|  0%| F|  |TAMS 0x0000000611000000, 0x0000000611000000| Untracked 
| 130|0x0000000611200000, 0x0000000611200000, 0x0000000611400000|  0%| F|  |TAMS 0x0000000611200000, 0x0000000611200000| Untracked 
| 131|0x0000000611400000, 0x0000000611400000, 0x0000000611600000|  0%| F|  |TAMS 0x0000000611400000, 0x0000000611400000| Untracked 
| 132|0x0000000611600000, 0x0000000611600000, 0x0000000611800000|  0%| F|  |TAMS 0x0000000611600000, 0x0000000611600000| Untracked 
| 133|0x0000000611800000, 0x0000000611800000, 0x0000000611a00000|  0%| F|  |TAMS 0x0000000611800000, 0x0000000611800000| Untracked 
| 134|0x0000000611a00000, 0x0000000611a00000, 0x0000000611c00000|  0%| F|  |TAMS 0x0000000611a00000, 0x0000000611a00000| Untracked 
| 135|0x0000000611c00000, 0x0000000611c00000, 0x0000000611e00000|  0%| F|  |TAMS 0x0000000611c00000, 0x0000000611c00000| Untracked 
| 136|0x0000000611e00000, 0x0000000611e00000, 0x0000000612000000|  0%| F|  |TAMS 0x0000000611e00000, 0x0000000611e00000| Untracked 
| 137|0x0000000612000000, 0x0000000612000000, 0x0000000612200000|  0%| F|  |TAMS 0x0000000612000000, 0x0000000612000000| Untracked 
| 138|0x0000000612200000, 0x0000000612200000, 0x0000000612400000|  0%| F|  |TAMS 0x0000000612200000, 0x0000000612200000| Untracked 
| 139|0x0000000612400000, 0x0000000612400000, 0x0000000612600000|  0%| F|  |TAMS 0x0000000612400000, 0x0000000612400000| Untracked 
| 140|0x0000000612600000, 0x0000000612600000, 0x0000000612800000|  0%| F|  |TAMS 0x0000000612600000, 0x0000000612600000| Untracked 
| 141|0x0000000612800000, 0x0000000612800000, 0x0000000612a00000|  0%| F|  |TAMS 0x0000000612800000, 0x0000000612800000| Untracked 
| 142|0x0000000612a00000, 0x0000000612a00000, 0x0000000612c00000|  0%| F|  |TAMS 0x0000000612a00000, 0x0000000612a00000| Untracked 
| 143|0x0000000612c00000, 0x0000000612c00000, 0x0000000612e00000|  0%| F|  |TAMS 0x0000000612c00000, 0x0000000612c00000| Untracked 
| 144|0x0000000612e00000, 0x0000000612e00000, 0x0000000613000000|  0%| F|  |TAMS 0x0000000612e00000, 0x0000000612e00000| Untracked 
| 145|0x0000000613000000, 0x0000000613000000, 0x0000000613200000|  0%| F|  |TAMS 0x0000000613000000, 0x0000000613000000| Untracked 
| 146|0x0000000613200000, 0x0000000613200000, 0x0000000613400000|  0%| F|  |TAMS 0x0000000613200000, 0x0000000613200000| Untracked 
| 147|0x0000000613400000, 0x0000000613400000, 0x0000000613600000|  0%| F|  |TAMS 0x0000000613400000, 0x0000000613400000| Untracked 
| 148|0x0000000613600000, 0x0000000613600000, 0x0000000613800000|  0%| F|  |TAMS 0x0000000613600000, 0x0000000613600000| Untracked 
| 149|0x0000000613800000, 0x0000000613800000, 0x0000000613a00000|  0%| F|  |TAMS 0x0000000613800000, 0x0000000613800000| Untracked 
| 150|0x0000000613a00000, 0x0000000613a00000, 0x0000000613c00000|  0%| F|  |TAMS 0x0000000613a00000, 0x0000000613a00000| Untracked 
| 151|0x0000000613c00000, 0x0000000613c00000, 0x0000000613e00000|  0%| F|  |TAMS 0x0000000613c00000, 0x0000000613c00000| Untracked 
| 152|0x0000000613e00000, 0x0000000613e00000, 0x0000000614000000|  0%| F|  |TAMS 0x0000000613e00000, 0x0000000613e00000| Untracked 
| 153|0x0000000614000000, 0x0000000614000000, 0x0000000614200000|  0%| F|  |TAMS 0x0000000614000000, 0x0000000614000000| Untracked 
| 154|0x0000000614200000, 0x0000000614200000, 0x0000000614400000|  0%| F|  |TAMS 0x0000000614200000, 0x0000000614200000| Untracked 
| 155|0x0000000614400000, 0x0000000614400000, 0x0000000614600000|  0%| F|  |TAMS 0x0000000614400000, 0x0000000614400000| Untracked 
| 156|0x0000000614600000, 0x0000000614600000, 0x0000000614800000|  0%| F|  |TAMS 0x0000000614600000, 0x0000000614600000| Untracked 
| 157|0x0000000614800000, 0x0000000614800000, 0x0000000614a00000|  0%| F|  |TAMS 0x0000000614800000, 0x0000000614800000| Untracked 
| 158|0x0000000614a00000, 0x0000000614a00000, 0x0000000614c00000|  0%| F|  |TAMS 0x0000000614a00000, 0x0000000614a00000| Untracked 
| 159|0x0000000614c00000, 0x0000000614c00000, 0x0000000614e00000|  0%| F|  |TAMS 0x0000000614c00000, 0x0000000614c00000| Untracked 
| 160|0x0000000614e00000, 0x0000000614e00000, 0x0000000615000000|  0%| F|  |TAMS 0x0000000614e00000, 0x0000000614e00000| Untracked 
| 161|0x0000000615000000, 0x0000000615000000, 0x0000000615200000|  0%| F|  |TAMS 0x0000000615000000, 0x0000000615000000| Untracked 
| 162|0x0000000615200000, 0x0000000615200000, 0x0000000615400000|  0%| F|  |TAMS 0x0000000615200000, 0x0000000615200000| Untracked 
| 163|0x0000000615400000, 0x0000000615400000, 0x0000000615600000|  0%| F|  |TAMS 0x0000000615400000, 0x0000000615400000| Untracked 
| 164|0x0000000615600000, 0x0000000615600000, 0x0000000615800000|  0%| F|  |TAMS 0x0000000615600000, 0x0000000615600000| Untracked 
| 165|0x0000000615800000, 0x0000000615800000, 0x0000000615a00000|  0%| F|  |TAMS 0x0000000615800000, 0x0000000615800000| Untracked 
| 166|0x0000000615a00000, 0x0000000615a00000, 0x0000000615c00000|  0%| F|  |TAMS 0x0000000615a00000, 0x0000000615a00000| Untracked 
| 167|0x0000000615c00000, 0x0000000615c00000, 0x0000000615e00000|  0%| F|  |TAMS 0x0000000615c00000, 0x0000000615c00000| Untracked 
| 168|0x0000000615e00000, 0x0000000615e00000, 0x0000000616000000|  0%| F|  |TAMS 0x0000000615e00000, 0x0000000615e00000| Untracked 
| 169|0x0000000616000000, 0x0000000616000000, 0x0000000616200000|  0%| F|  |TAMS 0x0000000616000000, 0x0000000616000000| Untracked 
| 170|0x0000000616200000, 0x0000000616200000, 0x0000000616400000|  0%| F|  |TAMS 0x0000000616200000, 0x0000000616200000| Untracked 
| 171|0x0000000616400000, 0x0000000616400000, 0x0000000616600000|  0%| F|  |TAMS 0x0000000616400000, 0x0000000616400000| Untracked 
| 172|0x0000000616600000, 0x0000000616600000, 0x0000000616800000|  0%| F|  |TAMS 0x0000000616600000, 0x0000000616600000| Untracked 
| 173|0x0000000616800000, 0x0000000616800000, 0x0000000616a00000|  0%| F|  |TAMS 0x0000000616800000, 0x0000000616800000| Untracked 
| 174|0x0000000616a00000, 0x0000000616a00000, 0x0000000616c00000|  0%| F|  |TAMS 0x0000000616a00000, 0x0000000616a00000| Untracked 
| 175|0x0000000616c00000, 0x0000000616c00000, 0x0000000616e00000|  0%| F|  |TAMS 0x0000000616c00000, 0x0000000616c00000| Untracked 
| 176|0x0000000616e00000, 0x0000000616e00000, 0x0000000617000000|  0%| F|  |TAMS 0x0000000616e00000, 0x0000000616e00000| Untracked 
| 177|0x0000000617000000, 0x0000000617000000, 0x0000000617200000|  0%| F|  |TAMS 0x0000000617000000, 0x0000000617000000| Untracked 
| 178|0x0000000617200000, 0x0000000617200000, 0x0000000617400000|  0%| F|  |TAMS 0x0000000617200000, 0x0000000617200000| Untracked 
| 179|0x0000000617400000, 0x0000000617400000, 0x0000000617600000|  0%| F|  |TAMS 0x0000000617400000, 0x0000000617400000| Untracked 
| 180|0x0000000617600000, 0x0000000617600000, 0x0000000617800000|  0%| F|  |TAMS 0x0000000617600000, 0x0000000617600000| Untracked 
| 181|0x0000000617800000, 0x0000000617800000, 0x0000000617a00000|  0%| F|  |TAMS 0x0000000617800000, 0x0000000617800000| Untracked 
| 182|0x0000000617a00000, 0x0000000617a00000, 0x0000000617c00000|  0%| F|  |TAMS 0x0000000617a00000, 0x0000000617a00000| Untracked 
| 183|0x0000000617c00000, 0x0000000617c00000, 0x0000000617e00000|  0%| F|  |TAMS 0x0000000617c00000, 0x0000000617c00000| Untracked 
| 184|0x0000000617e00000, 0x0000000617e00000, 0x0000000618000000|  0%| F|  |TAMS 0x0000000617e00000, 0x0000000617e00000| Untracked 
| 185|0x0000000618000000, 0x0000000618000000, 0x0000000618200000|  0%| F|  |TAMS 0x0000000618000000, 0x0000000618000000| Untracked 
| 186|0x0000000618200000, 0x0000000618200000, 0x0000000618400000|  0%| F|  |TAMS 0x0000000618200000, 0x0000000618200000| Untracked 
| 187|0x0000000618400000, 0x0000000618400000, 0x0000000618600000|  0%| F|  |TAMS 0x0000000618400000, 0x0000000618400000| Untracked 
| 188|0x0000000618600000, 0x0000000618600000, 0x0000000618800000|  0%| F|  |TAMS 0x0000000618600000, 0x0000000618600000| Untracked 
| 189|0x0000000618800000, 0x0000000618800000, 0x0000000618a00000|  0%| F|  |TAMS 0x0000000618800000, 0x0000000618800000| Untracked 
| 190|0x0000000618a00000, 0x0000000618a00000, 0x0000000618c00000|  0%| F|  |TAMS 0x0000000618a00000, 0x0000000618a00000| Untracked 
| 191|0x0000000618c00000, 0x0000000618c00000, 0x0000000618e00000|  0%| F|  |TAMS 0x0000000618c00000, 0x0000000618c00000| Untracked 
| 192|0x0000000618e00000, 0x0000000618e00000, 0x0000000619000000|  0%| F|  |TAMS 0x0000000618e00000, 0x0000000618e00000| Untracked 
| 193|0x0000000619000000, 0x0000000619000000, 0x0000000619200000|  0%| F|  |TAMS 0x0000000619000000, 0x0000000619000000| Untracked 
| 194|0x0000000619200000, 0x0000000619200000, 0x0000000619400000|  0%| F|  |TAMS 0x0000000619200000, 0x0000000619200000| Untracked 
| 195|0x0000000619400000, 0x0000000619400000, 0x0000000619600000|  0%| F|  |TAMS 0x0000000619400000, 0x0000000619400000| Untracked 
| 196|0x0000000619600000, 0x0000000619600000, 0x0000000619800000|  0%| F|  |TAMS 0x0000000619600000, 0x0000000619600000| Untracked 
| 197|0x0000000619800000, 0x0000000619800000, 0x0000000619a00000|  0%| F|  |TAMS 0x0000000619800000, 0x0000000619800000| Untracked 
| 198|0x0000000619a00000, 0x0000000619a00000, 0x0000000619c00000|  0%| F|  |TAMS 0x0000000619a00000, 0x0000000619a00000| Untracked 
| 199|0x0000000619c00000, 0x0000000619c00000, 0x0000000619e00000|  0%| F|  |TAMS 0x0000000619c00000, 0x0000000619c00000| Untracked 
| 200|0x0000000619e00000, 0x0000000619e00000, 0x000000061a000000|  0%| F|  |TAMS 0x0000000619e00000, 0x0000000619e00000| Untracked 
| 201|0x000000061a000000, 0x000000061a000000, 0x000000061a200000|  0%| F|  |TAMS 0x000000061a000000, 0x000000061a000000| Untracked 
| 202|0x000000061a200000, 0x000000061a200000, 0x000000061a400000|  0%| F|  |TAMS 0x000000061a200000, 0x000000061a200000| Untracked 
| 203|0x000000061a400000, 0x000000061a400000, 0x000000061a600000|  0%| F|  |TAMS 0x000000061a400000, 0x000000061a400000| Untracked 
| 204|0x000000061a600000, 0x000000061a600000, 0x000000061a800000|  0%| F|  |TAMS 0x000000061a600000, 0x000000061a600000| Untracked 
| 205|0x000000061a800000, 0x000000061a800000, 0x000000061aa00000|  0%| F|  |TAMS 0x000000061a800000, 0x000000061a800000| Untracked 
| 206|0x000000061aa00000, 0x000000061aa00000, 0x000000061ac00000|  0%| F|  |TAMS 0x000000061aa00000, 0x000000061aa00000| Untracked 
| 207|0x000000061ac00000, 0x000000061ac00000, 0x000000061ae00000|  0%| F|  |TAMS 0x000000061ac00000, 0x000000061ac00000| Untracked 
| 208|0x000000061ae00000, 0x000000061ae00000, 0x000000061b000000|  0%| F|  |TAMS 0x000000061ae00000, 0x000000061ae00000| Untracked 
| 209|0x000000061b000000, 0x000000061b000000, 0x000000061b200000|  0%| F|  |TAMS 0x000000061b000000, 0x000000061b000000| Untracked 
| 210|0x000000061b200000, 0x000000061b200000, 0x000000061b400000|  0%| F|  |TAMS 0x000000061b200000, 0x000000061b200000| Untracked 
| 211|0x000000061b400000, 0x000000061b400000, 0x000000061b600000|  0%| F|  |TAMS 0x000000061b400000, 0x000000061b400000| Untracked 
| 212|0x000000061b600000, 0x000000061b600000, 0x000000061b800000|  0%| F|  |TAMS 0x000000061b600000, 0x000000061b600000| Untracked 
| 213|0x000000061b800000, 0x000000061b800000, 0x000000061ba00000|  0%| F|  |TAMS 0x000000061b800000, 0x000000061b800000| Untracked 
| 214|0x000000061ba00000, 0x000000061ba00000, 0x000000061bc00000|  0%| F|  |TAMS 0x000000061ba00000, 0x000000061ba00000| Untracked 
| 215|0x000000061bc00000, 0x000000061bc00000, 0x000000061be00000|  0%| F|  |TAMS 0x000000061bc00000, 0x000000061bc00000| Untracked 
| 216|0x000000061be00000, 0x000000061be00000, 0x000000061c000000|  0%| F|  |TAMS 0x000000061be00000, 0x000000061be00000| Untracked 
| 217|0x000000061c000000, 0x000000061c000000, 0x000000061c200000|  0%| F|  |TAMS 0x000000061c000000, 0x000000061c000000| Untracked 
| 218|0x000000061c200000, 0x000000061c200000, 0x000000061c400000|  0%| F|  |TAMS 0x000000061c200000, 0x000000061c200000| Untracked 
| 219|0x000000061c400000, 0x000000061c400000, 0x000000061c600000|  0%| F|  |TAMS 0x000000061c400000, 0x000000061c400000| Untracked 
| 220|0x000000061c600000, 0x000000061c600000, 0x000000061c800000|  0%| F|  |TAMS 0x000000061c600000, 0x000000061c600000| Untracked 
| 221|0x000000061c800000, 0x000000061c800000, 0x000000061ca00000|  0%| F|  |TAMS 0x000000061c800000, 0x000000061c800000| Untracked 
| 222|0x000000061ca00000, 0x000000061ca00000, 0x000000061cc00000|  0%| F|  |TAMS 0x000000061ca00000, 0x000000061ca00000| Untracked 
| 223|0x000000061cc00000, 0x000000061cc00000, 0x000000061ce00000|  0%| F|  |TAMS 0x000000061cc00000, 0x000000061cc00000| Untracked 
| 224|0x000000061ce00000, 0x000000061ce00000, 0x000000061d000000|  0%| F|  |TAMS 0x000000061ce00000, 0x000000061ce00000| Untracked 
| 225|0x000000061d000000, 0x000000061d000000, 0x000000061d200000|  0%| F|  |TAMS 0x000000061d000000, 0x000000061d000000| Untracked 
| 226|0x000000061d200000, 0x000000061d200000, 0x000000061d400000|  0%| F|  |TAMS 0x000000061d200000, 0x000000061d200000| Untracked 
| 227|0x000000061d400000, 0x000000061d400000, 0x000000061d600000|  0%| F|  |TAMS 0x000000061d400000, 0x000000061d400000| Untracked 
| 228|0x000000061d600000, 0x000000061d600000, 0x000000061d800000|  0%| F|  |TAMS 0x000000061d600000, 0x000000061d600000| Untracked 
| 229|0x000000061d800000, 0x000000061d800000, 0x000000061da00000|  0%| F|  |TAMS 0x000000061d800000, 0x000000061d800000| Untracked 
| 230|0x000000061da00000, 0x000000061da00000, 0x000000061dc00000|  0%| F|  |TAMS 0x000000061da00000, 0x000000061da00000| Untracked 
| 231|0x000000061dc00000, 0x000000061dc00000, 0x000000061de00000|  0%| F|  |TAMS 0x000000061dc00000, 0x000000061dc00000| Untracked 
| 232|0x000000061de00000, 0x000000061de00000, 0x000000061e000000|  0%| F|  |TAMS 0x000000061de00000, 0x000000061de00000| Untracked 
| 233|0x000000061e000000, 0x000000061e000000, 0x000000061e200000|  0%| F|  |TAMS 0x000000061e000000, 0x000000061e000000| Untracked 
| 234|0x000000061e200000, 0x000000061e200000, 0x000000061e400000|  0%| F|  |TAMS 0x000000061e200000, 0x000000061e200000| Untracked 
| 235|0x000000061e400000, 0x000000061e400000, 0x000000061e600000|  0%| F|  |TAMS 0x000000061e400000, 0x000000061e400000| Untracked 
| 236|0x000000061e600000, 0x000000061e600000, 0x000000061e800000|  0%| F|  |TAMS 0x000000061e600000, 0x000000061e600000| Untracked 
| 237|0x000000061e800000, 0x000000061e800000, 0x000000061ea00000|  0%| F|  |TAMS 0x000000061e800000, 0x000000061e800000| Untracked 
| 238|0x000000061ea00000, 0x000000061ea00000, 0x000000061ec00000|  0%| F|  |TAMS 0x000000061ea00000, 0x000000061ea00000| Untracked 
| 239|0x000000061ec00000, 0x000000061ec00000, 0x000000061ee00000|  0%| F|  |TAMS 0x000000061ec00000, 0x000000061ec00000| Untracked 
| 240|0x000000061ee00000, 0x000000061ee00000, 0x000000061f000000|  0%| F|  |TAMS 0x000000061ee00000, 0x000000061ee00000| Untracked 
| 241|0x000000061f000000, 0x000000061f000000, 0x000000061f200000|  0%| F|  |TAMS 0x000000061f000000, 0x000000061f000000| Untracked 
| 242|0x000000061f200000, 0x000000061f400000, 0x000000061f400000|100%| S|CS|TAMS 0x000000061f200000, 0x000000061f200000| Complete 
| 243|0x000000061f400000, 0x000000061f600000, 0x000000061f600000|100%| S|CS|TAMS 0x000000061f400000, 0x000000061f400000| Complete 
| 244|0x000000061f600000, 0x000000061f600000, 0x000000061f800000|  0%| F|  |TAMS 0x000000061f600000, 0x000000061f600000| Untracked 
| 245|0x000000061f800000, 0x000000061f800000, 0x000000061fa00000|  0%| F|  |TAMS 0x000000061f800000, 0x000000061f800000| Untracked 
| 246|0x000000061fa00000, 0x000000061fa00000, 0x000000061fc00000|  0%| F|  |TAMS 0x000000061fa00000, 0x000000061fa00000| Untracked 
| 247|0x000000061fc00000, 0x000000061fc00000, 0x000000061fe00000|  0%| F|  |TAMS 0x000000061fc00000, 0x000000061fc00000| Untracked 
| 248|0x000000061fe00000, 0x000000061fe00000, 0x0000000620000000|  0%| F|  |TAMS 0x000000061fe00000, 0x000000061fe00000| Untracked 
| 249|0x0000000620000000, 0x0000000620000000, 0x0000000620200000|  0%| F|  |TAMS 0x0000000620000000, 0x0000000620000000| Untracked 
| 250|0x0000000620200000, 0x0000000620200000, 0x0000000620400000|  0%| F|  |TAMS 0x0000000620200000, 0x0000000620200000| Untracked 
| 251|0x0000000620400000, 0x0000000620500800, 0x0000000620600000| 50%| E|  |TAMS 0x0000000620400000, 0x0000000620400000| Complete 
| 252|0x0000000620600000, 0x0000000620800000, 0x0000000620800000|100%| E|CS|TAMS 0x0000000620600000, 0x0000000620600000| Complete 
| 253|0x0000000620800000, 0x0000000620a00000, 0x0000000620a00000|100%| E|CS|TAMS 0x0000000620800000, 0x0000000620800000| Complete 
| 254|0x0000000620a00000, 0x0000000620c00000, 0x0000000620c00000|100%| E|CS|TAMS 0x0000000620a00000, 0x0000000620a00000| Complete 
| 255|0x0000000620c00000, 0x0000000620e00000, 0x0000000620e00000|100%| E|CS|TAMS 0x0000000620c00000, 0x0000000620c00000| Complete 

Card table byte_map: [0x000001e366cc0000,0x000001e367cc0000] _byte_map_base: 0x000001e363cb9000

Marking Bits (Prev, Next): (CMBitMap*) 0x000001e34e330cd8, (CMBitMap*) 0x000001e34e330d10
 Prev Bits: [0x000001e368cc0000, 0x000001e370c88000)
 Next Bits: [0x000001e370c90000, 0x000001e378c58000)

Polling page: 0x000001e34da80000

Metaspace:

Usage:
  Non-class:     11.38 MB capacity,    11.27 MB (>99%) used,    96.16 KB ( <1%) free+waste,    18.25 KB ( <1%) overhead. 
      Class:      1.33 MB capacity,     1.27 MB ( 95%) used,    55.22 KB (  4%) free+waste,     8.44 KB ( <1%) overhead. 
       Both:     12.72 MB capacity,    12.54 MB ( 99%) used,   151.38 KB (  1%) free+waste,    26.69 KB ( <1%) overhead. 

Virtual space:
  Non-class space:       12.00 MB reserved,      11.50 MB ( 96%) committed 
      Class space:        1.00 GB reserved,       1.38 MB ( <1%) committed 
             Both:        1.01 GB reserved,      12.88 MB (  1%) committed 

Chunk freelists:
   Non-Class:  55.00 KB
       Class:  12.00 KB
        Both:  67.00 KB

MaxMetaspaceSize: 17179869184.00 GB
CompressedClassSpaceSize: 1.00 GB

CodeHeap 'non-profiled nmethods': size=120000Kb used=547Kb max_used=547Kb free=119452Kb
 bounds [0x000001e35e460000, 0x000001e35e6d0000, 0x000001e365990000]
CodeHeap 'profiled nmethods': size=120000Kb used=2246Kb max_used=2246Kb free=117753Kb
 bounds [0x000001e356f30000, 0x000001e3571a0000, 0x000001e35e460000]
CodeHeap 'non-nmethods': size=5760Kb used=1116Kb max_used=1145Kb free=4643Kb
 bounds [0x000001e356990000, 0x000001e356c00000, 0x000001e356f30000]
 total_blobs=1663 nmethods=1228 adapters=347
 compilation: enabled
              stopped_count=0, restarted_count=0
 full_count=0

Compilation events (20 events):
Event: 1.925 Thread 0x000001e37c199000 1220       3       org.jire.kna.cached.CachedReadableSource$DefaultImpls::readSource-PzQUb3Y (10 bytes)
Event: 1.925 Thread 0x000001e37c199000 nmethod 1220 0x000001e357160190 code [0x000001e3571603a0, 0x000001e3571609b8]
Event: 1.925 Thread 0x000001e37c199000 1221       3       org.jire.kna.ReadableSource$DefaultImpls::readPointer-PzQUb3Y (19 bytes)
Event: 1.925 Thread 0x000001e37c199000 nmethod 1221 0x000001e357160c10 code [0x000001e357160e00, 0x000001e357161298]
Event: 1.974 Thread 0x000001e37c196000 1222       4       it.unimi.dsi.fastutil.longs.Long2ObjectOpenHashMap::get (119 bytes)
Event: 1.976 Thread 0x000001e37c196000 nmethod 1222 0x000001e35e4dbd90 code [0x000001e35e4dbf40, 0x000001e35e4dc138]
Event: 2.043 Thread 0x000001e37c196000 1223       4       org.jire.kna.cached.page.JNAPage::read (46 bytes)
Event: 2.044 Thread 0x000001e37c196000 nmethod 1223 0x000001e35e4dc310 code [0x000001e35e4dc4c0, 0x000001e35e4dc628]
Event: 2.059 Thread 0x000001e37c196000 1224       4       org.jire.kna.attach.CachedAttachedProcess::readPointer-PzQUb3Y (7 bytes)
Event: 2.087 Thread 0x000001e37c196000 nmethod 1224 0x000001e35e4dc890 code [0x000001e35e4dcbe0, 0x000001e35e4de4e8]
Event: 2.087 Thread 0x000001e37c196000 1225       4       org.jire.kna.cached.page.PageCachedReadableSource$DefaultImpls::readCached-PzQUb3Y (210 bytes)
Event: 2.113 Thread 0x000001e37c196000 nmethod 1225 0x000001e35e4dfd10 code [0x000001e35e4e0080, 0x000001e35e4e1a48]
Event: 2.126 Thread 0x000001e37c196000 1226       4       it.unimi.dsi.fastutil.longs.LongOpenHashSet::rehash (136 bytes)
Event: 2.129 Thread 0x000001e37c196000 nmethod 1226 0x000001e35e4e3410 code [0x000001e35e4e3600, 0x000001e35e4e3aa8]
Event: 2.516 Thread 0x000001e37c199000 1227       3       it.unimi.dsi.fastutil.HashCommon::maxFill (16 bytes)
Event: 2.516 Thread 0x000001e37c199000 nmethod 1227 0x000001e357161490 code [0x000001e3571616a0, 0x000001e357161988]
Event: 2.533 Thread 0x000001e37c196000 1228 %     4       org.jire.leagueofjire.ObjectReader::read @ 118 (396 bytes)
Event: 2.549 Thread 0x000001e37c196000 nmethod 1228% 0x000001e35e4e3d90 code [0x000001e35e4e4000, 0x000001e35e4e51b0]
Event: 2.703 Thread 0x000001e37c196000 1229       4       org.jire.leagueofjire.ObjectReader::read (396 bytes)
Event: 2.731 Thread 0x000001e37c196000 nmethod 1229 0x000001e35e4e6210 code [0x000001e35e4e6500, 0x000001e35e4e79b8]

GC Heap History (2 events):
Event: 1.415 GC heap before
{Heap before GC invocations=0 (full 0):
 garbage-first heap   total 524288K, used 22528K [0x0000000600e00000, 0x0000000800000000)
  region size 2048K, 12 young (24576K), 0 survivors (0K)
 Metaspace       used 12837K, capacity 13021K, committed 13184K, reserved 1060864K
  class space    used 1300K, capacity 1364K, committed 1408K, reserved 1048576K
}
Event: 1.417 GC heap after
{Heap after GC invocations=1 (full 0):
 garbage-first heap   total 524288K, used 4444K [0x0000000600e00000, 0x0000000800000000)
  region size 2048K, 2 young (4096K), 2 survivors (4096K)
 Metaspace       used 12837K, capacity 13021K, committed 13184K, reserved 1060864K
  class space    used 1300K, capacity 1364K, committed 1408K, reserved 1048576K
}

Deoptimization events (20 events):
Event: 1.050 Thread 0x000001e37c188800 Uncommon trap: trap_request=0xffffffde fr.pc=0x000001e35e4cd260 relative=0x00000000000003e0
Event: 1.050 Thread 0x000001e37c188800 Uncommon trap: reason=class_check action=maybe_recompile pc=0x000001e35e4cd260 method=sun.nio.cs.StreamEncoder.writeBytes()V @ 120 c2
Event: 1.050 Thread 0x000001e37c188800 DEOPT PACKING pc=0x000001e35e4cd260 sp=0x0000006be6afef90
Event: 1.050 Thread 0x000001e37c188800 DEOPT UNPACKING pc=0x000001e3569b7b2f sp=0x0000006be6afef78 mode 2
Event: 1.051 Thread 0x000001e37c188800 Uncommon trap: trap_request=0xffffffde fr.pc=0x000001e35e4cd260 relative=0x00000000000003e0
Event: 1.051 Thread 0x000001e37c188800 Uncommon trap: reason=class_check action=maybe_recompile pc=0x000001e35e4cd260 method=sun.nio.cs.StreamEncoder.writeBytes()V @ 120 c2
Event: 1.051 Thread 0x000001e37c188800 DEOPT PACKING pc=0x000001e35e4cd260 sp=0x0000006be6afef90
Event: 1.051 Thread 0x000001e37c188800 DEOPT UNPACKING pc=0x000001e3569b7b2f sp=0x0000006be6afef78 mode 2
Event: 1.891 Thread 0x000001e34e2ad800 Uncommon trap: trap_request=0xffffff4d fr.pc=0x000001e35e4c2250 relative=0x0000000000000df0
Event: 1.891 Thread 0x000001e34e2ad800 Uncommon trap: reason=unstable_if action=reinterpret pc=0x000001e35e4c2250 method=org.jire.kna.cached.page.PageCachedReadableSource$DefaultImpls.readCached-PzQUb3Y(Lorg/jire/kna/cached/page/PageCachedReadableSource;JJ)J @ 19 c2
Event: 1.891 Thread 0x000001e34e2ad800 DEOPT PACKING pc=0x000001e35e4c2250 sp=0x0000006be60ff310
Event: 1.891 Thread 0x000001e34e2ad800 DEOPT UNPACKING pc=0x000001e3569b7b2f sp=0x0000006be60ff0b8 mode 2
Event: 1.908 Thread 0x000001e34e2ad800 Uncommon trap: trap_request=0xffffff4d fr.pc=0x000001e35e4c6bb8 relative=0x0000000000000e38
Event: 1.908 Thread 0x000001e34e2ad800 Uncommon trap: reason=unstable_if action=reinterpret pc=0x000001e35e4c6bb8 method=org.jire.kna.cached.page.PageCachedReadableSource$DefaultImpls.readCached-PzQUb3Y(Lorg/jire/kna/cached/page/PageCachedReadableSource;JJ)J @ 19 c2
Event: 1.908 Thread 0x000001e34e2ad800 DEOPT PACKING pc=0x000001e35e4c6bb8 sp=0x0000006be60ff1c0
Event: 1.908 Thread 0x000001e34e2ad800 DEOPT UNPACKING pc=0x000001e3569b7b2f sp=0x0000006be60ff178 mode 2
Event: 2.126 Thread 0x000001e34e2ad800 DEOPT PACKING pc=0x000001e35713330b sp=0x0000006be60ff350
Event: 2.126 Thread 0x000001e34e2ad800 DEOPT UNPACKING pc=0x000001e3569b794e sp=0x0000006be60fe858 mode 0
Event: 2.703 Thread 0x000001e34e2ad800 DEOPT PACKING pc=0x000001e35715489b sp=0x0000006be60ff470
Event: 2.703 Thread 0x000001e34e2ad800 DEOPT UNPACKING pc=0x000001e3569b794e sp=0x0000006be60fe990 mode 0

Classes redefined (0 events):
No events

Internal exceptions (13 events):
Event: 0.181 Thread 0x000001e34e2ad800 Exception <a 'java/lang/NoSuchMethodError'{0x000000062069b598}: 'java.lang.Object java.lang.invoke.DirectMethodHandle$Holder.invokeStaticInit(java.lang.Object, int, int, int, int)'> (0x000000062069b598) thrown at [./src/hotspot/share/interpreter/linkResolver.cpp, line 773]
Event: 0.239 Thread 0x000001e34e2ad800 Exception <a 'java/lang/NoSuchMethodError'{0x00000006206e0b80}: 'java.lang.Object java.lang.invoke.DirectMethodHandle$Holder.invokeStaticInit(java.lang.Object, java.lang.Object, int, int, int, int)'> (0x00000006206e0b80) thrown at [./src/hotspot/share/interpreter/linkResolver.cpp, line 773]
Event: 0.343 Thread 0x000001e34e2ad800 Exception <a 'java/lang/UnsatisfiedLinkError'{0x0000000620026e98}: The specified procedure could not be found.
> (0x0000000620026e98) thrown at [./src/hotspot/share/prims/jni.cpp, line 636]
Event: 0.345 Thread 0x000001e34e2ad800 Exception <a 'java/lang/UnsatisfiedLinkError'{0x0000000620034b70}: The specified procedure could not be found.
> (0x0000000620034b70) thrown at [./src/hotspot/share/prims/jni.cpp, line 636]
Event: 0.369 Thread 0x000001e34e2ad800 Exception <a 'java/lang/UnsatisfiedLinkError'{0x00000006200f2fe0}: The specified procedure could not be found.
> (0x00000006200f2fe0) thrown at [./src/hotspot/share/prims/jni.cpp, line 636]
Event: 0.370 Thread 0x000001e34e2ad800 Exception <a 'java/lang/UnsatisfiedLinkError'{0x00000006200f53c8}: The specified procedure could not be found.
> (0x00000006200f53c8) thrown at [./src/hotspot/share/prims/jni.cpp, line 636]
Event: 0.395 Thread 0x000001e34e2ad800 Exception <a 'java/lang/UnsatisfiedLinkError'{0x000000061fe74a98}: The specified procedure could not be found.
> (0x000000061fe74a98) thrown at [./src/hotspot/share/prims/jni.cpp, line 636]
Event: 0.408 Thread 0x000001e34e2ad800 Exception <a 'java/lang/UnsatisfiedLinkError'{0x000000061ff3e550}: The specified procedure could not be found.
> (0x000000061ff3e550) thrown at [./src/hotspot/share/prims/jni.cpp, line 636]
Event: 0.416 Thread 0x000001e34e2ad800 Exception <a 'java/lang/UnsatisfiedLinkError'{0x000000061ffdd690}: The specified procedure could not be found.
> (0x000000061ffdd690) thrown at [./src/hotspot/share/prims/jni.cpp, line 636]
Event: 0.437 Thread 0x000001e34e2ad800 Exception <a 'java/lang/NoSuchMethodError'{0x000000061fc7c700}: 'java.lang.Object java.lang.invoke.DirectMethodHandle$Holder.invokeStaticInit(java.lang.Object, java.lang.Object, java.lang.Object)'> (0x000000061fc7c700) thrown at [./src/hotspot/share/interpreter/linkResolver.cpp, line 773]
Event: 0.458 Thread 0x000001e34e2ad800 Exception <a 'java/lang/NoSuchMethodError'{0x000000061fd92080}: 'long java.lang.invoke.DirectMethodHandle$Holder.invokeSpecial(java.lang.Object, java.lang.Object)'> (0x000000061fd92080) thrown at [./src/hotspot/share/interpreter/linkResolver.cpp, line 773]
Event: 0.464 Thread 0x000001e34e2ad800 Exception <a 'java/lang/NoClassDefFoundError'{0x000000061fde9b48}: org/slf4j/impl/StaticLoggerBinder> (0x000000061fde9b48) thrown at [./src/hotspot/share/classfile/systemDictionary.cpp, line 220]
Event: 0.466 Thread 0x000001e34e2ad800 Exception <a 'java/lang/NoSuchMethodError'{0x000000061fa04ac8}: 'int java.lang.invoke.DirectMethodHandle$Holder.invokeStaticInit(java.lang.Object, long, long)'> (0x000000061fa04ac8) thrown at [./src/hotspot/share/interpreter/linkResolver.cpp, line 773]

Events (20 events):
Event: 1.048 loading class sun/util/resources/OpenListResourceBundle
Event: 1.048 loading class sun/util/resources/OpenListResourceBundle done
Event: 1.048 loading class sun/util/resources/TimeZoneNamesBundle done
Event: 1.048 loading class sun/util/resources/cldr/TimeZoneNames done
Event: 1.048 loading class java/util/ResourceBundle$ResourceBundleProviderHelper
Event: 1.048 loading class java/util/ResourceBundle$ResourceBundleProviderHelper done
Event: 1.049 loading class sun/util/resources/Bundles$BundleReference
Event: 1.049 loading class sun/util/resources/Bundles$CacheKeyReference
Event: 1.049 loading class sun/util/resources/Bundles$CacheKeyReference done
Event: 1.049 loading class sun/util/resources/Bundles$BundleReference done
Event: 1.049 loading class sun/util/resources/cldr/TimeZoneNames_en
Event: 1.049 loading class sun/util/resources/cldr/TimeZoneNames_en done
Event: 1.049 loading class sun/util/resources/cldr/TimeZoneNames_en_US
Event: 1.049 loading class sun/util/resources/cldr/TimeZoneNames_en_US done
Event: 1.050 loading class sun/util/locale/provider/LocaleResources$ResourceReference
Event: 1.050 loading class sun/util/locale/provider/LocaleResources$ResourceReference done
Event: 1.210 Thread 0x000001e37caa9800 Thread exited: 0x000001e37caa9800
Event: 1.311 Thread 0x000001e37c354000 Thread exited: 0x000001e37c354000
Event: 1.415 Executing VM operation: G1CollectForAllocation
Event: 1.417 Executing VM operation: G1CollectForAllocation done


Dynamic libraries:
0x00007ff6a2e30000 - 0x00007ff6a2e3d000 	C:\Program Files\AdoptOpenJDK\jdk-11.0.10.9-hotspot\bin\java.exe
0x00007fff269f0000 - 0x00007fff26be5000 	C:\WINDOWS\SYSTEM32\ntdll.dll
0x00007fff265a0000 - 0x00007fff2665d000 	C:\WINDOWS\System32\KERNEL32.DLL
0x00007fff244a0000 - 0x00007fff24769000 	C:\WINDOWS\System32\KERNELBASE.dll
0x00007fff21990000 - 0x00007fff21a20000 	C:\WINDOWS\SYSTEM32\apphelp.dll
0x00007fff241b0000 - 0x00007fff242b0000 	C:\WINDOWS\System32\ucrtbase.dll
0x00007fff14640000 - 0x00007fff14657000 	C:\Program Files\AdoptOpenJDK\jdk-11.0.10.9-hotspot\bin\jli.dll
0x00007fff13cb0000 - 0x00007fff13cc5000 	C:\Program Files\AdoptOpenJDK\jdk-11.0.10.9-hotspot\bin\VCRUNTIME140.dll
0x00007fff24cd0000 - 0x00007fff24e70000 	C:\WINDOWS\System32\USER32.dll
0x00007fff24470000 - 0x00007fff24492000 	C:\WINDOWS\System32\win32u.dll
0x00007fff25b60000 - 0x00007fff25b8a000 	C:\WINDOWS\System32\GDI32.dll
0x00007fff18bc0000 - 0x00007fff18e5a000 	C:\WINDOWS\WinSxS\amd64_microsoft.windows.common-controls_6595b64144ccf1df_6.0.19041.1110_none_60b5254171f9507e\COMCTL32.dll
0x00007fff24310000 - 0x00007fff2441b000 	C:\WINDOWS\System32\gdi32full.dll
0x00007fff24770000 - 0x00007fff2480d000 	C:\WINDOWS\System32\msvcp_win.dll
0x00007fff24e70000 - 0x00007fff24f0e000 	C:\WINDOWS\System32\msvcrt.dll
0x00007fff25c30000 - 0x00007fff25c60000 	C:\WINDOWS\System32\IMM32.DLL
0x00007fff06470000 - 0x00007fff0650b000 	C:\Program Files\AdoptOpenJDK\jdk-11.0.10.9-hotspot\bin\msvcp140.dll
0x00007ffed2060000 - 0x00007ffed2ba3000 	C:\Program Files\AdoptOpenJDK\jdk-11.0.10.9-hotspot\bin\server\jvm.dll
0x00007fff24c20000 - 0x00007fff24ccc000 	C:\WINDOWS\System32\ADVAPI32.dll
0x00007fff266c0000 - 0x00007fff2675b000 	C:\WINDOWS\System32\sechost.dll
0x00007fff25c60000 - 0x00007fff25d8a000 	C:\WINDOWS\System32\RPCRT4.dll
0x00007fff24a50000 - 0x00007fff24a58000 	C:\WINDOWS\System32\PSAPI.DLL
0x00007fff1a660000 - 0x00007fff1a687000 	C:\WINDOWS\SYSTEM32\WINMM.dll
0x00007fff1dc00000 - 0x00007fff1dc0a000 	C:\WINDOWS\SYSTEM32\VERSION.dll
0x00007fff1f010000 - 0x00007fff1f019000 	C:\WINDOWS\SYSTEM32\WSOCK32.dll
0x00007fff24bb0000 - 0x00007fff24c1b000 	C:\WINDOWS\System32\WS2_32.dll
0x00007fff22040000 - 0x00007fff22052000 	C:\WINDOWS\SYSTEM32\kernel.appcore.dll
0x00007fff20f90000 - 0x00007fff20fa0000 	C:\Program Files\AdoptOpenJDK\jdk-11.0.10.9-hotspot\bin\verify.dll
0x00007fff11310000 - 0x00007fff114f4000 	C:\WINDOWS\SYSTEM32\DBGHELP.DLL
0x00007fff112b0000 - 0x00007fff112dc000 	C:\WINDOWS\SYSTEM32\dbgcore.DLL
0x00007fff24120000 - 0x00007fff241a3000 	C:\WINDOWS\System32\bcryptPrimitives.dll
0x00007fff11180000 - 0x00007fff111a8000 	C:\Program Files\AdoptOpenJDK\jdk-11.0.10.9-hotspot\bin\java.dll
0x00007fff11170000 - 0x00007fff1117a000 	C:\Program Files\AdoptOpenJDK\jdk-11.0.10.9-hotspot\bin\jimage.dll
0x00007fff08480000 - 0x00007fff0848e000 	C:\Program Files\AdoptOpenJDK\jdk-11.0.10.9-hotspot\bin\instrument.dll
0x00007fff0ff90000 - 0x00007fff0ffa7000 	C:\Program Files\AdoptOpenJDK\jdk-11.0.10.9-hotspot\bin\zip.dll
0x00007fff25420000 - 0x00007fff25b5f000 	C:\WINDOWS\System32\SHELL32.dll
0x00007fff22240000 - 0x00007fff229d0000 	C:\WINDOWS\SYSTEM32\windows.storage.dll
0x00007fff24fe0000 - 0x00007fff25335000 	C:\WINDOWS\System32\combase.dll
0x00007fff23b80000 - 0x00007fff23bac000 	C:\WINDOWS\SYSTEM32\Wldp.dll
0x00007fff25e00000 - 0x00007fff25eae000 	C:\WINDOWS\System32\SHCORE.dll
0x00007fff26540000 - 0x00007fff26595000 	C:\WINDOWS\System32\shlwapi.dll
0x00007fff24060000 - 0x00007fff2407f000 	C:\WINDOWS\SYSTEM32\profapi.dll
0x00007fff0ff70000 - 0x00007fff0ff89000 	C:\Program Files\AdoptOpenJDK\jdk-11.0.10.9-hotspot\bin\net.dll
0x00007fff1e1a0000 - 0x00007fff1e2a8000 	C:\WINDOWS\SYSTEM32\WINHTTP.dll
0x00007fff238e0000 - 0x00007fff2394a000 	C:\WINDOWS\system32\mswsock.dll
0x00007fff0ff20000 - 0x00007fff0ff32000 	C:\Program Files\AdoptOpenJDK\jdk-11.0.10.9-hotspot\bin\nio.dll
0x00007fff03e10000 - 0x00007fff03e2a000 	C:\Program Files\JetBrains\IntelliJ IDEA 2021.2\bin\breakgen64.dll
0x00007fff23ad0000 - 0x00007fff23ae8000 	C:\WINDOWS\SYSTEM32\CRYPTSP.dll
0x00007fff231f0000 - 0x00007fff23224000 	C:\WINDOWS\system32\rsaenh.dll
0x00007fff24810000 - 0x00007fff24837000 	C:\WINDOWS\System32\bcrypt.dll
0x00007fff24020000 - 0x00007fff2404e000 	C:\WINDOWS\SYSTEM32\USERENV.dll
0x00007fff23af0000 - 0x00007fff23afc000 	C:\WINDOWS\SYSTEM32\CRYPTBASE.dll
0x00007fff23580000 - 0x00007fff235bb000 	C:\WINDOWS\SYSTEM32\IPHLPAPI.DLL
0x00007fff25d90000 - 0x00007fff25d98000 	C:\WINDOWS\System32\NSI.dll
0x00007fff1d690000 - 0x00007fff1d6a7000 	C:\WINDOWS\SYSTEM32\dhcpcsvc6.DLL
0x00007fff1da20000 - 0x00007fff1da3d000 	C:\WINDOWS\SYSTEM32\dhcpcsvc.DLL
0x00007fff235d0000 - 0x00007fff2369c000 	C:\WINDOWS\SYSTEM32\DNSAPI.dll
0x00007fff03dc0000 - 0x00007fff03e04000 	C:\Users\Jire\AppData\Local\Temp\jna-2309074\jna15937676605938739815.dll
0x00007fff063d0000 - 0x00007fff063e7000 	C:\WINDOWS\system32\napinsp.dll
0x00007fff07ea0000 - 0x00007fff07ebb000 	C:\WINDOWS\system32\pnrpnsp.dll
0x00007fff0ac20000 - 0x00007fff0ac35000 	C:\WINDOWS\system32\wshbth.dll
0x00007fff20b20000 - 0x00007fff20b3d000 	C:\WINDOWS\system32\NLAapi.dll
0x00007fff087a0000 - 0x00007fff087b2000 	C:\WINDOWS\System32\winrnr.dll
0x00007fff17f20000 - 0x00007fff17f2a000 	C:\Windows\System32\rasadhlp.dll
0x00007fff17fe0000 - 0x00007fff1805f000 	C:\WINDOWS\System32\fwpuclnt.dll
0x00007fff0ff10000 - 0x00007fff0ff19000 	C:\Program Files\AdoptOpenJDK\jdk-11.0.10.9-hotspot\bin\management.dll
0x00007fff0f4b0000 - 0x00007fff0f4bb000 	C:\Program Files\AdoptOpenJDK\jdk-11.0.10.9-hotspot\bin\management_ext.dll

dbghelp: loaded successfully - version: 4.0.5 - missing functions: none
symbol engine: initialized successfully - sym options: 0x614 - pdb path: .;C:\Program Files\AdoptOpenJDK\jdk-11.0.10.9-hotspot\bin;C:\WINDOWS\SYSTEM32;C:\WINDOWS\WinSxS\amd64_microsoft.windows.common-controls_6595b64144ccf1df_6.0.19041.1110_none_60b5254171f9507e;C:\Program Files\AdoptOpenJDK\jdk-11.0.10.9-hotspot\bin\server;C:\Program Files\JetBrains\IntelliJ IDEA 2021.2\bin;C:\Users\Jire\AppData\Local\Temp\jna-2309074

VM Arguments:
jvm_args: -javaagent:C:\Program Files\JetBrains\IntelliJ IDEA 2021.2\lib\idea_rt.jar=1101:C:\Program Files\JetBrains\IntelliJ IDEA 2021.2\bin -Dfile.encoding=UTF-8 
java_command: org.jire.leagueofjire.LeagueOfJire
java_class_path (initial): C:\Users\Jire\IdeaProjects\leagueofjire\build\classes\kotlin\main;C:\Users\Jire\IdeaProjects\leagueofjire\build\resources\main;C:\Users\Jire\.gradle\caches\modules-2\files-2.1\org.jire\kna\0.4.2\63abd356577fed4a15d66c9d0f1c48bfe3de9b01\kna-0.4.2.jar;C:\Users\Jire\.gradle\caches\modules-2\files-2.1\org.jetbrains.kotlin\kotlin-stdlib\1.5.10\da6a904b132f0402fa4d79169a3c1770598d4702\kotlin-stdlib-1.5.10.jar;C:\Users\Jire\.gradle\caches\modules-2\files-2.1\net.java.dev.jna\jna-platform\5.8.0\2f12f6d7f7652270d13624cef1b82d8cd9a5398e\jna-platform-5.8.0.jar;C:\Users\Jire\.gradle\caches\modules-2\files-2.1\net.java.dev.jna\jna\5.8.0\3551d8d827e54858214107541d3aff9c615cb615\jna-5.8.0.jar;C:\Users\Jire\.gradle\caches\modules-2\files-2.1\it.unimi.dsi\fastutil\8.5.4\799748e42a644db85394db066af658809f89c523\fastutil-8.5.4.jar;C:\Users\Jire\.gradle\caches\modules-2\files-2.1\org.jetbrains.kotlin\kotlin-stdlib-jdk8\1.4.21\3ad7f99fb330947a12451ea16767d192d763600a\kotlin-stdlib-jdk8-1.4.21.jar;C:\Users\Jire\.gradle\caches\modules-2\files-2.1\org.jetbrains.kotlin\kotlin-stdlib-common\1.5.10\6b84d926e28493be69daf673e40076f89492ef7\kotlin-stdlib-common-1.5.10.jar;C:\Users\Jire\.gradle\caches\modules-2\files-2.1\it.unimi.dsi\fastutil-extra\8.5.4\912b86862ad070dd3d21f51e05e361eba1f515da\fastutil-extra-8.5.4.jar;C:\Users\Jire\.gradle\caches\modules-2\files-2.1\org.jetbrains.kotlin\kotlin-stdlib-jdk7\1.4.21\26b6082f9296911bdcb8e72a7cc68692c7025a03\kotlin-stdlib-jdk7-1.4.21.jar;C:\Users\Jire\.gradle\caches\modules-2\files-2.1\it.unimi.dsi\fastutil-core\8.5.4\c693557ee87e311340eb0f8a811b8bca027af421\fastutil-core-8.5.4.jar;C:\Users\Jire\.gradle\caches\modules-2\files-2.1\net.openhft\chronicle-core\2.20.125\8b2d34ec1d9cc15ade6ada2a8e79c058d937177f\chronicle-core-2.20.125.jar;C:\Users\Jire\.gradle\caches\modules-2\files-2.1\org.openjdk.jmh\jmh-core\1.25\4f0e5e7c894cbc3e34da69db45ed41bc4d29d21e\jmh-core-1.25.jar;C:\Users\Jire\.gradle\caches\modules-2\files-2.1\org.je
Launcher Type: SUN_STANDARD

[Global flags]
     intx CICompilerCount                          = 4                                         {product} {ergonomic}
     uint ConcGCThreads                            = 2                                         {product} {ergonomic}
     uint G1ConcRefinementThreads                  = 8                                         {product} {ergonomic}
   size_t G1HeapRegionSize                         = 2097152                                   {product} {ergonomic}
    uintx GCDrainStackTargetSize                   = 64                                        {product} {ergonomic}
   size_t InitialHeapSize                          = 536870912                                 {product} {ergonomic}
   size_t MarkStackSize                            = 4194304                                   {product} {ergonomic}
   size_t MaxHeapSize                              = 8575254528                                {product} {ergonomic}
   size_t MaxNewSize                               = 5144313856                                {product} {ergonomic}
   size_t MinHeapDeltaBytes                        = 2097152                                   {product} {ergonomic}
    uintx NonNMethodCodeHeapSize                   = 5836300                                {pd product} {ergonomic}
    uintx NonProfiledCodeHeapSize                  = 122910970                              {pd product} {ergonomic}
    uintx ProfiledCodeHeapSize                     = 122910970                              {pd product} {ergonomic}
    uintx ReservedCodeCacheSize                    = 251658240                              {pd product} {ergonomic}
     bool SegmentedCodeCache                       = true                                      {product} {ergonomic}
     bool UseCompressedClassPointers               = true                                 {lp64_product} {ergonomic}
     bool UseCompressedOops                        = true                                 {lp64_product} {ergonomic}
     bool UseG1GC                                  = true                                      {product} {ergonomic}
     bool UseLargePagesIndividualAllocation        = false                                  {pd product} {ergonomic}

Logging:
Log output configuration:
 #0: stdout all=warning uptime,level,tags
 #1: stderr all=off uptime,level,tags

Environment Variables:
JAVA_HOME=C:\Program Files\AdoptOpenJDK\jdk-11.0.10.9-hotspot\
PATH=C:\Program Files\AdoptOpenJDK\jdk-11.0.10.9-hotspot\bin;C:\WINDOWS\system32;C:\WINDOWS;C:\WINDOWS\System32\Wbem;C:\WINDOWS\System32\WindowsPowerShell\v1.0\;C:\WINDOWS\System32\OpenSSH\;C:\Program Files\Git\cmd;C:\Program Files (x86)\Gpg4win\..\GnuPG\bin;C:\Users\Jire\Documents\SysinternalsSuite;C:\Program Files\PuTTY\;C:\Program Files\dotnet\;C:\Users\Jire\AppData\Local\Microsoft\WindowsApps;C:\Program Files\JetBrains\IntelliJ IDEA 2021.2\bin;C:\Users\Jire\AppData\Local\Programs\Microsoft VS Code\bin;C:\Program Files\JetBrains\PhpStorm 2021.1\bin;C:\Users\Jire\.dotnet\tools
USERNAME=Jire
OS=Windows_NT
PROCESSOR_IDENTIFIER=Intel64 Family 6 Model 94 Stepping 3, GenuineIntel



---------------  S Y S T E M  ---------------

OS: Windows 10 , 64 bit Build 19041 (10.0.19041.1151)
OS uptime: 0 days 4:36 hours

CPU:total 8 (initial active 8) (4 cores per cpu, 2 threads per core) family 6 model 94 stepping 3 microcode 0xd6, cmov, cx8, fxsr, mmx, sse, sse2, sse3, ssse3, sse4.1, sse4.2, popcnt, avx, avx2, aes, clmul, erms, rtm, 3dnowpref, lzcnt, ht, tsc, tscinvbit, bmi1, bmi2, adx, fma

Memory: 4k page, system-wide physical 32707M (17617M free)
TotalPageFile size 37571M (AvailPageFile size 19822M)
current process WorkingSet (physical memory assigned to process): 645M, peak: 645M
current process commit charge ("private bytes"): 1187M, peak: 1187M

vm_info: OpenJDK 64-Bit Server VM (11.0.10+9) for windows-amd64 JRE (11.0.10+9), built on Jan 20 2021 06:07:07 by "" with MS VC++ 15.9 (VS2017)

END.
